ANALYZING myCode.py
COMMAND: ** ['tstl_rt --timeout 120'] **
================================================================================
#1: [0.0s 0.0% DONE]
MUTANT: mutants/myCode.mutant.19.py
*** Original
--- Mutant
***************
*** 9,15 ****
          current_num = arr[i]
          current_frequency = 1
  
!         for j in range(i + 1, len(arr)):
              if arr[j] == current_num:
                  current_frequency += 1
  
--- 9,15 ----
          current_num = arr[i]
          current_frequency = 1
  
!         for j in range(i + -1, len(arr)):
              if arr[j] == current_num:
                  current_frequency += 1
  


RUNNING mutants/myCode.mutant.19.py...
Random testing using config=Config(seed=None, timeout=120, maxTests=-1, depth=100, output='failure.4242.test', multiple=False, running=False, quickTests=False, noCover=False, verbose=False, silentFail=False, silentSUT=False, normalize=False, generalize=False, swarm=False, generateLOC=None, biasLOC=None, exploit=None, reducePool=False, Pmutate=0.0, Pcrossover=0.2, profile=False, profileProbs=False, trackStates=False, stopSaturated=False, sessions=4, postCover=False, html=None, replayable=False, total=False, noCheck=False, uncaught=False, checkDeterminism=False, determinismTries=1, determinismDelay=0, checkProcessDeterminism=False, processDetTries=1, processDetDelay=0, quickPrefix='quick', readQuick=False, localize=False, localizeTop=20, full=False, logging=None, failedLogging=None, progress=False, timedProgress=30, ddmin=False, useDependencies=False, enumerateEnabled=False, noEnumerateEnabled=False, trackUsed=False, keepLast=False, noPruneGuards=False, swarmP=0.5, computeFeatureStats=False, saveSwarmCoverage=None, highLowSwarm=None, swarmProbs=None, swarmFromTest=None, swarmSwitch=None, swarmLength=None, probs=None, equalProbs=False, LOCBaseline=0.2, LOCProbs=False, markov=None, markovP=1.0, sequencesFromTests=None, sequenceP=1.0, sequenceSize=3, useQuickSequences=False, savePool=None, readPool=None, startExploit=0.0, startExploitStall=0, verboseExploit=False, exploitCeiling=0.5, useHints=False, noCoverageExploit=False, exploitBestHint=1, internal=False, fullCoverage=None, coverFile='coverage.out', noExceptionMatch=False, throughput=False, stopWhenBranches=None, stopWhenStatements=None, stopWhenNoCoverage=None, stopTestWhenNoCoverage=None, stopTestWhenThroughputBelow=None, stopWhenHitBranch=None, stopWhenHitStatement=None, trackMaxCoverage=None, maxMustHitBranch=None, maxMustHitStatement=None, verboseActions=False, hideOpaque=False, showActions=False, noAlphaConvert=False, compareFails=False, noSwarmDependencies=False, noSwarmForceParent=False, genDepth=None, stutter=None, greedyStutter=False, essentials=False, quickAnalysis=False, uniqueValuesAnalysis=False, fastQuickAnalysis=False, speed='FAST', noReassign=False, relax=False)

HAD TO TERMINATE ANALYSIS (TIMEOUT OR EXCEPTION)
mutants/myCode.mutant.19.py KILLED IN 30.08903956413269 (RETURN CODE None)
  RUNNING SCORE: 1.0
================================================================================
#2: [30.09s 1.89% DONE]
MUTANT: mutants/myCode.mutant.17.py
*** Original
--- Mutant
***************
*** 9,15 ****
          current_num = arr[i]
          current_frequency = 1
  
!         for j in range(i + 1, len(arr)):
              if arr[j] == current_num:
                  current_frequency += 1
  
--- 9,15 ----
          current_num = arr[i]
          current_frequency = 1
  
!         for j in range(i % 1, len(arr)):
              if arr[j] == current_num:
                  current_frequency += 1
  


RUNNING mutants/myCode.mutant.17.py...
Random testing using config=Config(seed=None, timeout=120, maxTests=-1, depth=100, output='failure.4364.test', multiple=False, running=False, quickTests=False, noCover=False, verbose=False, silentFail=False, silentSUT=False, normalize=False, generalize=False, swarm=False, generateLOC=None, biasLOC=None, exploit=None, reducePool=False, Pmutate=0.0, Pcrossover=0.2, profile=False, profileProbs=False, trackStates=False, stopSaturated=False, sessions=4, postCover=False, html=None, replayable=False, total=False, noCheck=False, uncaught=False, checkDeterminism=False, determinismTries=1, determinismDelay=0, checkProcessDeterminism=False, processDetTries=1, processDetDelay=0, quickPrefix='quick', readQuick=False, localize=False, localizeTop=20, full=False, logging=None, failedLogging=None, progress=False, timedProgress=30, ddmin=False, useDependencies=False, enumerateEnabled=False, noEnumerateEnabled=False, trackUsed=False, keepLast=False, noPruneGuards=False, swarmP=0.5, computeFeatureStats=False, saveSwarmCoverage=None, highLowSwarm=None, swarmProbs=None, swarmFromTest=None, swarmSwitch=None, swarmLength=None, probs=None, equalProbs=False, LOCBaseline=0.2, LOCProbs=False, markov=None, markovP=1.0, sequencesFromTests=None, sequenceP=1.0, sequenceSize=3, useQuickSequences=False, savePool=None, readPool=None, startExploit=0.0, startExploitStall=0, verboseExploit=False, exploitCeiling=0.5, useHints=False, noCoverageExploit=False, exploitBestHint=1, internal=False, fullCoverage=None, coverFile='coverage.out', noExceptionMatch=False, throughput=False, stopWhenBranches=None, stopWhenStatements=None, stopWhenNoCoverage=None, stopTestWhenNoCoverage=None, stopTestWhenThroughputBelow=None, stopWhenHitBranch=None, stopWhenHitStatement=None, trackMaxCoverage=None, maxMustHitBranch=None, maxMustHitStatement=None, verboseActions=False, hideOpaque=False, showActions=False, noAlphaConvert=False, compareFails=False, noSwarmDependencies=False, noSwarmForceParent=False, genDepth=None, stutter=None, greedyStutter=False, essentials=False, quickAnalysis=False, uniqueValuesAnalysis=False, fastQuickAnalysis=False, speed='FAST', noReassign=False, relax=False)

HAD TO TERMINATE ANALYSIS (TIMEOUT OR EXCEPTION)
mutants/myCode.mutant.17.py KILLED IN 30.08049702644348 (RETURN CODE None)
  RUNNING SCORE: 1.0
================================================================================
#3: [60.17s 3.77% DONE]
MUTANT: mutants/myCode.mutant.1.py
*** Original
--- Mutant
***************
*** 1,6 ****
  def find_most_common_number(arr):
      if not arr:
!         return None
  
      most_common_num = None
      max_frequency = 0
--- 1,6 ----
  def find_most_common_number(arr):
      if not arr:
!         pass
  
      most_common_num = None
      max_frequency = 0


RUNNING mutants/myCode.mutant.1.py...
Random testing using config=Config(seed=None, timeout=120, maxTests=-1, depth=100, output='failure.4486.test', multiple=False, running=False, quickTests=False, noCover=False, verbose=False, silentFail=False, silentSUT=False, normalize=False, generalize=False, swarm=False, generateLOC=None, biasLOC=None, exploit=None, reducePool=False, Pmutate=0.0, Pcrossover=0.2, profile=False, profileProbs=False, trackStates=False, stopSaturated=False, sessions=4, postCover=False, html=None, replayable=False, total=False, noCheck=False, uncaught=False, checkDeterminism=False, determinismTries=1, determinismDelay=0, checkProcessDeterminism=False, processDetTries=1, processDetDelay=0, quickPrefix='quick', readQuick=False, localize=False, localizeTop=20, full=False, logging=None, failedLogging=None, progress=False, timedProgress=30, ddmin=False, useDependencies=False, enumerateEnabled=False, noEnumerateEnabled=False, trackUsed=False, keepLast=False, noPruneGuards=False, swarmP=0.5, computeFeatureStats=False, saveSwarmCoverage=None, highLowSwarm=None, swarmProbs=None, swarmFromTest=None, swarmSwitch=None, swarmLength=None, probs=None, equalProbs=False, LOCBaseline=0.2, LOCProbs=False, markov=None, markovP=1.0, sequencesFromTests=None, sequenceP=1.0, sequenceSize=3, useQuickSequences=False, savePool=None, readPool=None, startExploit=0.0, startExploitStall=0, verboseExploit=False, exploitCeiling=0.5, useHints=False, noCoverageExploit=False, exploitBestHint=1, internal=False, fullCoverage=None, coverFile='coverage.out', noExceptionMatch=False, throughput=False, stopWhenBranches=None, stopWhenStatements=None, stopWhenNoCoverage=None, stopTestWhenNoCoverage=None, stopTestWhenThroughputBelow=None, stopWhenHitBranch=None, stopWhenHitStatement=None, trackMaxCoverage=None, maxMustHitBranch=None, maxMustHitStatement=None, verboseActions=False, hideOpaque=False, showActions=False, noAlphaConvert=False, compareFails=False, noSwarmDependencies=False, noSwarmForceParent=False, genDepth=None, stutter=None, greedyStutter=False, essentials=False, quickAnalysis=False, uniqueValuesAnalysis=False, fastQuickAnalysis=False, speed='FAST', noReassign=False, relax=False)

HAD TO TERMINATE ANALYSIS (TIMEOUT OR EXCEPTION)
mutants/myCode.mutant.1.py KILLED IN 30.092087030410767 (RETURN CODE None)
  RUNNING SCORE: 1.0
================================================================================
#4: [90.27s 5.66% DONE]
MUTANT: mutants/myCode.mutant.26.py
*** Original
--- Mutant
***************
*** 10,16 ****
          current_frequency = 1
  
          for j in range(i + 1, len(arr)):
!             if arr[j] == current_num:
                  current_frequency += 1
  
          if current_frequency > max_frequency:
--- 10,16 ----
          current_frequency = 1
  
          for j in range(i + 1, len(arr)):
!             if arr[j] < current_num:
                  current_frequency += 1
  
          if current_frequency > max_frequency:


RUNNING mutants/myCode.mutant.26.py...
Random testing using config=Config(seed=None, timeout=120, maxTests=-1, depth=100, output='failure.4604.test', multiple=False, running=False, quickTests=False, noCover=False, verbose=False, silentFail=False, silentSUT=False, normalize=False, generalize=False, swarm=False, generateLOC=None, biasLOC=None, exploit=None, reducePool=False, Pmutate=0.0, Pcrossover=0.2, profile=False, profileProbs=False, trackStates=False, stopSaturated=False, sessions=4, postCover=False, html=None, replayable=False, total=False, noCheck=False, uncaught=False, checkDeterminism=False, determinismTries=1, determinismDelay=0, checkProcessDeterminism=False, processDetTries=1, processDetDelay=0, quickPrefix='quick', readQuick=False, localize=False, localizeTop=20, full=False, logging=None, failedLogging=None, progress=False, timedProgress=30, ddmin=False, useDependencies=False, enumerateEnabled=False, noEnumerateEnabled=False, trackUsed=False, keepLast=False, noPruneGuards=False, swarmP=0.5, computeFeatureStats=False, saveSwarmCoverage=None, highLowSwarm=None, swarmProbs=None, swarmFromTest=None, swarmSwitch=None, swarmLength=None, probs=None, equalProbs=False, LOCBaseline=0.2, LOCProbs=False, markov=None, markovP=1.0, sequencesFromTests=None, sequenceP=1.0, sequenceSize=3, useQuickSequences=False, savePool=None, readPool=None, startExploit=0.0, startExploitStall=0, verboseExploit=False, exploitCeiling=0.5, useHints=False, noCoverageExploit=False, exploitBestHint=1, internal=False, fullCoverage=None, coverFile='coverage.out', noExceptionMatch=False, throughput=False, stopWhenBranches=None, stopWhenStatements=None, stopWhenNoCoverage=None, stopTestWhenNoCoverage=None, stopTestWhenThroughputBelow=None, stopWhenHitBranch=None, stopWhenHitStatement=None, trackMaxCoverage=None, maxMustHitBranch=None, maxMustHitStatement=None, verboseActions=False, hideOpaque=False, showActions=False, noAlphaConvert=False, compareFails=False, noSwarmDependencies=False, noSwarmForceParent=False, genDepth=None, stutter=None, greedyStutter=False, essentials=False, quickAnalysis=False, uniqueValuesAnalysis=False, fastQuickAnalysis=False, speed='FAST', noReassign=False, relax=False)
UNCAUGHT EXCEPTION
ERROR: (<class 'AssertionError'>, AssertionError(), <traceback object at 0x7fd184fd60c0>)
TRACEBACK:
  File "/content/sut.py", line 1314, in replay
    act()
  File "/content/sut.py", line 46, in act0
    check()
  File "/content/sut.py", line 25, in check
    assert find_most_common_number([1, 2, 3, 2, 4, 2, 5, 2, 6]) == 2
Original test has 1 steps
REDUCING...
check()                                                                  # STEP 0
Reduced test has 1 steps
REDUCED IN 0.0004405975341796875 SECONDS
Alpha converting test...
check()                                                                  # STEP 0

SAVING TEST AS failure.4604.test
FINAL VERSION OF TEST, WITH LOGGED REPLAY:
check()                                                                  # STEP 0
ACTION: check() 
RAISED EXCEPTION: <class 'AssertionError'> 
ERROR: (<class 'AssertionError'>, AssertionError(), <traceback object at 0x7fd1859f6e00>)
TRACEBACK:
  File "/content/sut.py", line 1247, in safely
    act[2]()
  File "/content/sut.py", line 46, in act0
    check()
  File "/content/sut.py", line 25, in check
    assert find_most_common_number([1, 2, 3, 2, 4, 2, 5, 2, 6]) == 2
STOPPING TESTING DUE TO FAILED TEST
88.0 PERCENT COVERED
0.01993083953857422 TOTAL RUNTIME
1 EXECUTED
1 TOTAL TEST OPERATIONS
0.0011713504791259766 TIME SPENT EXECUTING TEST OPERATIONS
9.775161743164062e-06 TIME SPENT EVALUATING GUARDS AND CHOOSING ACTIONS
0.0 TIME SPENT CHECKING PROPERTIES
0.0011713504791259766 TOTAL TIME SPENT RUNNING SUT
0.009195566177368164 TIME SPENT RESTARTING
0.0006895065307617188 TIME SPENT REDUCING TEST CASES
18 BRANCHES COVERED
13 STATEMENTS COVERED
mutants/myCode.mutant.26.py KILLED IN 0.15234971046447754 (RETURN CODE 255)
  RUNNING SCORE: 1.0
================================================================================
#5: [90.42s 7.55% DONE]
MUTANT: mutants/myCode.mutant.44.py
*** Original
--- Mutant
***************
*** 13,19 ****
              if arr[j] == current_num:
                  current_frequency += 1
  
!         if current_frequency > max_frequency:
              most_common_num = current_num
              max_frequency = current_frequency
  
--- 13,19 ----
              if arr[j] == current_num:
                  current_frequency += 1
  
!         if current_frequency > min_frequency:
              most_common_num = current_num
              max_frequency = current_frequency
  


RUNNING mutants/myCode.mutant.44.py...
Random testing using config=Config(seed=None, timeout=120, maxTests=-1, depth=100, output='failure.4610.test', multiple=False, running=False, quickTests=False, noCover=False, verbose=False, silentFail=False, silentSUT=False, normalize=False, generalize=False, swarm=False, generateLOC=None, biasLOC=None, exploit=None, reducePool=False, Pmutate=0.0, Pcrossover=0.2, profile=False, profileProbs=False, trackStates=False, stopSaturated=False, sessions=4, postCover=False, html=None, replayable=False, total=False, noCheck=False, uncaught=False, checkDeterminism=False, determinismTries=1, determinismDelay=0, checkProcessDeterminism=False, processDetTries=1, processDetDelay=0, quickPrefix='quick', readQuick=False, localize=False, localizeTop=20, full=False, logging=None, failedLogging=None, progress=False, timedProgress=30, ddmin=False, useDependencies=False, enumerateEnabled=False, noEnumerateEnabled=False, trackUsed=False, keepLast=False, noPruneGuards=False, swarmP=0.5, computeFeatureStats=False, saveSwarmCoverage=None, highLowSwarm=None, swarmProbs=None, swarmFromTest=None, swarmSwitch=None, swarmLength=None, probs=None, equalProbs=False, LOCBaseline=0.2, LOCProbs=False, markov=None, markovP=1.0, sequencesFromTests=None, sequenceP=1.0, sequenceSize=3, useQuickSequences=False, savePool=None, readPool=None, startExploit=0.0, startExploitStall=0, verboseExploit=False, exploitCeiling=0.5, useHints=False, noCoverageExploit=False, exploitBestHint=1, internal=False, fullCoverage=None, coverFile='coverage.out', noExceptionMatch=False, throughput=False, stopWhenBranches=None, stopWhenStatements=None, stopWhenNoCoverage=None, stopTestWhenNoCoverage=None, stopTestWhenThroughputBelow=None, stopWhenHitBranch=None, stopWhenHitStatement=None, trackMaxCoverage=None, maxMustHitBranch=None, maxMustHitStatement=None, verboseActions=False, hideOpaque=False, showActions=False, noAlphaConvert=False, compareFails=False, noSwarmDependencies=False, noSwarmForceParent=False, genDepth=None, stutter=None, greedyStutter=False, essentials=False, quickAnalysis=False, uniqueValuesAnalysis=False, fastQuickAnalysis=False, speed='FAST', noReassign=False, relax=False)
UNCAUGHT EXCEPTION
ERROR: (<class 'NameError'>, NameError("name 'min_frequency' is not defined"), <traceback object at 0x78166b11df40>)
TRACEBACK:
  File "/content/sut.py", line 1314, in replay
    act()
  File "/content/sut.py", line 46, in act0
    check()
  File "/content/sut.py", line 25, in check
    assert find_most_common_number([1, 2, 3, 2, 4, 2, 5, 2, 6]) == 2
  File "/content/myCode.py", line 16, in find_most_common_number
    if current_frequency > min_frequency:
Original test has 1 steps
REDUCING...
check()                                                                  # STEP 0
Reduced test has 1 steps
REDUCED IN 0.0004086494445800781 SECONDS
Alpha converting test...
check()                                                                  # STEP 0

SAVING TEST AS failure.4610.test
FINAL VERSION OF TEST, WITH LOGGED REPLAY:
check()                                                                  # STEP 0
ACTION: check() 
RAISED EXCEPTION: <class 'NameError'> name 'min_frequency' is not defined
ERROR: (<class 'NameError'>, NameError("name 'min_frequency' is not defined"), <traceback object at 0x78166b11ee80>)
TRACEBACK:
  File "/content/sut.py", line 1247, in safely
    act[2]()
  File "/content/sut.py", line 46, in act0
    check()
  File "/content/sut.py", line 25, in check
    assert find_most_common_number([1, 2, 3, 2, 4, 2, 5, 2, 6]) == 2
  File "/content/myCode.py", line 16, in find_most_common_number
    if current_frequency > min_frequency:
STOPPING TESTING DUE TO FAILED TEST
56.0 PERCENT COVERED
0.023748397827148438 TOTAL RUNTIME
1 EXECUTED
1 TOTAL TEST OPERATIONS
0.00048065185546875 TIME SPENT EXECUTING TEST OPERATIONS
8.821487426757812e-06 TIME SPENT EVALUATING GUARDS AND CHOOSING ACTIONS
0.0 TIME SPENT CHECKING PROPERTIES
0.00048065185546875 TOTAL TIME SPENT RUNNING SUT
0.007887840270996094 TIME SPENT RESTARTING
0.0005803108215332031 TIME SPENT REDUCING TEST CASES
11 BRANCHES COVERED
9 STATEMENTS COVERED
mutants/myCode.mutant.44.py KILLED IN 0.15221905708312988 (RETURN CODE 255)
  RUNNING SCORE: 1.0
================================================================================
#6: [90.58s 9.43% DONE]
MUTANT: mutants/myCode.mutant.29.py
*** Original
--- Mutant
***************
*** 11,17 ****
  
          for j in range(i + 1, len(arr)):
              if arr[j] == current_num:
!                 current_frequency += 1
  
          if current_frequency > max_frequency:
              most_common_num = current_num
--- 11,17 ----
  
          for j in range(i + 1, len(arr)):
              if arr[j] == current_num:
!                 current_frequency *= 1
  
          if current_frequency > max_frequency:
              most_common_num = current_num


RUNNING mutants/myCode.mutant.29.py...
Random testing using config=Config(seed=None, timeout=120, maxTests=-1, depth=100, output='failure.4612.test', multiple=False, running=False, quickTests=False, noCover=False, verbose=False, silentFail=False, silentSUT=False, normalize=False, generalize=False, swarm=False, generateLOC=None, biasLOC=None, exploit=None, reducePool=False, Pmutate=0.0, Pcrossover=0.2, profile=False, profileProbs=False, trackStates=False, stopSaturated=False, sessions=4, postCover=False, html=None, replayable=False, total=False, noCheck=False, uncaught=False, checkDeterminism=False, determinismTries=1, determinismDelay=0, checkProcessDeterminism=False, processDetTries=1, processDetDelay=0, quickPrefix='quick', readQuick=False, localize=False, localizeTop=20, full=False, logging=None, failedLogging=None, progress=False, timedProgress=30, ddmin=False, useDependencies=False, enumerateEnabled=False, noEnumerateEnabled=False, trackUsed=False, keepLast=False, noPruneGuards=False, swarmP=0.5, computeFeatureStats=False, saveSwarmCoverage=None, highLowSwarm=None, swarmProbs=None, swarmFromTest=None, swarmSwitch=None, swarmLength=None, probs=None, equalProbs=False, LOCBaseline=0.2, LOCProbs=False, markov=None, markovP=1.0, sequencesFromTests=None, sequenceP=1.0, sequenceSize=3, useQuickSequences=False, savePool=None, readPool=None, startExploit=0.0, startExploitStall=0, verboseExploit=False, exploitCeiling=0.5, useHints=False, noCoverageExploit=False, exploitBestHint=1, internal=False, fullCoverage=None, coverFile='coverage.out', noExceptionMatch=False, throughput=False, stopWhenBranches=None, stopWhenStatements=None, stopWhenNoCoverage=None, stopTestWhenNoCoverage=None, stopTestWhenThroughputBelow=None, stopWhenHitBranch=None, stopWhenHitStatement=None, trackMaxCoverage=None, maxMustHitBranch=None, maxMustHitStatement=None, verboseActions=False, hideOpaque=False, showActions=False, noAlphaConvert=False, compareFails=False, noSwarmDependencies=False, noSwarmForceParent=False, genDepth=None, stutter=None, greedyStutter=False, essentials=False, quickAnalysis=False, uniqueValuesAnalysis=False, fastQuickAnalysis=False, speed='FAST', noReassign=False, relax=False)
UNCAUGHT EXCEPTION
ERROR: (<class 'AssertionError'>, AssertionError(), <traceback object at 0x7eaf34522180>)
TRACEBACK:
  File "/content/sut.py", line 1314, in replay
    act()
  File "/content/sut.py", line 46, in act0
    check()
  File "/content/sut.py", line 25, in check
    assert find_most_common_number([1, 2, 3, 2, 4, 2, 5, 2, 6]) == 2
Original test has 1 steps
REDUCING...
check()                                                                  # STEP 0
Reduced test has 1 steps
REDUCED IN 0.0004267692565917969 SECONDS
Alpha converting test...
check()                                                                  # STEP 0

SAVING TEST AS failure.4612.test
FINAL VERSION OF TEST, WITH LOGGED REPLAY:
check()                                                                  # STEP 0
ACTION: check() 
RAISED EXCEPTION: <class 'AssertionError'> 
ERROR: (<class 'AssertionError'>, AssertionError(), <traceback object at 0x7eaf34522e40>)
TRACEBACK:
  File "/content/sut.py", line 1247, in safely
    act[2]()
  File "/content/sut.py", line 46, in act0
    check()
  File "/content/sut.py", line 25, in check
    assert find_most_common_number([1, 2, 3, 2, 4, 2, 5, 2, 6]) == 2
STOPPING TESTING DUE TO FAILED TEST
88.0 PERCENT COVERED
0.018071651458740234 TOTAL RUNTIME
1 EXECUTED
1 TOTAL TEST OPERATIONS
0.0005953311920166016 TIME SPENT EXECUTING TEST OPERATIONS
1.2636184692382812e-05 TIME SPENT EVALUATING GUARDS AND CHOOSING ACTIONS
0.0 TIME SPENT CHECKING PROPERTIES
0.0005953311920166016 TOTAL TIME SPENT RUNNING SUT
0.0077512264251708984 TIME SPENT RESTARTING
0.000591278076171875 TIME SPENT REDUCING TEST CASES
18 BRANCHES COVERED
13 STATEMENTS COVERED
mutants/myCode.mutant.29.py KILLED IN 0.1524214744567871 (RETURN CODE 255)
  RUNNING SCORE: 1.0
================================================================================
#7: [90.73s 11.32% DONE]
MUTANT: mutants/myCode.mutant.45.py
*** Original
--- Mutant
***************
*** 13,19 ****
              if arr[j] == current_num:
                  current_frequency += 1
  
!         if current_frequency > max_frequency:
              most_common_num = current_num
              max_frequency = current_frequency
  
--- 13,19 ----
              if arr[j] == current_num:
                  current_frequency += 1
  
!         if not (current_frequency > max_frequency):
              most_common_num = current_num
              max_frequency = current_frequency
  


RUNNING mutants/myCode.mutant.45.py...
Random testing using config=Config(seed=None, timeout=120, maxTests=-1, depth=100, output='failure.4614.test', multiple=False, running=False, quickTests=False, noCover=False, verbose=False, silentFail=False, silentSUT=False, normalize=False, generalize=False, swarm=False, generateLOC=None, biasLOC=None, exploit=None, reducePool=False, Pmutate=0.0, Pcrossover=0.2, profile=False, profileProbs=False, trackStates=False, stopSaturated=False, sessions=4, postCover=False, html=None, replayable=False, total=False, noCheck=False, uncaught=False, checkDeterminism=False, determinismTries=1, determinismDelay=0, checkProcessDeterminism=False, processDetTries=1, processDetDelay=0, quickPrefix='quick', readQuick=False, localize=False, localizeTop=20, full=False, logging=None, failedLogging=None, progress=False, timedProgress=30, ddmin=False, useDependencies=False, enumerateEnabled=False, noEnumerateEnabled=False, trackUsed=False, keepLast=False, noPruneGuards=False, swarmP=0.5, computeFeatureStats=False, saveSwarmCoverage=None, highLowSwarm=None, swarmProbs=None, swarmFromTest=None, swarmSwitch=None, swarmLength=None, probs=None, equalProbs=False, LOCBaseline=0.2, LOCProbs=False, markov=None, markovP=1.0, sequencesFromTests=None, sequenceP=1.0, sequenceSize=3, useQuickSequences=False, savePool=None, readPool=None, startExploit=0.0, startExploitStall=0, verboseExploit=False, exploitCeiling=0.5, useHints=False, noCoverageExploit=False, exploitBestHint=1, internal=False, fullCoverage=None, coverFile='coverage.out', noExceptionMatch=False, throughput=False, stopWhenBranches=None, stopWhenStatements=None, stopWhenNoCoverage=None, stopTestWhenNoCoverage=None, stopTestWhenThroughputBelow=None, stopWhenHitBranch=None, stopWhenHitStatement=None, trackMaxCoverage=None, maxMustHitBranch=None, maxMustHitStatement=None, verboseActions=False, hideOpaque=False, showActions=False, noAlphaConvert=False, compareFails=False, noSwarmDependencies=False, noSwarmForceParent=False, genDepth=None, stutter=None, greedyStutter=False, essentials=False, quickAnalysis=False, uniqueValuesAnalysis=False, fastQuickAnalysis=False, speed='FAST', noReassign=False, relax=False)
UNCAUGHT EXCEPTION
ERROR: (<class 'AssertionError'>, AssertionError(), <traceback object at 0x7ff177c0de80>)
TRACEBACK:
  File "/content/sut.py", line 1314, in replay
    act()
  File "/content/sut.py", line 46, in act0
    check()
  File "/content/sut.py", line 25, in check
    assert find_most_common_number([1, 2, 3, 2, 4, 2, 5, 2, 6]) == 2
Original test has 1 steps
REDUCING...
check()                                                                  # STEP 0
Reduced test has 1 steps
REDUCED IN 0.0004444122314453125 SECONDS
Alpha converting test...
check()                                                                  # STEP 0

SAVING TEST AS failure.4614.test
FINAL VERSION OF TEST, WITH LOGGED REPLAY:
check()                                                                  # STEP 0
ACTION: check() 
RAISED EXCEPTION: <class 'AssertionError'> 
ERROR: (<class 'AssertionError'>, AssertionError(), <traceback object at 0x7ff177c0eb00>)
TRACEBACK:
  File "/content/sut.py", line 1247, in safely
    act[2]()
  File "/content/sut.py", line 46, in act0
    check()
  File "/content/sut.py", line 25, in check
    assert find_most_common_number([1, 2, 3, 2, 4, 2, 5, 2, 6]) == 2
STOPPING TESTING DUE TO FAILED TEST
76.0 PERCENT COVERED
0.018429279327392578 TOTAL RUNTIME
1 EXECUTED
1 TOTAL TEST OPERATIONS
0.0005221366882324219 TIME SPENT EXECUTING TEST OPERATIONS
9.298324584960938e-06 TIME SPENT EVALUATING GUARDS AND CHOOSING ACTIONS
0.0 TIME SPENT CHECKING PROPERTIES
0.0005221366882324219 TOTAL TIME SPENT RUNNING SUT
0.008621931076049805 TIME SPENT RESTARTING
0.0006148815155029297 TIME SPENT REDUCING TEST CASES
15 BRANCHES COVERED
11 STATEMENTS COVERED
mutants/myCode.mutant.45.py KILLED IN 0.15269112586975098 (RETURN CODE 255)
  RUNNING SCORE: 1.0
================================================================================
#8: [90.89s 13.21% DONE]
MUTANT: mutants/myCode.mutant.38.py
*** Original
--- Mutant
***************
*** 11,17 ****
  
          for j in range(i + 1, len(arr)):
              if arr[j] == current_num:
!                 current_frequency += 1
  
          if current_frequency > max_frequency:
              most_common_num = current_num
--- 11,17 ----
  
          for j in range(i + 1, len(arr)):
              if arr[j] == current_num:
!                 pass
  
          if current_frequency > max_frequency:
              most_common_num = current_num


RUNNING mutants/myCode.mutant.38.py...
Random testing using config=Config(seed=None, timeout=120, maxTests=-1, depth=100, output='failure.4616.test', multiple=False, running=False, quickTests=False, noCover=False, verbose=False, silentFail=False, silentSUT=False, normalize=False, generalize=False, swarm=False, generateLOC=None, biasLOC=None, exploit=None, reducePool=False, Pmutate=0.0, Pcrossover=0.2, profile=False, profileProbs=False, trackStates=False, stopSaturated=False, sessions=4, postCover=False, html=None, replayable=False, total=False, noCheck=False, uncaught=False, checkDeterminism=False, determinismTries=1, determinismDelay=0, checkProcessDeterminism=False, processDetTries=1, processDetDelay=0, quickPrefix='quick', readQuick=False, localize=False, localizeTop=20, full=False, logging=None, failedLogging=None, progress=False, timedProgress=30, ddmin=False, useDependencies=False, enumerateEnabled=False, noEnumerateEnabled=False, trackUsed=False, keepLast=False, noPruneGuards=False, swarmP=0.5, computeFeatureStats=False, saveSwarmCoverage=None, highLowSwarm=None, swarmProbs=None, swarmFromTest=None, swarmSwitch=None, swarmLength=None, probs=None, equalProbs=False, LOCBaseline=0.2, LOCProbs=False, markov=None, markovP=1.0, sequencesFromTests=None, sequenceP=1.0, sequenceSize=3, useQuickSequences=False, savePool=None, readPool=None, startExploit=0.0, startExploitStall=0, verboseExploit=False, exploitCeiling=0.5, useHints=False, noCoverageExploit=False, exploitBestHint=1, internal=False, fullCoverage=None, coverFile='coverage.out', noExceptionMatch=False, throughput=False, stopWhenBranches=None, stopWhenStatements=None, stopWhenNoCoverage=None, stopTestWhenNoCoverage=None, stopTestWhenThroughputBelow=None, stopWhenHitBranch=None, stopWhenHitStatement=None, trackMaxCoverage=None, maxMustHitBranch=None, maxMustHitStatement=None, verboseActions=False, hideOpaque=False, showActions=False, noAlphaConvert=False, compareFails=False, noSwarmDependencies=False, noSwarmForceParent=False, genDepth=None, stutter=None, greedyStutter=False, essentials=False, quickAnalysis=False, uniqueValuesAnalysis=False, fastQuickAnalysis=False, speed='FAST', noReassign=False, relax=False)
UNCAUGHT EXCEPTION
ERROR: (<class 'AssertionError'>, AssertionError(), <traceback object at 0x7a6b61932000>)
TRACEBACK:
  File "/content/sut.py", line 1314, in replay
    act()
  File "/content/sut.py", line 46, in act0
    check()
  File "/content/sut.py", line 25, in check
    assert find_most_common_number([1, 2, 3, 2, 4, 2, 5, 2, 6]) == 2
Original test has 1 steps
REDUCING...
check()                                                                  # STEP 0
Reduced test has 1 steps
REDUCED IN 0.00048041343688964844 SECONDS
Alpha converting test...
check()                                                                  # STEP 0

SAVING TEST AS failure.4616.test
FINAL VERSION OF TEST, WITH LOGGED REPLAY:
check()                                                                  # STEP 0
ACTION: check() 
RAISED EXCEPTION: <class 'AssertionError'> 
ERROR: (<class 'AssertionError'>, AssertionError(), <traceback object at 0x7a6b61932cc0>)
TRACEBACK:
  File "/content/sut.py", line 1247, in safely
    act[2]()
  File "/content/sut.py", line 46, in act0
    check()
  File "/content/sut.py", line 25, in check
    assert find_most_common_number([1, 2, 3, 2, 4, 2, 5, 2, 6]) == 2
STOPPING TESTING DUE TO FAILED TEST
88.0 PERCENT COVERED
0.02213907241821289 TOTAL RUNTIME
1 EXECUTED
1 TOTAL TEST OPERATIONS
0.0005278587341308594 TIME SPENT EXECUTING TEST OPERATIONS
1.049041748046875e-05 TIME SPENT EVALUATING GUARDS AND CHOOSING ACTIONS
0.0 TIME SPENT CHECKING PROPERTIES
0.0005278587341308594 TOTAL TIME SPENT RUNNING SUT
0.012169599533081055 TIME SPENT RESTARTING
0.0006537437438964844 TIME SPENT REDUCING TEST CASES
18 BRANCHES COVERED
13 STATEMENTS COVERED
mutants/myCode.mutant.38.py KILLED IN 0.15219473838806152 (RETURN CODE 255)
  RUNNING SCORE: 1.0
================================================================================
#9: [91.04s 15.09% DONE]
MUTANT: mutants/myCode.mutant.18.py
*** Original
--- Mutant
***************
*** 9,15 ****
          current_num = arr[i]
          current_frequency = 1
  
!         for j in range(i + 1, len(arr)):
              if arr[j] == current_num:
                  current_frequency += 1
  
--- 9,15 ----
          current_num = arr[i]
          current_frequency = 1
  
!         for j in range(i + 0, len(arr)):
              if arr[j] == current_num:
                  current_frequency += 1
  


RUNNING mutants/myCode.mutant.18.py...
Random testing using config=Config(seed=None, timeout=120, maxTests=-1, depth=100, output='failure.4618.test', multiple=False, running=False, quickTests=False, noCover=False, verbose=False, silentFail=False, silentSUT=False, normalize=False, generalize=False, swarm=False, generateLOC=None, biasLOC=None, exploit=None, reducePool=False, Pmutate=0.0, Pcrossover=0.2, profile=False, profileProbs=False, trackStates=False, stopSaturated=False, sessions=4, postCover=False, html=None, replayable=False, total=False, noCheck=False, uncaught=False, checkDeterminism=False, determinismTries=1, determinismDelay=0, checkProcessDeterminism=False, processDetTries=1, processDetDelay=0, quickPrefix='quick', readQuick=False, localize=False, localizeTop=20, full=False, logging=None, failedLogging=None, progress=False, timedProgress=30, ddmin=False, useDependencies=False, enumerateEnabled=False, noEnumerateEnabled=False, trackUsed=False, keepLast=False, noPruneGuards=False, swarmP=0.5, computeFeatureStats=False, saveSwarmCoverage=None, highLowSwarm=None, swarmProbs=None, swarmFromTest=None, swarmSwitch=None, swarmLength=None, probs=None, equalProbs=False, LOCBaseline=0.2, LOCProbs=False, markov=None, markovP=1.0, sequencesFromTests=None, sequenceP=1.0, sequenceSize=3, useQuickSequences=False, savePool=None, readPool=None, startExploit=0.0, startExploitStall=0, verboseExploit=False, exploitCeiling=0.5, useHints=False, noCoverageExploit=False, exploitBestHint=1, internal=False, fullCoverage=None, coverFile='coverage.out', noExceptionMatch=False, throughput=False, stopWhenBranches=None, stopWhenStatements=None, stopWhenNoCoverage=None, stopTestWhenNoCoverage=None, stopTestWhenThroughputBelow=None, stopWhenHitBranch=None, stopWhenHitStatement=None, trackMaxCoverage=None, maxMustHitBranch=None, maxMustHitStatement=None, verboseActions=False, hideOpaque=False, showActions=False, noAlphaConvert=False, compareFails=False, noSwarmDependencies=False, noSwarmForceParent=False, genDepth=None, stutter=None, greedyStutter=False, essentials=False, quickAnalysis=False, uniqueValuesAnalysis=False, fastQuickAnalysis=False, speed='FAST', noReassign=False, relax=False)

HAD TO TERMINATE ANALYSIS (TIMEOUT OR EXCEPTION)
mutants/myCode.mutant.18.py KILLED IN 30.092363357543945 (RETURN CODE None)
  RUNNING SCORE: 1.0
================================================================================
#10: [121.13s 16.98% DONE]
MUTANT: mutants/myCode.mutant.47.py
*** Original
--- Mutant
***************
*** 15,20 ****
--- 15,21 ----
  
          if current_frequency > max_frequency:
              most_common_num = current_num
+             continue;
              max_frequency = current_frequency
  
      return most_common_num

RUNNING mutants/myCode.mutant.47.py...
Random testing using config=Config(seed=None, timeout=120, maxTests=-1, depth=100, output='failure.4740.test', multiple=False, running=False, quickTests=False, noCover=False, verbose=False, silentFail=False, silentSUT=False, normalize=False, generalize=False, swarm=False, generateLOC=None, biasLOC=None, exploit=None, reducePool=False, Pmutate=0.0, Pcrossover=0.2, profile=False, profileProbs=False, trackStates=False, stopSaturated=False, sessions=4, postCover=False, html=None, replayable=False, total=False, noCheck=False, uncaught=False, checkDeterminism=False, determinismTries=1, determinismDelay=0, checkProcessDeterminism=False, processDetTries=1, processDetDelay=0, quickPrefix='quick', readQuick=False, localize=False, localizeTop=20, full=False, logging=None, failedLogging=None, progress=False, timedProgress=30, ddmin=False, useDependencies=False, enumerateEnabled=False, noEnumerateEnabled=False, trackUsed=False, keepLast=False, noPruneGuards=False, swarmP=0.5, computeFeatureStats=False, saveSwarmCoverage=None, highLowSwarm=None, swarmProbs=None, swarmFromTest=None, swarmSwitch=None, swarmLength=None, probs=None, equalProbs=False, LOCBaseline=0.2, LOCProbs=False, markov=None, markovP=1.0, sequencesFromTests=None, sequenceP=1.0, sequenceSize=3, useQuickSequences=False, savePool=None, readPool=None, startExploit=0.0, startExploitStall=0, verboseExploit=False, exploitCeiling=0.5, useHints=False, noCoverageExploit=False, exploitBestHint=1, internal=False, fullCoverage=None, coverFile='coverage.out', noExceptionMatch=False, throughput=False, stopWhenBranches=None, stopWhenStatements=None, stopWhenNoCoverage=None, stopTestWhenNoCoverage=None, stopTestWhenThroughputBelow=None, stopWhenHitBranch=None, stopWhenHitStatement=None, trackMaxCoverage=None, maxMustHitBranch=None, maxMustHitStatement=None, verboseActions=False, hideOpaque=False, showActions=False, noAlphaConvert=False, compareFails=False, noSwarmDependencies=False, noSwarmForceParent=False, genDepth=None, stutter=None, greedyStutter=False, essentials=False, quickAnalysis=False, uniqueValuesAnalysis=False, fastQuickAnalysis=False, speed='FAST', noReassign=False, relax=False)
UNCAUGHT EXCEPTION
ERROR: (<class 'AssertionError'>, AssertionError(), <traceback object at 0x7a91def2df40>)
TRACEBACK:
  File "/content/sut.py", line 1314, in replay
    act()
  File "/content/sut.py", line 46, in act0
    check()
  File "/content/sut.py", line 25, in check
    assert find_most_common_number([1, 2, 3, 2, 4, 2, 5, 2, 6]) == 2
Original test has 1 steps
REDUCING...
check()                                                                  # STEP 0
Reduced test has 1 steps
REDUCED IN 0.0004451274871826172 SECONDS
Alpha converting test...
check()                                                                  # STEP 0

SAVING TEST AS failure.4740.test
FINAL VERSION OF TEST, WITH LOGGED REPLAY:
check()                                                                  # STEP 0
ACTION: check() 
RAISED EXCEPTION: <class 'AssertionError'> 
ERROR: (<class 'AssertionError'>, AssertionError(), <traceback object at 0x7a91def2ec00>)
TRACEBACK:
  File "/content/sut.py", line 1247, in safely
    act[2]()
  File "/content/sut.py", line 46, in act0
    check()
  File "/content/sut.py", line 25, in check
    assert find_most_common_number([1, 2, 3, 2, 4, 2, 5, 2, 6]) == 2
STOPPING TESTING DUE TO FAILED TEST
84.0 PERCENT COVERED
0.017313003540039062 TOTAL RUNTIME
1 EXECUTED
1 TOTAL TEST OPERATIONS
0.0005495548248291016 TIME SPENT EXECUTING TEST OPERATIONS
7.3909759521484375e-06 TIME SPENT EVALUATING GUARDS AND CHOOSING ACTIONS
0.0 TIME SPENT CHECKING PROPERTIES
0.0005495548248291016 TOTAL TIME SPENT RUNNING SUT
0.007586479187011719 TIME SPENT RESTARTING
0.0006139278411865234 TIME SPENT REDUCING TEST CASES
17 BRANCHES COVERED
13 STATEMENTS COVERED
mutants/myCode.mutant.47.py KILLED IN 0.15270256996154785 (RETURN CODE 255)
  RUNNING SCORE: 1.0
================================================================================
#11: [121.29s 18.87% DONE]
MUTANT: mutants/myCode.mutant.49.py
*** Original
--- Mutant
***************
*** 16,20 ****
--- 16,21 ----
          if current_frequency > max_frequency:
              most_common_num = current_num
              max_frequency = current_frequency
+             break;
  
      return most_common_num

RUNNING mutants/myCode.mutant.49.py...
Random testing using config=Config(seed=None, timeout=120, maxTests=-1, depth=100, output='failure.4742.test', multiple=False, running=False, quickTests=False, noCover=False, verbose=False, silentFail=False, silentSUT=False, normalize=False, generalize=False, swarm=False, generateLOC=None, biasLOC=None, exploit=None, reducePool=False, Pmutate=0.0, Pcrossover=0.2, profile=False, profileProbs=False, trackStates=False, stopSaturated=False, sessions=4, postCover=False, html=None, replayable=False, total=False, noCheck=False, uncaught=False, checkDeterminism=False, determinismTries=1, determinismDelay=0, checkProcessDeterminism=False, processDetTries=1, processDetDelay=0, quickPrefix='quick', readQuick=False, localize=False, localizeTop=20, full=False, logging=None, failedLogging=None, progress=False, timedProgress=30, ddmin=False, useDependencies=False, enumerateEnabled=False, noEnumerateEnabled=False, trackUsed=False, keepLast=False, noPruneGuards=False, swarmP=0.5, computeFeatureStats=False, saveSwarmCoverage=None, highLowSwarm=None, swarmProbs=None, swarmFromTest=None, swarmSwitch=None, swarmLength=None, probs=None, equalProbs=False, LOCBaseline=0.2, LOCProbs=False, markov=None, markovP=1.0, sequencesFromTests=None, sequenceP=1.0, sequenceSize=3, useQuickSequences=False, savePool=None, readPool=None, startExploit=0.0, startExploitStall=0, verboseExploit=False, exploitCeiling=0.5, useHints=False, noCoverageExploit=False, exploitBestHint=1, internal=False, fullCoverage=None, coverFile='coverage.out', noExceptionMatch=False, throughput=False, stopWhenBranches=None, stopWhenStatements=None, stopWhenNoCoverage=None, stopTestWhenNoCoverage=None, stopTestWhenThroughputBelow=None, stopWhenHitBranch=None, stopWhenHitStatement=None, trackMaxCoverage=None, maxMustHitBranch=None, maxMustHitStatement=None, verboseActions=False, hideOpaque=False, showActions=False, noAlphaConvert=False, compareFails=False, noSwarmDependencies=False, noSwarmForceParent=False, genDepth=None, stutter=None, greedyStutter=False, essentials=False, quickAnalysis=False, uniqueValuesAnalysis=False, fastQuickAnalysis=False, speed='FAST', noReassign=False, relax=False)
UNCAUGHT EXCEPTION
ERROR: (<class 'AssertionError'>, AssertionError(), <traceback object at 0x7f0209eede00>)
TRACEBACK:
  File "/content/sut.py", line 1314, in replay
    act()
  File "/content/sut.py", line 46, in act0
    check()
  File "/content/sut.py", line 25, in check
    assert find_most_common_number([1, 2, 3, 2, 4, 2, 5, 2, 6]) == 2
Original test has 1 steps
REDUCING...
check()                                                                  # STEP 0
Reduced test has 1 steps
REDUCED IN 0.0004191398620605469 SECONDS
Alpha converting test...
check()                                                                  # STEP 0

SAVING TEST AS failure.4742.test
FINAL VERSION OF TEST, WITH LOGGED REPLAY:
check()                                                                  # STEP 0
ACTION: check() 
RAISED EXCEPTION: <class 'AssertionError'> 
ERROR: (<class 'AssertionError'>, AssertionError(), <traceback object at 0x7f0209eeea80>)
TRACEBACK:
  File "/content/sut.py", line 1247, in safely
    act[2]()
  File "/content/sut.py", line 46, in act0
    check()
  File "/content/sut.py", line 25, in check
    assert find_most_common_number([1, 2, 3, 2, 4, 2, 5, 2, 6]) == 2
STOPPING TESTING DUE TO FAILED TEST
73.07692307692308 PERCENT COVERED
0.01755046844482422 TOTAL RUNTIME
1 EXECUTED
1 TOTAL TEST OPERATIONS
0.0004591941833496094 TIME SPENT EXECUTING TEST OPERATIONS
8.344650268554688e-06 TIME SPENT EVALUATING GUARDS AND CHOOSING ACTIONS
0.0 TIME SPENT CHECKING PROPERTIES
0.0004591941833496094 TOTAL TIME SPENT RUNNING SUT
0.0077211856842041016 TIME SPENT RESTARTING
0.00058746337890625 TIME SPENT REDUCING TEST CASES
15 BRANCHES COVERED
13 STATEMENTS COVERED
mutants/myCode.mutant.49.py KILLED IN 0.15219998359680176 (RETURN CODE 255)
  RUNNING SCORE: 1.0
================================================================================
#12: [121.44s 20.75% DONE]
MUTANT: mutants/myCode.mutant.34.py
*** Original
--- Mutant
***************
*** 11,17 ****
  
          for j in range(i + 1, len(arr)):
              if arr[j] == current_num:
!                 current_frequency += 1
  
          if current_frequency > max_frequency:
              most_common_num = current_num
--- 11,17 ----
  
          for j in range(i + 1, len(arr)):
              if arr[j] == current_num:
!                 current_frequency += -1
  
          if current_frequency > max_frequency:
              most_common_num = current_num


RUNNING mutants/myCode.mutant.34.py...
Random testing using config=Config(seed=None, timeout=120, maxTests=-1, depth=100, output='failure.4744.test', multiple=False, running=False, quickTests=False, noCover=False, verbose=False, silentFail=False, silentSUT=False, normalize=False, generalize=False, swarm=False, generateLOC=None, biasLOC=None, exploit=None, reducePool=False, Pmutate=0.0, Pcrossover=0.2, profile=False, profileProbs=False, trackStates=False, stopSaturated=False, sessions=4, postCover=False, html=None, replayable=False, total=False, noCheck=False, uncaught=False, checkDeterminism=False, determinismTries=1, determinismDelay=0, checkProcessDeterminism=False, processDetTries=1, processDetDelay=0, quickPrefix='quick', readQuick=False, localize=False, localizeTop=20, full=False, logging=None, failedLogging=None, progress=False, timedProgress=30, ddmin=False, useDependencies=False, enumerateEnabled=False, noEnumerateEnabled=False, trackUsed=False, keepLast=False, noPruneGuards=False, swarmP=0.5, computeFeatureStats=False, saveSwarmCoverage=None, highLowSwarm=None, swarmProbs=None, swarmFromTest=None, swarmSwitch=None, swarmLength=None, probs=None, equalProbs=False, LOCBaseline=0.2, LOCProbs=False, markov=None, markovP=1.0, sequencesFromTests=None, sequenceP=1.0, sequenceSize=3, useQuickSequences=False, savePool=None, readPool=None, startExploit=0.0, startExploitStall=0, verboseExploit=False, exploitCeiling=0.5, useHints=False, noCoverageExploit=False, exploitBestHint=1, internal=False, fullCoverage=None, coverFile='coverage.out', noExceptionMatch=False, throughput=False, stopWhenBranches=None, stopWhenStatements=None, stopWhenNoCoverage=None, stopTestWhenNoCoverage=None, stopTestWhenThroughputBelow=None, stopWhenHitBranch=None, stopWhenHitStatement=None, trackMaxCoverage=None, maxMustHitBranch=None, maxMustHitStatement=None, verboseActions=False, hideOpaque=False, showActions=False, noAlphaConvert=False, compareFails=False, noSwarmDependencies=False, noSwarmForceParent=False, genDepth=None, stutter=None, greedyStutter=False, essentials=False, quickAnalysis=False, uniqueValuesAnalysis=False, fastQuickAnalysis=False, speed='FAST', noReassign=False, relax=False)
UNCAUGHT EXCEPTION
ERROR: (<class 'AssertionError'>, AssertionError(), <traceback object at 0x799fb5b89f40>)
TRACEBACK:
  File "/content/sut.py", line 1314, in replay
    act()
  File "/content/sut.py", line 46, in act0
    check()
  File "/content/sut.py", line 25, in check
    assert find_most_common_number([1, 2, 3, 2, 4, 2, 5, 2, 6]) == 2
Original test has 1 steps
REDUCING...
check()                                                                  # STEP 0
Reduced test has 1 steps
REDUCED IN 0.0004227161407470703 SECONDS
Alpha converting test...
check()                                                                  # STEP 0

SAVING TEST AS failure.4744.test
FINAL VERSION OF TEST, WITH LOGGED REPLAY:
check()                                                                  # STEP 0
ACTION: check() 
RAISED EXCEPTION: <class 'AssertionError'> 
ERROR: (<class 'AssertionError'>, AssertionError(), <traceback object at 0x799fb5b8ac00>)
TRACEBACK:
  File "/content/sut.py", line 1247, in safely
    act[2]()
  File "/content/sut.py", line 46, in act0
    check()
  File "/content/sut.py", line 25, in check
    assert find_most_common_number([1, 2, 3, 2, 4, 2, 5, 2, 6]) == 2
STOPPING TESTING DUE TO FAILED TEST
88.0 PERCENT COVERED
0.01765155792236328 TOTAL RUNTIME
1 EXECUTED
1 TOTAL TEST OPERATIONS
0.0005345344543457031 TIME SPENT EXECUTING TEST OPERATIONS
8.58306884765625e-06 TIME SPENT EVALUATING GUARDS AND CHOOSING ACTIONS
0.0 TIME SPENT CHECKING PROPERTIES
0.0005345344543457031 TOTAL TIME SPENT RUNNING SUT
0.007932901382446289 TIME SPENT RESTARTING
0.0006000995635986328 TIME SPENT REDUCING TEST CASES
18 BRANCHES COVERED
13 STATEMENTS COVERED
mutants/myCode.mutant.34.py KILLED IN 0.1522688865661621 (RETURN CODE 255)
  RUNNING SCORE: 1.0
================================================================================
#13: [121.6s 22.64% DONE]
MUTANT: mutants/myCode.mutant.13.py
*** Original
--- Mutant
***************
*** 8,13 ****
--- 8,14 ----
      for i in range(len(arr)):
          current_num = arr[i]
          current_frequency = 1
+         continue;
  
          for j in range(i + 1, len(arr)):
              if arr[j] == current_num:


RUNNING mutants/myCode.mutant.13.py...
Random testing using config=Config(seed=None, timeout=120, maxTests=-1, depth=100, output='failure.4750.test', multiple=False, running=False, quickTests=False, noCover=False, verbose=False, silentFail=False, silentSUT=False, normalize=False, generalize=False, swarm=False, generateLOC=None, biasLOC=None, exploit=None, reducePool=False, Pmutate=0.0, Pcrossover=0.2, profile=False, profileProbs=False, trackStates=False, stopSaturated=False, sessions=4, postCover=False, html=None, replayable=False, total=False, noCheck=False, uncaught=False, checkDeterminism=False, determinismTries=1, determinismDelay=0, checkProcessDeterminism=False, processDetTries=1, processDetDelay=0, quickPrefix='quick', readQuick=False, localize=False, localizeTop=20, full=False, logging=None, failedLogging=None, progress=False, timedProgress=30, ddmin=False, useDependencies=False, enumerateEnabled=False, noEnumerateEnabled=False, trackUsed=False, keepLast=False, noPruneGuards=False, swarmP=0.5, computeFeatureStats=False, saveSwarmCoverage=None, highLowSwarm=None, swarmProbs=None, swarmFromTest=None, swarmSwitch=None, swarmLength=None, probs=None, equalProbs=False, LOCBaseline=0.2, LOCProbs=False, markov=None, markovP=1.0, sequencesFromTests=None, sequenceP=1.0, sequenceSize=3, useQuickSequences=False, savePool=None, readPool=None, startExploit=0.0, startExploitStall=0, verboseExploit=False, exploitCeiling=0.5, useHints=False, noCoverageExploit=False, exploitBestHint=1, internal=False, fullCoverage=None, coverFile='coverage.out', noExceptionMatch=False, throughput=False, stopWhenBranches=None, stopWhenStatements=None, stopWhenNoCoverage=None, stopTestWhenNoCoverage=None, stopTestWhenThroughputBelow=None, stopWhenHitBranch=None, stopWhenHitStatement=None, trackMaxCoverage=None, maxMustHitBranch=None, maxMustHitStatement=None, verboseActions=False, hideOpaque=False, showActions=False, noAlphaConvert=False, compareFails=False, noSwarmDependencies=False, noSwarmForceParent=False, genDepth=None, stutter=None, greedyStutter=False, essentials=False, quickAnalysis=False, uniqueValuesAnalysis=False, fastQuickAnalysis=False, speed='FAST', noReassign=False, relax=False)
UNCAUGHT EXCEPTION
ERROR: (<class 'AssertionError'>, AssertionError(), <traceback object at 0x7ae797f61d80>)
TRACEBACK:
  File "/content/sut.py", line 1314, in replay
    act()
  File "/content/sut.py", line 46, in act0
    check()
  File "/content/sut.py", line 25, in check
    assert find_most_common_number([1, 2, 3, 2, 4, 2, 5, 2, 6]) == 2
Original test has 1 steps
REDUCING...
check()                                                                  # STEP 0
Reduced test has 1 steps
REDUCED IN 0.0003666877746582031 SECONDS
Alpha converting test...
check()                                                                  # STEP 0

SAVING TEST AS failure.4750.test
FINAL VERSION OF TEST, WITH LOGGED REPLAY:
check()                                                                  # STEP 0
ACTION: check() 
RAISED EXCEPTION: <class 'AssertionError'> 
ERROR: (<class 'AssertionError'>, AssertionError(), <traceback object at 0x7ae797f62980>)
TRACEBACK:
  File "/content/sut.py", line 1247, in safely
    act[2]()
  File "/content/sut.py", line 46, in act0
    check()
  File "/content/sut.py", line 25, in check
    assert find_most_common_number([1, 2, 3, 2, 4, 2, 5, 2, 6]) == 2
STOPPING TESTING DUE TO FAILED TEST
78.57142857142857 PERCENT COVERED
0.01735687255859375 TOTAL RUNTIME
1 EXECUTED
1 TOTAL TEST OPERATIONS
0.0004515647888183594 TIME SPENT EXECUTING TEST OPERATIONS
8.58306884765625e-06 TIME SPENT EVALUATING GUARDS AND CHOOSING ACTIONS
0.0 TIME SPENT CHECKING PROPERTIES
0.0004515647888183594 TOTAL TIME SPENT RUNNING SUT
0.007699489593505859 TIME SPENT RESTARTING
0.0005266666412353516 TIME SPENT REDUCING TEST CASES
10 BRANCHES COVERED
8 STATEMENTS COVERED
mutants/myCode.mutant.13.py KILLED IN 0.15224218368530273 (RETURN CODE 255)
  RUNNING SCORE: 1.0
================================================================================
#14: [121.75s 24.53% DONE]
MUTANT: mutants/myCode.mutant.39.py
*** Original
--- Mutant
***************
*** 13,19 ****
              if arr[j] == current_num:
                  current_frequency += 1
  
!         if current_frequency > max_frequency:
              most_common_num = current_num
              max_frequency = current_frequency
  
--- 13,19 ----
              if arr[j] == current_num:
                  current_frequency += 1
  
!         if current_frequency < max_frequency:
              most_common_num = current_num
              max_frequency = current_frequency
  


RUNNING mutants/myCode.mutant.39.py...
Random testing using config=Config(seed=None, timeout=120, maxTests=-1, depth=100, output='failure.4752.test', multiple=False, running=False, quickTests=False, noCover=False, verbose=False, silentFail=False, silentSUT=False, normalize=False, generalize=False, swarm=False, generateLOC=None, biasLOC=None, exploit=None, reducePool=False, Pmutate=0.0, Pcrossover=0.2, profile=False, profileProbs=False, trackStates=False, stopSaturated=False, sessions=4, postCover=False, html=None, replayable=False, total=False, noCheck=False, uncaught=False, checkDeterminism=False, determinismTries=1, determinismDelay=0, checkProcessDeterminism=False, processDetTries=1, processDetDelay=0, quickPrefix='quick', readQuick=False, localize=False, localizeTop=20, full=False, logging=None, failedLogging=None, progress=False, timedProgress=30, ddmin=False, useDependencies=False, enumerateEnabled=False, noEnumerateEnabled=False, trackUsed=False, keepLast=False, noPruneGuards=False, swarmP=0.5, computeFeatureStats=False, saveSwarmCoverage=None, highLowSwarm=None, swarmProbs=None, swarmFromTest=None, swarmSwitch=None, swarmLength=None, probs=None, equalProbs=False, LOCBaseline=0.2, LOCProbs=False, markov=None, markovP=1.0, sequencesFromTests=None, sequenceP=1.0, sequenceSize=3, useQuickSequences=False, savePool=None, readPool=None, startExploit=0.0, startExploitStall=0, verboseExploit=False, exploitCeiling=0.5, useHints=False, noCoverageExploit=False, exploitBestHint=1, internal=False, fullCoverage=None, coverFile='coverage.out', noExceptionMatch=False, throughput=False, stopWhenBranches=None, stopWhenStatements=None, stopWhenNoCoverage=None, stopTestWhenNoCoverage=None, stopTestWhenThroughputBelow=None, stopWhenHitBranch=None, stopWhenHitStatement=None, trackMaxCoverage=None, maxMustHitBranch=None, maxMustHitStatement=None, verboseActions=False, hideOpaque=False, showActions=False, noAlphaConvert=False, compareFails=False, noSwarmDependencies=False, noSwarmForceParent=False, genDepth=None, stutter=None, greedyStutter=False, essentials=False, quickAnalysis=False, uniqueValuesAnalysis=False, fastQuickAnalysis=False, speed='FAST', noReassign=False, relax=False)
UNCAUGHT EXCEPTION
ERROR: (<class 'AssertionError'>, AssertionError(), <traceback object at 0x785849001d00>)
TRACEBACK:
  File "/content/sut.py", line 1314, in replay
    act()
  File "/content/sut.py", line 46, in act0
    check()
  File "/content/sut.py", line 25, in check
    assert find_most_common_number([1, 2, 3, 2, 4, 2, 5, 2, 6]) == 2
Original test has 1 steps
REDUCING...
check()                                                                  # STEP 0
Reduced test has 1 steps
REDUCED IN 0.0003800392150878906 SECONDS
Alpha converting test...
check()                                                                  # STEP 0

SAVING TEST AS failure.4752.test
FINAL VERSION OF TEST, WITH LOGGED REPLAY:
check()                                                                  # STEP 0
ACTION: check() 
RAISED EXCEPTION: <class 'AssertionError'> 
ERROR: (<class 'AssertionError'>, AssertionError(), <traceback object at 0x785849002980>)
TRACEBACK:
  File "/content/sut.py", line 1247, in safely
    act[2]()
  File "/content/sut.py", line 46, in act0
    check()
  File "/content/sut.py", line 25, in check
    assert find_most_common_number([1, 2, 3, 2, 4, 2, 5, 2, 6]) == 2
STOPPING TESTING DUE TO FAILED TEST
76.0 PERCENT COVERED
0.018181800842285156 TOTAL RUNTIME
1 EXECUTED
1 TOTAL TEST OPERATIONS
0.000492095947265625 TIME SPENT EXECUTING TEST OPERATIONS
8.344650268554688e-06 TIME SPENT EVALUATING GUARDS AND CHOOSING ACTIONS
0.0 TIME SPENT CHECKING PROPERTIES
0.000492095947265625 TOTAL TIME SPENT RUNNING SUT
0.007595539093017578 TIME SPENT RESTARTING
0.0005507469177246094 TIME SPENT REDUCING TEST CASES
15 BRANCHES COVERED
11 STATEMENTS COVERED
mutants/myCode.mutant.39.py KILLED IN 0.1521596908569336 (RETURN CODE 255)
  RUNNING SCORE: 1.0
================================================================================
#15: [121.9s 26.42% DONE]
MUTANT: mutants/myCode.mutant.24.py
*** Original
--- Mutant
***************
*** 10,16 ****
          current_frequency = 1
  
          for j in range(i + 1, len(arr)):
!             if arr[j] == current_num:
                  current_frequency += 1
  
          if current_frequency > max_frequency:
--- 10,16 ----
          current_frequency = 1
  
          for j in range(i + 1, len(arr)):
!             if arr[j] >= current_num:
                  current_frequency += 1
  
          if current_frequency > max_frequency:


RUNNING mutants/myCode.mutant.24.py...
Random testing using config=Config(seed=None, timeout=120, maxTests=-1, depth=100, output='failure.4754.test', multiple=False, running=False, quickTests=False, noCover=False, verbose=False, silentFail=False, silentSUT=False, normalize=False, generalize=False, swarm=False, generateLOC=None, biasLOC=None, exploit=None, reducePool=False, Pmutate=0.0, Pcrossover=0.2, profile=False, profileProbs=False, trackStates=False, stopSaturated=False, sessions=4, postCover=False, html=None, replayable=False, total=False, noCheck=False, uncaught=False, checkDeterminism=False, determinismTries=1, determinismDelay=0, checkProcessDeterminism=False, processDetTries=1, processDetDelay=0, quickPrefix='quick', readQuick=False, localize=False, localizeTop=20, full=False, logging=None, failedLogging=None, progress=False, timedProgress=30, ddmin=False, useDependencies=False, enumerateEnabled=False, noEnumerateEnabled=False, trackUsed=False, keepLast=False, noPruneGuards=False, swarmP=0.5, computeFeatureStats=False, saveSwarmCoverage=None, highLowSwarm=None, swarmProbs=None, swarmFromTest=None, swarmSwitch=None, swarmLength=None, probs=None, equalProbs=False, LOCBaseline=0.2, LOCProbs=False, markov=None, markovP=1.0, sequencesFromTests=None, sequenceP=1.0, sequenceSize=3, useQuickSequences=False, savePool=None, readPool=None, startExploit=0.0, startExploitStall=0, verboseExploit=False, exploitCeiling=0.5, useHints=False, noCoverageExploit=False, exploitBestHint=1, internal=False, fullCoverage=None, coverFile='coverage.out', noExceptionMatch=False, throughput=False, stopWhenBranches=None, stopWhenStatements=None, stopWhenNoCoverage=None, stopTestWhenNoCoverage=None, stopTestWhenThroughputBelow=None, stopWhenHitBranch=None, stopWhenHitStatement=None, trackMaxCoverage=None, maxMustHitBranch=None, maxMustHitStatement=None, verboseActions=False, hideOpaque=False, showActions=False, noAlphaConvert=False, compareFails=False, noSwarmDependencies=False, noSwarmForceParent=False, genDepth=None, stutter=None, greedyStutter=False, essentials=False, quickAnalysis=False, uniqueValuesAnalysis=False, fastQuickAnalysis=False, speed='FAST', noReassign=False, relax=False)
UNCAUGHT EXCEPTION
ERROR: (<class 'AssertionError'>, AssertionError(), <traceback object at 0x7e1e60c59fc0>)
TRACEBACK:
  File "/content/sut.py", line 1314, in replay
    act()
  File "/content/sut.py", line 46, in act0
    check()
  File "/content/sut.py", line 25, in check
    assert find_most_common_number([1, 2, 3, 2, 4, 2, 5, 2, 6]) == 2
Original test has 1 steps
REDUCING...
check()                                                                  # STEP 0
Reduced test has 1 steps
REDUCED IN 0.00042319297790527344 SECONDS
Alpha converting test...
check()                                                                  # STEP 0

SAVING TEST AS failure.4754.test
FINAL VERSION OF TEST, WITH LOGGED REPLAY:
check()                                                                  # STEP 0
ACTION: check() 
RAISED EXCEPTION: <class 'AssertionError'> 
ERROR: (<class 'AssertionError'>, AssertionError(), <traceback object at 0x7e1e61339780>)
TRACEBACK:
  File "/content/sut.py", line 1247, in safely
    act[2]()
  File "/content/sut.py", line 46, in act0
    check()
  File "/content/sut.py", line 25, in check
    assert find_most_common_number([1, 2, 3, 2, 4, 2, 5, 2, 6]) == 2
STOPPING TESTING DUE TO FAILED TEST
88.0 PERCENT COVERED
0.018088340759277344 TOTAL RUNTIME
1 EXECUTED
1 TOTAL TEST OPERATIONS
0.0005183219909667969 TIME SPENT EXECUTING TEST OPERATIONS
8.821487426757812e-06 TIME SPENT EVALUATING GUARDS AND CHOOSING ACTIONS
0.0 TIME SPENT CHECKING PROPERTIES
0.0005183219909667969 TOTAL TIME SPENT RUNNING SUT
0.008023500442504883 TIME SPENT RESTARTING
0.0006318092346191406 TIME SPENT REDUCING TEST CASES
18 BRANCHES COVERED
13 STATEMENTS COVERED
mutants/myCode.mutant.24.py KILLED IN 0.15220069885253906 (RETURN CODE 255)
  RUNNING SCORE: 1.0
================================================================================
#16: [122.06s 28.3% DONE]
MUTANT: mutants/myCode.mutant.36.py
*** Original
--- Mutant
***************
*** 12,17 ****
--- 12,18 ----
          for j in range(i + 1, len(arr)):
              if arr[j] == current_num:
                  current_frequency += 1
+                 break;
  
          if current_frequency > max_frequency:
              most_common_num = current_num


RUNNING mutants/myCode.mutant.36.py...
Random testing using config=Config(seed=None, timeout=120, maxTests=-1, depth=100, output='failure.4756.test', multiple=False, running=False, quickTests=False, noCover=False, verbose=False, silentFail=False, silentSUT=False, normalize=False, generalize=False, swarm=False, generateLOC=None, biasLOC=None, exploit=None, reducePool=False, Pmutate=0.0, Pcrossover=0.2, profile=False, profileProbs=False, trackStates=False, stopSaturated=False, sessions=4, postCover=False, html=None, replayable=False, total=False, noCheck=False, uncaught=False, checkDeterminism=False, determinismTries=1, determinismDelay=0, checkProcessDeterminism=False, processDetTries=1, processDetDelay=0, quickPrefix='quick', readQuick=False, localize=False, localizeTop=20, full=False, logging=None, failedLogging=None, progress=False, timedProgress=30, ddmin=False, useDependencies=False, enumerateEnabled=False, noEnumerateEnabled=False, trackUsed=False, keepLast=False, noPruneGuards=False, swarmP=0.5, computeFeatureStats=False, saveSwarmCoverage=None, highLowSwarm=None, swarmProbs=None, swarmFromTest=None, swarmSwitch=None, swarmLength=None, probs=None, equalProbs=False, LOCBaseline=0.2, LOCProbs=False, markov=None, markovP=1.0, sequencesFromTests=None, sequenceP=1.0, sequenceSize=3, useQuickSequences=False, savePool=None, readPool=None, startExploit=0.0, startExploitStall=0, verboseExploit=False, exploitCeiling=0.5, useHints=False, noCoverageExploit=False, exploitBestHint=1, internal=False, fullCoverage=None, coverFile='coverage.out', noExceptionMatch=False, throughput=False, stopWhenBranches=None, stopWhenStatements=None, stopWhenNoCoverage=None, stopTestWhenNoCoverage=None, stopTestWhenThroughputBelow=None, stopWhenHitBranch=None, stopWhenHitStatement=None, trackMaxCoverage=None, maxMustHitBranch=None, maxMustHitStatement=None, verboseActions=False, hideOpaque=False, showActions=False, noAlphaConvert=False, compareFails=False, noSwarmDependencies=False, noSwarmForceParent=False, genDepth=None, stutter=None, greedyStutter=False, essentials=False, quickAnalysis=False, uniqueValuesAnalysis=False, fastQuickAnalysis=False, speed='FAST', noReassign=False, relax=False)
UNCAUGHT EXCEPTION
ERROR: (<class 'AssertionError'>, AssertionError(), <traceback object at 0x782c980de4c0>)
TRACEBACK:
  File "/content/sut.py", line 1314, in replay
    act()
  File "/content/sut.py", line 46, in act0
    check()
  File "/content/sut.py", line 29, in check
    assert find_most_common_number([-1, -2, -1, -3, -2, -4, -2, -5]) == -2
Original test has 1 steps
REDUCING...
check()                                                                  # STEP 0
Reduced test has 1 steps
REDUCED IN 0.0005040168762207031 SECONDS
Alpha converting test...
check()                                                                  # STEP 0

SAVING TEST AS failure.4756.test
FINAL VERSION OF TEST, WITH LOGGED REPLAY:
check()                                                                  # STEP 0
ACTION: check() 
RAISED EXCEPTION: <class 'AssertionError'> 
ERROR: (<class 'AssertionError'>, AssertionError(), <traceback object at 0x782c98845640>)
TRACEBACK:
  File "/content/sut.py", line 1247, in safely
    act[2]()
  File "/content/sut.py", line 46, in act0
    check()
  File "/content/sut.py", line 29, in check
    assert find_most_common_number([-1, -2, -1, -3, -2, -4, -2, -5]) == -2
STOPPING TESTING DUE TO FAILED TEST
96.15384615384616 PERCENT COVERED
0.017835140228271484 TOTAL RUNTIME
1 EXECUTED
1 TOTAL TEST OPERATIONS
0.0005283355712890625 TIME SPENT EXECUTING TEST OPERATIONS
7.152557373046875e-06 TIME SPENT EVALUATING GUARDS AND CHOOSING ACTIONS
0.0 TIME SPENT CHECKING PROPERTIES
0.0005283355712890625 TOTAL TIME SPENT RUNNING SUT
0.007647991180419922 TIME SPENT RESTARTING
0.0006663799285888672 TIME SPENT REDUCING TEST CASES
21 BRANCHES COVERED
15 STATEMENTS COVERED
mutants/myCode.mutant.36.py KILLED IN 0.15222740173339844 (RETURN CODE 255)
  RUNNING SCORE: 1.0
================================================================================
#17: [122.21s 30.19% DONE]
MUTANT: mutants/myCode.mutant.6.py
*** Original
--- Mutant
***************
*** 3,9 ****
          return None
  
      most_common_num = None
!     max_frequency = 0
  
      for i in range(len(arr)):
          current_num = arr[i]
--- 3,9 ----
          return None
  
      most_common_num = None
!     pass
  
      for i in range(len(arr)):
          current_num = arr[i]


RUNNING mutants/myCode.mutant.6.py...
Random testing using config=Config(seed=None, timeout=120, maxTests=-1, depth=100, output='failure.4758.test', multiple=False, running=False, quickTests=False, noCover=False, verbose=False, silentFail=False, silentSUT=False, normalize=False, generalize=False, swarm=False, generateLOC=None, biasLOC=None, exploit=None, reducePool=False, Pmutate=0.0, Pcrossover=0.2, profile=False, profileProbs=False, trackStates=False, stopSaturated=False, sessions=4, postCover=False, html=None, replayable=False, total=False, noCheck=False, uncaught=False, checkDeterminism=False, determinismTries=1, determinismDelay=0, checkProcessDeterminism=False, processDetTries=1, processDetDelay=0, quickPrefix='quick', readQuick=False, localize=False, localizeTop=20, full=False, logging=None, failedLogging=None, progress=False, timedProgress=30, ddmin=False, useDependencies=False, enumerateEnabled=False, noEnumerateEnabled=False, trackUsed=False, keepLast=False, noPruneGuards=False, swarmP=0.5, computeFeatureStats=False, saveSwarmCoverage=None, highLowSwarm=None, swarmProbs=None, swarmFromTest=None, swarmSwitch=None, swarmLength=None, probs=None, equalProbs=False, LOCBaseline=0.2, LOCProbs=False, markov=None, markovP=1.0, sequencesFromTests=None, sequenceP=1.0, sequenceSize=3, useQuickSequences=False, savePool=None, readPool=None, startExploit=0.0, startExploitStall=0, verboseExploit=False, exploitCeiling=0.5, useHints=False, noCoverageExploit=False, exploitBestHint=1, internal=False, fullCoverage=None, coverFile='coverage.out', noExceptionMatch=False, throughput=False, stopWhenBranches=None, stopWhenStatements=None, stopWhenNoCoverage=None, stopTestWhenNoCoverage=None, stopTestWhenThroughputBelow=None, stopWhenHitBranch=None, stopWhenHitStatement=None, trackMaxCoverage=None, maxMustHitBranch=None, maxMustHitStatement=None, verboseActions=False, hideOpaque=False, showActions=False, noAlphaConvert=False, compareFails=False, noSwarmDependencies=False, noSwarmForceParent=False, genDepth=None, stutter=None, greedyStutter=False, essentials=False, quickAnalysis=False, uniqueValuesAnalysis=False, fastQuickAnalysis=False, speed='FAST', noReassign=False, relax=False)
UNCAUGHT EXCEPTION
ERROR: (<class 'UnboundLocalError'>, UnboundLocalError("local variable 'max_frequency' referenced before assignment"), <traceback object at 0x78105ededd80>)
TRACEBACK:
  File "/content/sut.py", line 1314, in replay
    act()
  File "/content/sut.py", line 46, in act0
    check()
  File "/content/sut.py", line 25, in check
    assert find_most_common_number([1, 2, 3, 2, 4, 2, 5, 2, 6]) == 2
  File "/content/myCode.py", line 16, in find_most_common_number
    if current_frequency > max_frequency:
Original test has 1 steps
REDUCING...
check()                                                                  # STEP 0
Reduced test has 1 steps
REDUCED IN 0.0004279613494873047 SECONDS
Alpha converting test...
check()                                                                  # STEP 0

SAVING TEST AS failure.4758.test
FINAL VERSION OF TEST, WITH LOGGED REPLAY:
check()                                                                  # STEP 0
ACTION: check() 
RAISED EXCEPTION: <class 'UnboundLocalError'> local variable 'max_frequency' referenced before assignment
ERROR: (<class 'UnboundLocalError'>, UnboundLocalError("local variable 'max_frequency' referenced before assignment"), <traceback object at 0x78105edeed80>)
TRACEBACK:
  File "/content/sut.py", line 1247, in safely
    act[2]()
  File "/content/sut.py", line 46, in act0
    check()
  File "/content/sut.py", line 25, in check
    assert find_most_common_number([1, 2, 3, 2, 4, 2, 5, 2, 6]) == 2
  File "/content/myCode.py", line 16, in find_most_common_number
    if current_frequency > max_frequency:
STOPPING TESTING DUE TO FAILED TEST
56.0 PERCENT COVERED
0.018656015396118164 TOTAL RUNTIME
1 EXECUTED
1 TOTAL TEST OPERATIONS
0.0005431175231933594 TIME SPENT EXECUTING TEST OPERATIONS
1.2636184692382812e-05 TIME SPENT EVALUATING GUARDS AND CHOOSING ACTIONS
0.0 TIME SPENT CHECKING PROPERTIES
0.0005431175231933594 TOTAL TIME SPENT RUNNING SUT
0.00798177719116211 TIME SPENT RESTARTING
0.0006134510040283203 TIME SPENT REDUCING TEST CASES
11 BRANCHES COVERED
9 STATEMENTS COVERED
mutants/myCode.mutant.6.py KILLED IN 0.1521139144897461 (RETURN CODE 255)
  RUNNING SCORE: 1.0
================================================================================
#18: [122.37s 32.08% DONE]
MUTANT: mutants/myCode.mutant.48.py
*** Original
--- Mutant
***************
*** 14,20 ****
                  current_frequency += 1
  
          if current_frequency > max_frequency:
!             most_common_num = current_num
              max_frequency = current_frequency
  
      return most_common_num--- 14,20 ----
                  current_frequency += 1
  
          if current_frequency > max_frequency:
!             pass
              max_frequency = current_frequency
  
      return most_common_num

RUNNING mutants/myCode.mutant.48.py...
Random testing using config=Config(seed=None, timeout=120, maxTests=-1, depth=100, output='failure.4760.test', multiple=False, running=False, quickTests=False, noCover=False, verbose=False, silentFail=False, silentSUT=False, normalize=False, generalize=False, swarm=False, generateLOC=None, biasLOC=None, exploit=None, reducePool=False, Pmutate=0.0, Pcrossover=0.2, profile=False, profileProbs=False, trackStates=False, stopSaturated=False, sessions=4, postCover=False, html=None, replayable=False, total=False, noCheck=False, uncaught=False, checkDeterminism=False, determinismTries=1, determinismDelay=0, checkProcessDeterminism=False, processDetTries=1, processDetDelay=0, quickPrefix='quick', readQuick=False, localize=False, localizeTop=20, full=False, logging=None, failedLogging=None, progress=False, timedProgress=30, ddmin=False, useDependencies=False, enumerateEnabled=False, noEnumerateEnabled=False, trackUsed=False, keepLast=False, noPruneGuards=False, swarmP=0.5, computeFeatureStats=False, saveSwarmCoverage=None, highLowSwarm=None, swarmProbs=None, swarmFromTest=None, swarmSwitch=None, swarmLength=None, probs=None, equalProbs=False, LOCBaseline=0.2, LOCProbs=False, markov=None, markovP=1.0, sequencesFromTests=None, sequenceP=1.0, sequenceSize=3, useQuickSequences=False, savePool=None, readPool=None, startExploit=0.0, startExploitStall=0, verboseExploit=False, exploitCeiling=0.5, useHints=False, noCoverageExploit=False, exploitBestHint=1, internal=False, fullCoverage=None, coverFile='coverage.out', noExceptionMatch=False, throughput=False, stopWhenBranches=None, stopWhenStatements=None, stopWhenNoCoverage=None, stopTestWhenNoCoverage=None, stopTestWhenThroughputBelow=None, stopWhenHitBranch=None, stopWhenHitStatement=None, trackMaxCoverage=None, maxMustHitBranch=None, maxMustHitStatement=None, verboseActions=False, hideOpaque=False, showActions=False, noAlphaConvert=False, compareFails=False, noSwarmDependencies=False, noSwarmForceParent=False, genDepth=None, stutter=None, greedyStutter=False, essentials=False, quickAnalysis=False, uniqueValuesAnalysis=False, fastQuickAnalysis=False, speed='FAST', noReassign=False, relax=False)
UNCAUGHT EXCEPTION
ERROR: (<class 'AssertionError'>, AssertionError(), <traceback object at 0x7b3c334d1fc0>)
TRACEBACK:
  File "/content/sut.py", line 1314, in replay
    act()
  File "/content/sut.py", line 46, in act0
    check()
  File "/content/sut.py", line 25, in check
    assert find_most_common_number([1, 2, 3, 2, 4, 2, 5, 2, 6]) == 2
Original test has 1 steps
REDUCING...
check()                                                                  # STEP 0
Reduced test has 1 steps
REDUCED IN 0.0003936290740966797 SECONDS
Alpha converting test...
check()                                                                  # STEP 0

SAVING TEST AS failure.4760.test
FINAL VERSION OF TEST, WITH LOGGED REPLAY:
check()                                                                  # STEP 0
ACTION: check() 
RAISED EXCEPTION: <class 'AssertionError'> 
ERROR: (<class 'AssertionError'>, AssertionError(), <traceback object at 0x7b3c334d2c80>)
TRACEBACK:
  File "/content/sut.py", line 1247, in safely
    act[2]()
  File "/content/sut.py", line 46, in act0
    check()
  File "/content/sut.py", line 25, in check
    assert find_most_common_number([1, 2, 3, 2, 4, 2, 5, 2, 6]) == 2
STOPPING TESTING DUE TO FAILED TEST
88.0 PERCENT COVERED
0.017240285873413086 TOTAL RUNTIME
1 EXECUTED
1 TOTAL TEST OPERATIONS
0.0005028247833251953 TIME SPENT EXECUTING TEST OPERATIONS
7.867813110351562e-06 TIME SPENT EVALUATING GUARDS AND CHOOSING ACTIONS
0.0 TIME SPENT CHECKING PROPERTIES
0.0005028247833251953 TOTAL TIME SPENT RUNNING SUT
0.007734537124633789 TIME SPENT RESTARTING
0.000560760498046875 TIME SPENT REDUCING TEST CASES
18 BRANCHES COVERED
13 STATEMENTS COVERED
mutants/myCode.mutant.48.py KILLED IN 0.15212416648864746 (RETURN CODE 255)
  RUNNING SCORE: 1.0
================================================================================
#19: [122.52s 33.96% DONE]
MUTANT: mutants/myCode.mutant.8.py
*** Original
--- Mutant
***************
*** 7,12 ****
--- 7,13 ----
  
      for i in range(len(arr)):
          current_num = arr[i]
+         continue;
          current_frequency = 1
  
          for j in range(i + 1, len(arr)):


RUNNING mutants/myCode.mutant.8.py...
Random testing using config=Config(seed=None, timeout=120, maxTests=-1, depth=100, output='failure.4766.test', multiple=False, running=False, quickTests=False, noCover=False, verbose=False, silentFail=False, silentSUT=False, normalize=False, generalize=False, swarm=False, generateLOC=None, biasLOC=None, exploit=None, reducePool=False, Pmutate=0.0, Pcrossover=0.2, profile=False, profileProbs=False, trackStates=False, stopSaturated=False, sessions=4, postCover=False, html=None, replayable=False, total=False, noCheck=False, uncaught=False, checkDeterminism=False, determinismTries=1, determinismDelay=0, checkProcessDeterminism=False, processDetTries=1, processDetDelay=0, quickPrefix='quick', readQuick=False, localize=False, localizeTop=20, full=False, logging=None, failedLogging=None, progress=False, timedProgress=30, ddmin=False, useDependencies=False, enumerateEnabled=False, noEnumerateEnabled=False, trackUsed=False, keepLast=False, noPruneGuards=False, swarmP=0.5, computeFeatureStats=False, saveSwarmCoverage=None, highLowSwarm=None, swarmProbs=None, swarmFromTest=None, swarmSwitch=None, swarmLength=None, probs=None, equalProbs=False, LOCBaseline=0.2, LOCProbs=False, markov=None, markovP=1.0, sequencesFromTests=None, sequenceP=1.0, sequenceSize=3, useQuickSequences=False, savePool=None, readPool=None, startExploit=0.0, startExploitStall=0, verboseExploit=False, exploitCeiling=0.5, useHints=False, noCoverageExploit=False, exploitBestHint=1, internal=False, fullCoverage=None, coverFile='coverage.out', noExceptionMatch=False, throughput=False, stopWhenBranches=None, stopWhenStatements=None, stopWhenNoCoverage=None, stopTestWhenNoCoverage=None, stopTestWhenThroughputBelow=None, stopWhenHitBranch=None, stopWhenHitStatement=None, trackMaxCoverage=None, maxMustHitBranch=None, maxMustHitStatement=None, verboseActions=False, hideOpaque=False, showActions=False, noAlphaConvert=False, compareFails=False, noSwarmDependencies=False, noSwarmForceParent=False, genDepth=None, stutter=None, greedyStutter=False, essentials=False, quickAnalysis=False, uniqueValuesAnalysis=False, fastQuickAnalysis=False, speed='FAST', noReassign=False, relax=False)
UNCAUGHT EXCEPTION
ERROR: (<class 'AssertionError'>, AssertionError(), <traceback object at 0x7b14793d5cc0>)
TRACEBACK:
  File "/content/sut.py", line 1314, in replay
    act()
  File "/content/sut.py", line 46, in act0
    check()
  File "/content/sut.py", line 25, in check
    assert find_most_common_number([1, 2, 3, 2, 4, 2, 5, 2, 6]) == 2
Original test has 1 steps
REDUCING...
check()                                                                  # STEP 0
Reduced test has 1 steps
REDUCED IN 0.0003266334533691406 SECONDS
Alpha converting test...
check()                                                                  # STEP 0

SAVING TEST AS failure.4766.test
FINAL VERSION OF TEST, WITH LOGGED REPLAY:
check()                                                                  # STEP 0
ACTION: check() 
RAISED EXCEPTION: <class 'AssertionError'> 
ERROR: (<class 'AssertionError'>, AssertionError(), <traceback object at 0x7b14793d68c0>)
TRACEBACK:
  File "/content/sut.py", line 1247, in safely
    act[2]()
  File "/content/sut.py", line 46, in act0
    check()
  File "/content/sut.py", line 25, in check
    assert find_most_common_number([1, 2, 3, 2, 4, 2, 5, 2, 6]) == 2
STOPPING TESTING DUE TO FAILED TEST
76.92307692307692 PERCENT COVERED
0.0173494815826416 TOTAL RUNTIME
1 EXECUTED
1 TOTAL TEST OPERATIONS
0.0004515647888183594 TIME SPENT EXECUTING TEST OPERATIONS
8.106231689453125e-06 TIME SPENT EVALUATING GUARDS AND CHOOSING ACTIONS
0.0 TIME SPENT CHECKING PROPERTIES
0.0004515647888183594 TOTAL TIME SPENT RUNNING SUT
0.00780940055847168 TIME SPENT RESTARTING
0.00052642822265625 TIME SPENT REDUCING TEST CASES
9 BRANCHES COVERED
7 STATEMENTS COVERED
mutants/myCode.mutant.8.py KILLED IN 0.15215682983398438 (RETURN CODE 255)
  RUNNING SCORE: 1.0
================================================================================
#20: [122.67s 35.85% DONE]
MUTANT: mutants/myCode.mutant.16.py
*** Original
--- Mutant
***************
*** 9,15 ****
          current_num = arr[i]
          current_frequency = 1
  
!         for j in range(i + 1, len(arr)):
              if arr[j] == current_num:
                  current_frequency += 1
  
--- 9,15 ----
          current_num = arr[i]
          current_frequency = 1
  
!         for j in range(i / 1, len(arr)):
              if arr[j] == current_num:
                  current_frequency += 1
  


RUNNING mutants/myCode.mutant.16.py...
Random testing using config=Config(seed=None, timeout=120, maxTests=-1, depth=100, output='failure.4768.test', multiple=False, running=False, quickTests=False, noCover=False, verbose=False, silentFail=False, silentSUT=False, normalize=False, generalize=False, swarm=False, generateLOC=None, biasLOC=None, exploit=None, reducePool=False, Pmutate=0.0, Pcrossover=0.2, profile=False, profileProbs=False, trackStates=False, stopSaturated=False, sessions=4, postCover=False, html=None, replayable=False, total=False, noCheck=False, uncaught=False, checkDeterminism=False, determinismTries=1, determinismDelay=0, checkProcessDeterminism=False, processDetTries=1, processDetDelay=0, quickPrefix='quick', readQuick=False, localize=False, localizeTop=20, full=False, logging=None, failedLogging=None, progress=False, timedProgress=30, ddmin=False, useDependencies=False, enumerateEnabled=False, noEnumerateEnabled=False, trackUsed=False, keepLast=False, noPruneGuards=False, swarmP=0.5, computeFeatureStats=False, saveSwarmCoverage=None, highLowSwarm=None, swarmProbs=None, swarmFromTest=None, swarmSwitch=None, swarmLength=None, probs=None, equalProbs=False, LOCBaseline=0.2, LOCProbs=False, markov=None, markovP=1.0, sequencesFromTests=None, sequenceP=1.0, sequenceSize=3, useQuickSequences=False, savePool=None, readPool=None, startExploit=0.0, startExploitStall=0, verboseExploit=False, exploitCeiling=0.5, useHints=False, noCoverageExploit=False, exploitBestHint=1, internal=False, fullCoverage=None, coverFile='coverage.out', noExceptionMatch=False, throughput=False, stopWhenBranches=None, stopWhenStatements=None, stopWhenNoCoverage=None, stopTestWhenNoCoverage=None, stopTestWhenThroughputBelow=None, stopWhenHitBranch=None, stopWhenHitStatement=None, trackMaxCoverage=None, maxMustHitBranch=None, maxMustHitStatement=None, verboseActions=False, hideOpaque=False, showActions=False, noAlphaConvert=False, compareFails=False, noSwarmDependencies=False, noSwarmForceParent=False, genDepth=None, stutter=None, greedyStutter=False, essentials=False, quickAnalysis=False, uniqueValuesAnalysis=False, fastQuickAnalysis=False, speed='FAST', noReassign=False, relax=False)
UNCAUGHT EXCEPTION
ERROR: (<class 'TypeError'>, TypeError("'float' object cannot be interpreted as an integer"), <traceback object at 0x7d3325c55d80>)
TRACEBACK:
  File "/content/sut.py", line 1314, in replay
    act()
  File "/content/sut.py", line 46, in act0
    check()
  File "/content/sut.py", line 25, in check
    assert find_most_common_number([1, 2, 3, 2, 4, 2, 5, 2, 6]) == 2
  File "/content/myCode.py", line 12, in find_most_common_number
    for j in range(i / 1, len(arr)):
Original test has 1 steps
REDUCING...
check()                                                                  # STEP 0
Reduced test has 1 steps
REDUCED IN 0.0003917217254638672 SECONDS
Alpha converting test...
check()                                                                  # STEP 0

SAVING TEST AS failure.4768.test
FINAL VERSION OF TEST, WITH LOGGED REPLAY:
check()                                                                  # STEP 0
ACTION: check() 
RAISED EXCEPTION: <class 'TypeError'> 'float' object cannot be interpreted as an integer
ERROR: (<class 'TypeError'>, TypeError("'float' object cannot be interpreted as an integer"), <traceback object at 0x7d3325c56ac0>)
TRACEBACK:
  File "/content/sut.py", line 1247, in safely
    act[2]()
  File "/content/sut.py", line 46, in act0
    check()
  File "/content/sut.py", line 25, in check
    assert find_most_common_number([1, 2, 3, 2, 4, 2, 5, 2, 6]) == 2
  File "/content/myCode.py", line 12, in find_most_common_number
    for j in range(i / 1, len(arr)):
STOPPING TESTING DUE TO FAILED TEST
36.0 PERCENT COVERED
0.017709732055664062 TOTAL RUNTIME
1 EXECUTED
1 TOTAL TEST OPERATIONS
0.0005080699920654297 TIME SPENT EXECUTING TEST OPERATIONS
8.106231689453125e-06 TIME SPENT EVALUATING GUARDS AND CHOOSING ACTIONS
0.0 TIME SPENT CHECKING PROPERTIES
0.0005080699920654297 TOTAL TIME SPENT RUNNING SUT
0.007800579071044922 TIME SPENT RESTARTING
0.0005600452423095703 TIME SPENT REDUCING TEST CASES
8 BRANCHES COVERED
7 STATEMENTS COVERED
mutants/myCode.mutant.16.py KILLED IN 0.15221524238586426 (RETURN CODE 255)
  RUNNING SCORE: 1.0
================================================================================
#21: [122.83s 37.74% DONE]
MUTANT: mutants/myCode.mutant.40.py
*** Original
--- Mutant
***************
*** 13,19 ****
              if arr[j] == current_num:
                  current_frequency += 1
  
!         if current_frequency > max_frequency:
              most_common_num = current_num
              max_frequency = current_frequency
  
--- 13,19 ----
              if arr[j] == current_num:
                  current_frequency += 1
  
!         if current_frequency == max_frequency:
              most_common_num = current_num
              max_frequency = current_frequency
  


RUNNING mutants/myCode.mutant.40.py...
Random testing using config=Config(seed=None, timeout=120, maxTests=-1, depth=100, output='failure.4770.test', multiple=False, running=False, quickTests=False, noCover=False, verbose=False, silentFail=False, silentSUT=False, normalize=False, generalize=False, swarm=False, generateLOC=None, biasLOC=None, exploit=None, reducePool=False, Pmutate=0.0, Pcrossover=0.2, profile=False, profileProbs=False, trackStates=False, stopSaturated=False, sessions=4, postCover=False, html=None, replayable=False, total=False, noCheck=False, uncaught=False, checkDeterminism=False, determinismTries=1, determinismDelay=0, checkProcessDeterminism=False, processDetTries=1, processDetDelay=0, quickPrefix='quick', readQuick=False, localize=False, localizeTop=20, full=False, logging=None, failedLogging=None, progress=False, timedProgress=30, ddmin=False, useDependencies=False, enumerateEnabled=False, noEnumerateEnabled=False, trackUsed=False, keepLast=False, noPruneGuards=False, swarmP=0.5, computeFeatureStats=False, saveSwarmCoverage=None, highLowSwarm=None, swarmProbs=None, swarmFromTest=None, swarmSwitch=None, swarmLength=None, probs=None, equalProbs=False, LOCBaseline=0.2, LOCProbs=False, markov=None, markovP=1.0, sequencesFromTests=None, sequenceP=1.0, sequenceSize=3, useQuickSequences=False, savePool=None, readPool=None, startExploit=0.0, startExploitStall=0, verboseExploit=False, exploitCeiling=0.5, useHints=False, noCoverageExploit=False, exploitBestHint=1, internal=False, fullCoverage=None, coverFile='coverage.out', noExceptionMatch=False, throughput=False, stopWhenBranches=None, stopWhenStatements=None, stopWhenNoCoverage=None, stopTestWhenNoCoverage=None, stopTestWhenThroughputBelow=None, stopWhenHitBranch=None, stopWhenHitStatement=None, trackMaxCoverage=None, maxMustHitBranch=None, maxMustHitStatement=None, verboseActions=False, hideOpaque=False, showActions=False, noAlphaConvert=False, compareFails=False, noSwarmDependencies=False, noSwarmForceParent=False, genDepth=None, stutter=None, greedyStutter=False, essentials=False, quickAnalysis=False, uniqueValuesAnalysis=False, fastQuickAnalysis=False, speed='FAST', noReassign=False, relax=False)
UNCAUGHT EXCEPTION
ERROR: (<class 'AssertionError'>, AssertionError(), <traceback object at 0x79516e3f5d80>)
TRACEBACK:
  File "/content/sut.py", line 1314, in replay
    act()
  File "/content/sut.py", line 46, in act0
    check()
  File "/content/sut.py", line 25, in check
    assert find_most_common_number([1, 2, 3, 2, 4, 2, 5, 2, 6]) == 2
Original test has 1 steps
REDUCING...
check()                                                                  # STEP 0
Reduced test has 1 steps
REDUCED IN 0.000423431396484375 SECONDS
Alpha converting test...
check()                                                                  # STEP 0

SAVING TEST AS failure.4770.test
FINAL VERSION OF TEST, WITH LOGGED REPLAY:
check()                                                                  # STEP 0
ACTION: check() 
RAISED EXCEPTION: <class 'AssertionError'> 
ERROR: (<class 'AssertionError'>, AssertionError(), <traceback object at 0x79516e3f6a00>)
TRACEBACK:
  File "/content/sut.py", line 1247, in safely
    act[2]()
  File "/content/sut.py", line 46, in act0
    check()
  File "/content/sut.py", line 25, in check
    assert find_most_common_number([1, 2, 3, 2, 4, 2, 5, 2, 6]) == 2
STOPPING TESTING DUE TO FAILED TEST
76.0 PERCENT COVERED
0.017394304275512695 TOTAL RUNTIME
1 EXECUTED
1 TOTAL TEST OPERATIONS
0.0005457401275634766 TIME SPENT EXECUTING TEST OPERATIONS
7.62939453125e-06 TIME SPENT EVALUATING GUARDS AND CHOOSING ACTIONS
0.0 TIME SPENT CHECKING PROPERTIES
0.0005457401275634766 TOTAL TIME SPENT RUNNING SUT
0.00786280632019043 TIME SPENT RESTARTING
0.0005841255187988281 TIME SPENT REDUCING TEST CASES
15 BRANCHES COVERED
11 STATEMENTS COVERED
mutants/myCode.mutant.40.py KILLED IN 0.15248942375183105 (RETURN CODE 255)
  RUNNING SCORE: 1.0
================================================================================
#22: [122.98s 39.62% DONE]
MUTANT: mutants/myCode.mutant.7.py
*** Original
--- Mutant
***************
*** 7,12 ****
--- 7,13 ----
  
      for i in range(len(arr)):
          current_num = arr[i]
+         break;
          current_frequency = 1
  
          for j in range(i + 1, len(arr)):


RUNNING mutants/myCode.mutant.7.py...
Random testing using config=Config(seed=None, timeout=120, maxTests=-1, depth=100, output='failure.4772.test', multiple=False, running=False, quickTests=False, noCover=False, verbose=False, silentFail=False, silentSUT=False, normalize=False, generalize=False, swarm=False, generateLOC=None, biasLOC=None, exploit=None, reducePool=False, Pmutate=0.0, Pcrossover=0.2, profile=False, profileProbs=False, trackStates=False, stopSaturated=False, sessions=4, postCover=False, html=None, replayable=False, total=False, noCheck=False, uncaught=False, checkDeterminism=False, determinismTries=1, determinismDelay=0, checkProcessDeterminism=False, processDetTries=1, processDetDelay=0, quickPrefix='quick', readQuick=False, localize=False, localizeTop=20, full=False, logging=None, failedLogging=None, progress=False, timedProgress=30, ddmin=False, useDependencies=False, enumerateEnabled=False, noEnumerateEnabled=False, trackUsed=False, keepLast=False, noPruneGuards=False, swarmP=0.5, computeFeatureStats=False, saveSwarmCoverage=None, highLowSwarm=None, swarmProbs=None, swarmFromTest=None, swarmSwitch=None, swarmLength=None, probs=None, equalProbs=False, LOCBaseline=0.2, LOCProbs=False, markov=None, markovP=1.0, sequencesFromTests=None, sequenceP=1.0, sequenceSize=3, useQuickSequences=False, savePool=None, readPool=None, startExploit=0.0, startExploitStall=0, verboseExploit=False, exploitCeiling=0.5, useHints=False, noCoverageExploit=False, exploitBestHint=1, internal=False, fullCoverage=None, coverFile='coverage.out', noExceptionMatch=False, throughput=False, stopWhenBranches=None, stopWhenStatements=None, stopWhenNoCoverage=None, stopTestWhenNoCoverage=None, stopTestWhenThroughputBelow=None, stopWhenHitBranch=None, stopWhenHitStatement=None, trackMaxCoverage=None, maxMustHitBranch=None, maxMustHitStatement=None, verboseActions=False, hideOpaque=False, showActions=False, noAlphaConvert=False, compareFails=False, noSwarmDependencies=False, noSwarmForceParent=False, genDepth=None, stutter=None, greedyStutter=False, essentials=False, quickAnalysis=False, uniqueValuesAnalysis=False, fastQuickAnalysis=False, speed='FAST', noReassign=False, relax=False)
UNCAUGHT EXCEPTION
ERROR: (<class 'AssertionError'>, AssertionError(), <traceback object at 0x7fccc892dc80>)
TRACEBACK:
  File "/content/sut.py", line 1314, in replay
    act()
  File "/content/sut.py", line 46, in act0
    check()
  File "/content/sut.py", line 25, in check
    assert find_most_common_number([1, 2, 3, 2, 4, 2, 5, 2, 6]) == 2
Original test has 1 steps
REDUCING...
check()                                                                  # STEP 0
Reduced test has 1 steps
REDUCED IN 0.0004544258117675781 SECONDS
Alpha converting test...
check()                                                                  # STEP 0

SAVING TEST AS failure.4772.test
FINAL VERSION OF TEST, WITH LOGGED REPLAY:
check()                                                                  # STEP 0
ACTION: check() 
RAISED EXCEPTION: <class 'AssertionError'> 
ERROR: (<class 'AssertionError'>, AssertionError(), <traceback object at 0x7fccc8a94600>)
TRACEBACK:
  File "/content/sut.py", line 1247, in safely
    act[2]()
  File "/content/sut.py", line 46, in act0
    check()
  File "/content/sut.py", line 25, in check
    assert find_most_common_number([1, 2, 3, 2, 4, 2, 5, 2, 6]) == 2
STOPPING TESTING DUE TO FAILED TEST
69.23076923076923 PERCENT COVERED
0.01757645606994629 TOTAL RUNTIME
1 EXECUTED
1 TOTAL TEST OPERATIONS
0.0004723072052001953 TIME SPENT EXECUTING TEST OPERATIONS
1.2159347534179688e-05 TIME SPENT EVALUATING GUARDS AND CHOOSING ACTIONS
0.0 TIME SPENT CHECKING PROPERTIES
0.0004723072052001953 TOTAL TIME SPENT RUNNING SUT
0.0077724456787109375 TIME SPENT RESTARTING
0.0006241798400878906 TIME SPENT REDUCING TEST CASES
8 BRANCHES COVERED
7 STATEMENTS COVERED
mutants/myCode.mutant.7.py KILLED IN 0.15224409103393555 (RETURN CODE 255)
  RUNNING SCORE: 1.0
================================================================================
#23: [123.14s 41.51% DONE]
MUTANT: mutants/myCode.mutant.12.py
*** Original
--- Mutant
***************
*** 7,13 ****
  
      for i in range(len(arr)):
          current_num = arr[i]
!         current_frequency = 1
  
          for j in range(i + 1, len(arr)):
              if arr[j] == current_num:
--- 7,13 ----
  
      for i in range(len(arr)):
          current_num = arr[i]
!         current_frequency = (1+1)
  
          for j in range(i + 1, len(arr)):
              if arr[j] == current_num:


RUNNING mutants/myCode.mutant.12.py...
Random testing using config=Config(seed=None, timeout=120, maxTests=-1, depth=100, output='failure.4774.test', multiple=False, running=False, quickTests=False, noCover=False, verbose=False, silentFail=False, silentSUT=False, normalize=False, generalize=False, swarm=False, generateLOC=None, biasLOC=None, exploit=None, reducePool=False, Pmutate=0.0, Pcrossover=0.2, profile=False, profileProbs=False, trackStates=False, stopSaturated=False, sessions=4, postCover=False, html=None, replayable=False, total=False, noCheck=False, uncaught=False, checkDeterminism=False, determinismTries=1, determinismDelay=0, checkProcessDeterminism=False, processDetTries=1, processDetDelay=0, quickPrefix='quick', readQuick=False, localize=False, localizeTop=20, full=False, logging=None, failedLogging=None, progress=False, timedProgress=30, ddmin=False, useDependencies=False, enumerateEnabled=False, noEnumerateEnabled=False, trackUsed=False, keepLast=False, noPruneGuards=False, swarmP=0.5, computeFeatureStats=False, saveSwarmCoverage=None, highLowSwarm=None, swarmProbs=None, swarmFromTest=None, swarmSwitch=None, swarmLength=None, probs=None, equalProbs=False, LOCBaseline=0.2, LOCProbs=False, markov=None, markovP=1.0, sequencesFromTests=None, sequenceP=1.0, sequenceSize=3, useQuickSequences=False, savePool=None, readPool=None, startExploit=0.0, startExploitStall=0, verboseExploit=False, exploitCeiling=0.5, useHints=False, noCoverageExploit=False, exploitBestHint=1, internal=False, fullCoverage=None, coverFile='coverage.out', noExceptionMatch=False, throughput=False, stopWhenBranches=None, stopWhenStatements=None, stopWhenNoCoverage=None, stopTestWhenNoCoverage=None, stopTestWhenThroughputBelow=None, stopWhenHitBranch=None, stopWhenHitStatement=None, trackMaxCoverage=None, maxMustHitBranch=None, maxMustHitStatement=None, verboseActions=False, hideOpaque=False, showActions=False, noAlphaConvert=False, compareFails=False, noSwarmDependencies=False, noSwarmForceParent=False, genDepth=None, stutter=None, greedyStutter=False, essentials=False, quickAnalysis=False, uniqueValuesAnalysis=False, fastQuickAnalysis=False, speed='FAST', noReassign=False, relax=False)

HAD TO TERMINATE ANALYSIS (TIMEOUT OR EXCEPTION)
mutants/myCode.mutant.12.py KILLED IN 30.09968137741089 (RETURN CODE None)
  RUNNING SCORE: 1.0
================================================================================
#24: [153.24s 43.4% DONE]
MUTANT: mutants/myCode.mutant.10.py
*** Original
--- Mutant
***************
*** 7,13 ****
  
      for i in range(len(arr)):
          current_num = arr[i]
!         current_frequency = 1
  
          for j in range(i + 1, len(arr)):
              if arr[j] == current_num:
--- 7,13 ----
  
      for i in range(len(arr)):
          current_num = arr[i]
!         current_frequency = 0
  
          for j in range(i + 1, len(arr)):
              if arr[j] == current_num:


RUNNING mutants/myCode.mutant.10.py...
Random testing using config=Config(seed=None, timeout=120, maxTests=-1, depth=100, output='failure.4896.test', multiple=False, running=False, quickTests=False, noCover=False, verbose=False, silentFail=False, silentSUT=False, normalize=False, generalize=False, swarm=False, generateLOC=None, biasLOC=None, exploit=None, reducePool=False, Pmutate=0.0, Pcrossover=0.2, profile=False, profileProbs=False, trackStates=False, stopSaturated=False, sessions=4, postCover=False, html=None, replayable=False, total=False, noCheck=False, uncaught=False, checkDeterminism=False, determinismTries=1, determinismDelay=0, checkProcessDeterminism=False, processDetTries=1, processDetDelay=0, quickPrefix='quick', readQuick=False, localize=False, localizeTop=20, full=False, logging=None, failedLogging=None, progress=False, timedProgress=30, ddmin=False, useDependencies=False, enumerateEnabled=False, noEnumerateEnabled=False, trackUsed=False, keepLast=False, noPruneGuards=False, swarmP=0.5, computeFeatureStats=False, saveSwarmCoverage=None, highLowSwarm=None, swarmProbs=None, swarmFromTest=None, swarmSwitch=None, swarmLength=None, probs=None, equalProbs=False, LOCBaseline=0.2, LOCProbs=False, markov=None, markovP=1.0, sequencesFromTests=None, sequenceP=1.0, sequenceSize=3, useQuickSequences=False, savePool=None, readPool=None, startExploit=0.0, startExploitStall=0, verboseExploit=False, exploitCeiling=0.5, useHints=False, noCoverageExploit=False, exploitBestHint=1, internal=False, fullCoverage=None, coverFile='coverage.out', noExceptionMatch=False, throughput=False, stopWhenBranches=None, stopWhenStatements=None, stopWhenNoCoverage=None, stopTestWhenNoCoverage=None, stopTestWhenThroughputBelow=None, stopWhenHitBranch=None, stopWhenHitStatement=None, trackMaxCoverage=None, maxMustHitBranch=None, maxMustHitStatement=None, verboseActions=False, hideOpaque=False, showActions=False, noAlphaConvert=False, compareFails=False, noSwarmDependencies=False, noSwarmForceParent=False, genDepth=None, stutter=None, greedyStutter=False, essentials=False, quickAnalysis=False, uniqueValuesAnalysis=False, fastQuickAnalysis=False, speed='FAST', noReassign=False, relax=False)
UNCAUGHT EXCEPTION
ERROR: (<class 'AssertionError'>, AssertionError(), <traceback object at 0x7ef3e92aa1c0>)
TRACEBACK:
  File "/content/sut.py", line 1314, in replay
    act()
  File "/content/sut.py", line 46, in act0
    check()
  File "/content/sut.py", line 26, in check
    assert find_most_common_number([7]) == 7
Original test has 1 steps
REDUCING...
check()                                                                  # STEP 0
Reduced test has 1 steps
REDUCED IN 0.00044798851013183594 SECONDS
Alpha converting test...
check()                                                                  # STEP 0

SAVING TEST AS failure.4896.test
FINAL VERSION OF TEST, WITH LOGGED REPLAY:
check()                                                                  # STEP 0
ACTION: check() 
RAISED EXCEPTION: <class 'AssertionError'> 
ERROR: (<class 'AssertionError'>, AssertionError(), <traceback object at 0x7ef3e92aae80>)
TRACEBACK:
  File "/content/sut.py", line 1247, in safely
    act[2]()
  File "/content/sut.py", line 46, in act0
    check()
  File "/content/sut.py", line 26, in check
    assert find_most_common_number([7]) == 7
STOPPING TESTING DUE TO FAILED TEST
88.0 PERCENT COVERED
0.01785874366760254 TOTAL RUNTIME
1 EXECUTED
1 TOTAL TEST OPERATIONS
0.0005636215209960938 TIME SPENT EXECUTING TEST OPERATIONS
8.344650268554688e-06 TIME SPENT EVALUATING GUARDS AND CHOOSING ACTIONS
0.0 TIME SPENT CHECKING PROPERTIES
0.0005636215209960938 TOTAL TIME SPENT RUNNING SUT
0.007949113845825195 TIME SPENT RESTARTING
0.0006136894226074219 TIME SPENT REDUCING TEST CASES
18 BRANCHES COVERED
13 STATEMENTS COVERED
mutants/myCode.mutant.10.py KILLED IN 0.1522660255432129 (RETURN CODE 255)
  RUNNING SCORE: 1.0
================================================================================
#25: [153.39s 45.28% DONE]
MUTANT: mutants/myCode.mutant.28.py
*** Original
--- Mutant
***************
*** 11,17 ****
  
          for j in range(i + 1, len(arr)):
              if arr[j] == current_num:
!                 current_frequency += 1
  
          if current_frequency > max_frequency:
              most_common_num = current_num
--- 11,17 ----
  
          for j in range(i + 1, len(arr)):
              if arr[j] == current_num:
!                 current_frequency -= 1
  
          if current_frequency > max_frequency:
              most_common_num = current_num


RUNNING mutants/myCode.mutant.28.py...
Random testing using config=Config(seed=None, timeout=120, maxTests=-1, depth=100, output='failure.4898.test', multiple=False, running=False, quickTests=False, noCover=False, verbose=False, silentFail=False, silentSUT=False, normalize=False, generalize=False, swarm=False, generateLOC=None, biasLOC=None, exploit=None, reducePool=False, Pmutate=0.0, Pcrossover=0.2, profile=False, profileProbs=False, trackStates=False, stopSaturated=False, sessions=4, postCover=False, html=None, replayable=False, total=False, noCheck=False, uncaught=False, checkDeterminism=False, determinismTries=1, determinismDelay=0, checkProcessDeterminism=False, processDetTries=1, processDetDelay=0, quickPrefix='quick', readQuick=False, localize=False, localizeTop=20, full=False, logging=None, failedLogging=None, progress=False, timedProgress=30, ddmin=False, useDependencies=False, enumerateEnabled=False, noEnumerateEnabled=False, trackUsed=False, keepLast=False, noPruneGuards=False, swarmP=0.5, computeFeatureStats=False, saveSwarmCoverage=None, highLowSwarm=None, swarmProbs=None, swarmFromTest=None, swarmSwitch=None, swarmLength=None, probs=None, equalProbs=False, LOCBaseline=0.2, LOCProbs=False, markov=None, markovP=1.0, sequencesFromTests=None, sequenceP=1.0, sequenceSize=3, useQuickSequences=False, savePool=None, readPool=None, startExploit=0.0, startExploitStall=0, verboseExploit=False, exploitCeiling=0.5, useHints=False, noCoverageExploit=False, exploitBestHint=1, internal=False, fullCoverage=None, coverFile='coverage.out', noExceptionMatch=False, throughput=False, stopWhenBranches=None, stopWhenStatements=None, stopWhenNoCoverage=None, stopTestWhenNoCoverage=None, stopTestWhenThroughputBelow=None, stopWhenHitBranch=None, stopWhenHitStatement=None, trackMaxCoverage=None, maxMustHitBranch=None, maxMustHitStatement=None, verboseActions=False, hideOpaque=False, showActions=False, noAlphaConvert=False, compareFails=False, noSwarmDependencies=False, noSwarmForceParent=False, genDepth=None, stutter=None, greedyStutter=False, essentials=False, quickAnalysis=False, uniqueValuesAnalysis=False, fastQuickAnalysis=False, speed='FAST', noReassign=False, relax=False)
UNCAUGHT EXCEPTION
ERROR: (<class 'AssertionError'>, AssertionError(), <traceback object at 0x7d721552e040>)
TRACEBACK:
  File "/content/sut.py", line 1314, in replay
    act()
  File "/content/sut.py", line 46, in act0
    check()
  File "/content/sut.py", line 25, in check
    assert find_most_common_number([1, 2, 3, 2, 4, 2, 5, 2, 6]) == 2
Original test has 1 steps
REDUCING...
check()                                                                  # STEP 0
Reduced test has 1 steps
REDUCED IN 0.000453948974609375 SECONDS
Alpha converting test...
check()                                                                  # STEP 0

SAVING TEST AS failure.4898.test
FINAL VERSION OF TEST, WITH LOGGED REPLAY:
check()                                                                  # STEP 0
ACTION: check() 
RAISED EXCEPTION: <class 'AssertionError'> 
ERROR: (<class 'AssertionError'>, AssertionError(), <traceback object at 0x7d721552ed00>)
TRACEBACK:
  File "/content/sut.py", line 1247, in safely
    act[2]()
  File "/content/sut.py", line 46, in act0
    check()
  File "/content/sut.py", line 25, in check
    assert find_most_common_number([1, 2, 3, 2, 4, 2, 5, 2, 6]) == 2
STOPPING TESTING DUE TO FAILED TEST
88.0 PERCENT COVERED
0.01691722869873047 TOTAL RUNTIME
1 EXECUTED
1 TOTAL TEST OPERATIONS
0.000484466552734375 TIME SPENT EXECUTING TEST OPERATIONS
9.059906005859375e-06 TIME SPENT EVALUATING GUARDS AND CHOOSING ACTIONS
0.0 TIME SPENT CHECKING PROPERTIES
0.000484466552734375 TOTAL TIME SPENT RUNNING SUT
0.0073337554931640625 TIME SPENT RESTARTING
0.0006160736083984375 TIME SPENT REDUCING TEST CASES
18 BRANCHES COVERED
13 STATEMENTS COVERED
mutants/myCode.mutant.28.py KILLED IN 0.1533348560333252 (RETURN CODE 255)
  RUNNING SCORE: 1.0
================================================================================
#26: [153.55s 47.17% DONE]
MUTANT: mutants/myCode.mutant.14.py
*** Original
--- Mutant
***************
*** 9,15 ****
          current_num = arr[i]
          current_frequency = 1
  
!         for j in range(i + 1, len(arr)):
              if arr[j] == current_num:
                  current_frequency += 1
  
--- 9,15 ----
          current_num = arr[i]
          current_frequency = 1
  
!         for j in range(i - 1, len(arr)):
              if arr[j] == current_num:
                  current_frequency += 1
  


RUNNING mutants/myCode.mutant.14.py...
Random testing using config=Config(seed=None, timeout=120, maxTests=-1, depth=100, output='failure.4900.test', multiple=False, running=False, quickTests=False, noCover=False, verbose=False, silentFail=False, silentSUT=False, normalize=False, generalize=False, swarm=False, generateLOC=None, biasLOC=None, exploit=None, reducePool=False, Pmutate=0.0, Pcrossover=0.2, profile=False, profileProbs=False, trackStates=False, stopSaturated=False, sessions=4, postCover=False, html=None, replayable=False, total=False, noCheck=False, uncaught=False, checkDeterminism=False, determinismTries=1, determinismDelay=0, checkProcessDeterminism=False, processDetTries=1, processDetDelay=0, quickPrefix='quick', readQuick=False, localize=False, localizeTop=20, full=False, logging=None, failedLogging=None, progress=False, timedProgress=30, ddmin=False, useDependencies=False, enumerateEnabled=False, noEnumerateEnabled=False, trackUsed=False, keepLast=False, noPruneGuards=False, swarmP=0.5, computeFeatureStats=False, saveSwarmCoverage=None, highLowSwarm=None, swarmProbs=None, swarmFromTest=None, swarmSwitch=None, swarmLength=None, probs=None, equalProbs=False, LOCBaseline=0.2, LOCProbs=False, markov=None, markovP=1.0, sequencesFromTests=None, sequenceP=1.0, sequenceSize=3, useQuickSequences=False, savePool=None, readPool=None, startExploit=0.0, startExploitStall=0, verboseExploit=False, exploitCeiling=0.5, useHints=False, noCoverageExploit=False, exploitBestHint=1, internal=False, fullCoverage=None, coverFile='coverage.out', noExceptionMatch=False, throughput=False, stopWhenBranches=None, stopWhenStatements=None, stopWhenNoCoverage=None, stopTestWhenNoCoverage=None, stopTestWhenThroughputBelow=None, stopWhenHitBranch=None, stopWhenHitStatement=None, trackMaxCoverage=None, maxMustHitBranch=None, maxMustHitStatement=None, verboseActions=False, hideOpaque=False, showActions=False, noAlphaConvert=False, compareFails=False, noSwarmDependencies=False, noSwarmForceParent=False, genDepth=None, stutter=None, greedyStutter=False, essentials=False, quickAnalysis=False, uniqueValuesAnalysis=False, fastQuickAnalysis=False, speed='FAST', noReassign=False, relax=False)

HAD TO TERMINATE ANALYSIS (TIMEOUT OR EXCEPTION)
mutants/myCode.mutant.14.py KILLED IN 30.093021631240845 (RETURN CODE None)
  RUNNING SCORE: 1.0
================================================================================
#27: [183.64s 49.06% DONE]
MUTANT: mutants/myCode.mutant.50.py
*** Original
--- Mutant
***************
*** 16,20 ****
--- 16,21 ----
          if current_frequency > max_frequency:
              most_common_num = current_num
              max_frequency = current_frequency
+             continue;
  
      return most_common_num

RUNNING mutants/myCode.mutant.50.py...
Random testing using config=Config(seed=None, timeout=120, maxTests=-1, depth=100, output='failure.5022.test', multiple=False, running=False, quickTests=False, noCover=False, verbose=False, silentFail=False, silentSUT=False, normalize=False, generalize=False, swarm=False, generateLOC=None, biasLOC=None, exploit=None, reducePool=False, Pmutate=0.0, Pcrossover=0.2, profile=False, profileProbs=False, trackStates=False, stopSaturated=False, sessions=4, postCover=False, html=None, replayable=False, total=False, noCheck=False, uncaught=False, checkDeterminism=False, determinismTries=1, determinismDelay=0, checkProcessDeterminism=False, processDetTries=1, processDetDelay=0, quickPrefix='quick', readQuick=False, localize=False, localizeTop=20, full=False, logging=None, failedLogging=None, progress=False, timedProgress=30, ddmin=False, useDependencies=False, enumerateEnabled=False, noEnumerateEnabled=False, trackUsed=False, keepLast=False, noPruneGuards=False, swarmP=0.5, computeFeatureStats=False, saveSwarmCoverage=None, highLowSwarm=None, swarmProbs=None, swarmFromTest=None, swarmSwitch=None, swarmLength=None, probs=None, equalProbs=False, LOCBaseline=0.2, LOCProbs=False, markov=None, markovP=1.0, sequencesFromTests=None, sequenceP=1.0, sequenceSize=3, useQuickSequences=False, savePool=None, readPool=None, startExploit=0.0, startExploitStall=0, verboseExploit=False, exploitCeiling=0.5, useHints=False, noCoverageExploit=False, exploitBestHint=1, internal=False, fullCoverage=None, coverFile='coverage.out', noExceptionMatch=False, throughput=False, stopWhenBranches=None, stopWhenStatements=None, stopWhenNoCoverage=None, stopTestWhenNoCoverage=None, stopTestWhenThroughputBelow=None, stopWhenHitBranch=None, stopWhenHitStatement=None, trackMaxCoverage=None, maxMustHitBranch=None, maxMustHitStatement=None, verboseActions=False, hideOpaque=False, showActions=False, noAlphaConvert=False, compareFails=False, noSwarmDependencies=False, noSwarmForceParent=False, genDepth=None, stutter=None, greedyStutter=False, essentials=False, quickAnalysis=False, uniqueValuesAnalysis=False, fastQuickAnalysis=False, speed='FAST', noReassign=False, relax=False)

HAD TO TERMINATE ANALYSIS (TIMEOUT OR EXCEPTION)
mutants/myCode.mutant.50.py KILLED IN 30.055906534194946 (RETURN CODE None)
  RUNNING SCORE: 1.0
================================================================================
#28: [213.7s 50.94% DONE]
MUTANT: mutants/myCode.mutant.27.py
*** Original
--- Mutant
***************
*** 10,16 ****
          current_frequency = 1
  
          for j in range(i + 1, len(arr)):
!             if arr[j] == current_num:
                  current_frequency += 1
  
          if current_frequency > max_frequency:
--- 10,16 ----
          current_frequency = 1
  
          for j in range(i + 1, len(arr)):
!             if not (arr[j] == current_num):
                  current_frequency += 1
  
          if current_frequency > max_frequency:


RUNNING mutants/myCode.mutant.27.py...
Random testing using config=Config(seed=None, timeout=120, maxTests=-1, depth=100, output='failure.5144.test', multiple=False, running=False, quickTests=False, noCover=False, verbose=False, silentFail=False, silentSUT=False, normalize=False, generalize=False, swarm=False, generateLOC=None, biasLOC=None, exploit=None, reducePool=False, Pmutate=0.0, Pcrossover=0.2, profile=False, profileProbs=False, trackStates=False, stopSaturated=False, sessions=4, postCover=False, html=None, replayable=False, total=False, noCheck=False, uncaught=False, checkDeterminism=False, determinismTries=1, determinismDelay=0, checkProcessDeterminism=False, processDetTries=1, processDetDelay=0, quickPrefix='quick', readQuick=False, localize=False, localizeTop=20, full=False, logging=None, failedLogging=None, progress=False, timedProgress=30, ddmin=False, useDependencies=False, enumerateEnabled=False, noEnumerateEnabled=False, trackUsed=False, keepLast=False, noPruneGuards=False, swarmP=0.5, computeFeatureStats=False, saveSwarmCoverage=None, highLowSwarm=None, swarmProbs=None, swarmFromTest=None, swarmSwitch=None, swarmLength=None, probs=None, equalProbs=False, LOCBaseline=0.2, LOCProbs=False, markov=None, markovP=1.0, sequencesFromTests=None, sequenceP=1.0, sequenceSize=3, useQuickSequences=False, savePool=None, readPool=None, startExploit=0.0, startExploitStall=0, verboseExploit=False, exploitCeiling=0.5, useHints=False, noCoverageExploit=False, exploitBestHint=1, internal=False, fullCoverage=None, coverFile='coverage.out', noExceptionMatch=False, throughput=False, stopWhenBranches=None, stopWhenStatements=None, stopWhenNoCoverage=None, stopTestWhenNoCoverage=None, stopTestWhenThroughputBelow=None, stopWhenHitBranch=None, stopWhenHitStatement=None, trackMaxCoverage=None, maxMustHitBranch=None, maxMustHitStatement=None, verboseActions=False, hideOpaque=False, showActions=False, noAlphaConvert=False, compareFails=False, noSwarmDependencies=False, noSwarmForceParent=False, genDepth=None, stutter=None, greedyStutter=False, essentials=False, quickAnalysis=False, uniqueValuesAnalysis=False, fastQuickAnalysis=False, speed='FAST', noReassign=False, relax=False)
UNCAUGHT EXCEPTION
ERROR: (<class 'AssertionError'>, AssertionError(), <traceback object at 0x78e08ae1a100>)
TRACEBACK:
  File "/content/sut.py", line 1314, in replay
    act()
  File "/content/sut.py", line 46, in act0
    check()
  File "/content/sut.py", line 25, in check
    assert find_most_common_number([1, 2, 3, 2, 4, 2, 5, 2, 6]) == 2
Original test has 1 steps
REDUCING...
check()                                                                  # STEP 0
Reduced test has 1 steps
REDUCED IN 0.00037288665771484375 SECONDS
Alpha converting test...
check()                                                                  # STEP 0

SAVING TEST AS failure.5144.test
FINAL VERSION OF TEST, WITH LOGGED REPLAY:
check()                                                                  # STEP 0
ACTION: check() 
RAISED EXCEPTION: <class 'AssertionError'> 
ERROR: (<class 'AssertionError'>, AssertionError(), <traceback object at 0x78e08b78ecc0>)
TRACEBACK:
  File "/content/sut.py", line 1247, in safely
    act[2]()
  File "/content/sut.py", line 46, in act0
    check()
  File "/content/sut.py", line 25, in check
    assert find_most_common_number([1, 2, 3, 2, 4, 2, 5, 2, 6]) == 2
STOPPING TESTING DUE TO FAILED TEST
88.0 PERCENT COVERED
0.017055034637451172 TOTAL RUNTIME
1 EXECUTED
1 TOTAL TEST OPERATIONS
0.0005536079406738281 TIME SPENT EXECUTING TEST OPERATIONS
1.1444091796875e-05 TIME SPENT EVALUATING GUARDS AND CHOOSING ACTIONS
0.0 TIME SPENT CHECKING PROPERTIES
0.0005536079406738281 TOTAL TIME SPENT RUNNING SUT
0.007545948028564453 TIME SPENT RESTARTING
0.0005548000335693359 TIME SPENT REDUCING TEST CASES
18 BRANCHES COVERED
13 STATEMENTS COVERED
mutants/myCode.mutant.27.py KILLED IN 0.15227460861206055 (RETURN CODE 255)
  RUNNING SCORE: 1.0
================================================================================
#29: [213.85s 52.83% DONE]
MUTANT: mutants/myCode.mutant.37.py
*** Original
--- Mutant
***************
*** 12,17 ****
--- 12,18 ----
          for j in range(i + 1, len(arr)):
              if arr[j] == current_num:
                  current_frequency += 1
+                 continue;
  
          if current_frequency > max_frequency:
              most_common_num = current_num


RUNNING mutants/myCode.mutant.37.py...
Random testing using config=Config(seed=None, timeout=120, maxTests=-1, depth=100, output='failure.5146.test', multiple=False, running=False, quickTests=False, noCover=False, verbose=False, silentFail=False, silentSUT=False, normalize=False, generalize=False, swarm=False, generateLOC=None, biasLOC=None, exploit=None, reducePool=False, Pmutate=0.0, Pcrossover=0.2, profile=False, profileProbs=False, trackStates=False, stopSaturated=False, sessions=4, postCover=False, html=None, replayable=False, total=False, noCheck=False, uncaught=False, checkDeterminism=False, determinismTries=1, determinismDelay=0, checkProcessDeterminism=False, processDetTries=1, processDetDelay=0, quickPrefix='quick', readQuick=False, localize=False, localizeTop=20, full=False, logging=None, failedLogging=None, progress=False, timedProgress=30, ddmin=False, useDependencies=False, enumerateEnabled=False, noEnumerateEnabled=False, trackUsed=False, keepLast=False, noPruneGuards=False, swarmP=0.5, computeFeatureStats=False, saveSwarmCoverage=None, highLowSwarm=None, swarmProbs=None, swarmFromTest=None, swarmSwitch=None, swarmLength=None, probs=None, equalProbs=False, LOCBaseline=0.2, LOCProbs=False, markov=None, markovP=1.0, sequencesFromTests=None, sequenceP=1.0, sequenceSize=3, useQuickSequences=False, savePool=None, readPool=None, startExploit=0.0, startExploitStall=0, verboseExploit=False, exploitCeiling=0.5, useHints=False, noCoverageExploit=False, exploitBestHint=1, internal=False, fullCoverage=None, coverFile='coverage.out', noExceptionMatch=False, throughput=False, stopWhenBranches=None, stopWhenStatements=None, stopWhenNoCoverage=None, stopTestWhenNoCoverage=None, stopTestWhenThroughputBelow=None, stopWhenHitBranch=None, stopWhenHitStatement=None, trackMaxCoverage=None, maxMustHitBranch=None, maxMustHitStatement=None, verboseActions=False, hideOpaque=False, showActions=False, noAlphaConvert=False, compareFails=False, noSwarmDependencies=False, noSwarmForceParent=False, genDepth=None, stutter=None, greedyStutter=False, essentials=False, quickAnalysis=False, uniqueValuesAnalysis=False, fastQuickAnalysis=False, speed='FAST', noReassign=False, relax=False)

HAD TO TERMINATE ANALYSIS (TIMEOUT OR EXCEPTION)
mutants/myCode.mutant.37.py KILLED IN 30.083972215652466 (RETURN CODE None)
  RUNNING SCORE: 1.0
================================================================================
#30: [243.94s 54.72% DONE]
MUTANT: mutants/myCode.mutant.31.py
*** Original
--- Mutant
***************
*** 11,17 ****
  
          for j in range(i + 1, len(arr)):
              if arr[j] == current_num:
!                 current_frequency += 1
  
          if current_frequency > max_frequency:
              most_common_num = current_num
--- 11,17 ----
  
          for j in range(i + 1, len(arr)):
              if arr[j] == current_num:
!                 current_frequency %= 1
  
          if current_frequency > max_frequency:
              most_common_num = current_num


RUNNING mutants/myCode.mutant.31.py...
Random testing using config=Config(seed=None, timeout=120, maxTests=-1, depth=100, output='failure.5268.test', multiple=False, running=False, quickTests=False, noCover=False, verbose=False, silentFail=False, silentSUT=False, normalize=False, generalize=False, swarm=False, generateLOC=None, biasLOC=None, exploit=None, reducePool=False, Pmutate=0.0, Pcrossover=0.2, profile=False, profileProbs=False, trackStates=False, stopSaturated=False, sessions=4, postCover=False, html=None, replayable=False, total=False, noCheck=False, uncaught=False, checkDeterminism=False, determinismTries=1, determinismDelay=0, checkProcessDeterminism=False, processDetTries=1, processDetDelay=0, quickPrefix='quick', readQuick=False, localize=False, localizeTop=20, full=False, logging=None, failedLogging=None, progress=False, timedProgress=30, ddmin=False, useDependencies=False, enumerateEnabled=False, noEnumerateEnabled=False, trackUsed=False, keepLast=False, noPruneGuards=False, swarmP=0.5, computeFeatureStats=False, saveSwarmCoverage=None, highLowSwarm=None, swarmProbs=None, swarmFromTest=None, swarmSwitch=None, swarmLength=None, probs=None, equalProbs=False, LOCBaseline=0.2, LOCProbs=False, markov=None, markovP=1.0, sequencesFromTests=None, sequenceP=1.0, sequenceSize=3, useQuickSequences=False, savePool=None, readPool=None, startExploit=0.0, startExploitStall=0, verboseExploit=False, exploitCeiling=0.5, useHints=False, noCoverageExploit=False, exploitBestHint=1, internal=False, fullCoverage=None, coverFile='coverage.out', noExceptionMatch=False, throughput=False, stopWhenBranches=None, stopWhenStatements=None, stopWhenNoCoverage=None, stopTestWhenNoCoverage=None, stopTestWhenThroughputBelow=None, stopWhenHitBranch=None, stopWhenHitStatement=None, trackMaxCoverage=None, maxMustHitBranch=None, maxMustHitStatement=None, verboseActions=False, hideOpaque=False, showActions=False, noAlphaConvert=False, compareFails=False, noSwarmDependencies=False, noSwarmForceParent=False, genDepth=None, stutter=None, greedyStutter=False, essentials=False, quickAnalysis=False, uniqueValuesAnalysis=False, fastQuickAnalysis=False, speed='FAST', noReassign=False, relax=False)
UNCAUGHT EXCEPTION
ERROR: (<class 'AssertionError'>, AssertionError(), <traceback object at 0x794151e8dfc0>)
TRACEBACK:
  File "/content/sut.py", line 1314, in replay
    act()
  File "/content/sut.py", line 46, in act0
    check()
  File "/content/sut.py", line 25, in check
    assert find_most_common_number([1, 2, 3, 2, 4, 2, 5, 2, 6]) == 2
Original test has 1 steps
REDUCING...
check()                                                                  # STEP 0
Reduced test has 1 steps
REDUCED IN 0.0003762245178222656 SECONDS
Alpha converting test...
check()                                                                  # STEP 0

SAVING TEST AS failure.5268.test
FINAL VERSION OF TEST, WITH LOGGED REPLAY:
check()                                                                  # STEP 0
ACTION: check() 
RAISED EXCEPTION: <class 'AssertionError'> 
ERROR: (<class 'AssertionError'>, AssertionError(), <traceback object at 0x794151e8ec80>)
TRACEBACK:
  File "/content/sut.py", line 1247, in safely
    act[2]()
  File "/content/sut.py", line 46, in act0
    check()
  File "/content/sut.py", line 25, in check
    assert find_most_common_number([1, 2, 3, 2, 4, 2, 5, 2, 6]) == 2
STOPPING TESTING DUE TO FAILED TEST
88.0 PERCENT COVERED
0.01746654510498047 TOTAL RUNTIME
1 EXECUTED
1 TOTAL TEST OPERATIONS
0.0005002021789550781 TIME SPENT EXECUTING TEST OPERATIONS
7.3909759521484375e-06 TIME SPENT EVALUATING GUARDS AND CHOOSING ACTIONS
0.0 TIME SPENT CHECKING PROPERTIES
0.0005002021789550781 TOTAL TIME SPENT RUNNING SUT
0.007987737655639648 TIME SPENT RESTARTING
0.0005395412445068359 TIME SPENT REDUCING TEST CASES
18 BRANCHES COVERED
13 STATEMENTS COVERED
mutants/myCode.mutant.31.py KILLED IN 0.1524507999420166 (RETURN CODE 255)
  RUNNING SCORE: 1.0
================================================================================
#31: [244.09s 56.6% DONE]
MUTANT: mutants/myCode.mutant.2.py
*** Original
--- Mutant
***************
*** 2,8 ****
      if not arr:
          return None
  
!     most_common_num = None
      max_frequency = 0
  
      for i in range(len(arr)):
--- 2,8 ----
      if not arr:
          return None
  
!     pass
      max_frequency = 0
  
      for i in range(len(arr)):


RUNNING mutants/myCode.mutant.2.py...
Random testing using config=Config(seed=None, timeout=120, maxTests=-1, depth=100, output='failure.5270.test', multiple=False, running=False, quickTests=False, noCover=False, verbose=False, silentFail=False, silentSUT=False, normalize=False, generalize=False, swarm=False, generateLOC=None, biasLOC=None, exploit=None, reducePool=False, Pmutate=0.0, Pcrossover=0.2, profile=False, profileProbs=False, trackStates=False, stopSaturated=False, sessions=4, postCover=False, html=None, replayable=False, total=False, noCheck=False, uncaught=False, checkDeterminism=False, determinismTries=1, determinismDelay=0, checkProcessDeterminism=False, processDetTries=1, processDetDelay=0, quickPrefix='quick', readQuick=False, localize=False, localizeTop=20, full=False, logging=None, failedLogging=None, progress=False, timedProgress=30, ddmin=False, useDependencies=False, enumerateEnabled=False, noEnumerateEnabled=False, trackUsed=False, keepLast=False, noPruneGuards=False, swarmP=0.5, computeFeatureStats=False, saveSwarmCoverage=None, highLowSwarm=None, swarmProbs=None, swarmFromTest=None, swarmSwitch=None, swarmLength=None, probs=None, equalProbs=False, LOCBaseline=0.2, LOCProbs=False, markov=None, markovP=1.0, sequencesFromTests=None, sequenceP=1.0, sequenceSize=3, useQuickSequences=False, savePool=None, readPool=None, startExploit=0.0, startExploitStall=0, verboseExploit=False, exploitCeiling=0.5, useHints=False, noCoverageExploit=False, exploitBestHint=1, internal=False, fullCoverage=None, coverFile='coverage.out', noExceptionMatch=False, throughput=False, stopWhenBranches=None, stopWhenStatements=None, stopWhenNoCoverage=None, stopTestWhenNoCoverage=None, stopTestWhenThroughputBelow=None, stopWhenHitBranch=None, stopWhenHitStatement=None, trackMaxCoverage=None, maxMustHitBranch=None, maxMustHitStatement=None, verboseActions=False, hideOpaque=False, showActions=False, noAlphaConvert=False, compareFails=False, noSwarmDependencies=False, noSwarmForceParent=False, genDepth=None, stutter=None, greedyStutter=False, essentials=False, quickAnalysis=False, uniqueValuesAnalysis=False, fastQuickAnalysis=False, speed='FAST', noReassign=False, relax=False)

HAD TO TERMINATE ANALYSIS (TIMEOUT OR EXCEPTION)
mutants/myCode.mutant.2.py KILLED IN 30.091643571853638 (RETURN CODE None)
  RUNNING SCORE: 1.0
================================================================================
#32: [274.19s 58.49% DONE]
MUTANT: mutants/myCode.mutant.15.py
*** Original
--- Mutant
***************
*** 9,15 ****
          current_num = arr[i]
          current_frequency = 1
  
!         for j in range(i + 1, len(arr)):
              if arr[j] == current_num:
                  current_frequency += 1
  
--- 9,15 ----
          current_num = arr[i]
          current_frequency = 1
  
!         for j in range(i * 1, len(arr)):
              if arr[j] == current_num:
                  current_frequency += 1
  


RUNNING mutants/myCode.mutant.15.py...
Random testing using config=Config(seed=None, timeout=120, maxTests=-1, depth=100, output='failure.5392.test', multiple=False, running=False, quickTests=False, noCover=False, verbose=False, silentFail=False, silentSUT=False, normalize=False, generalize=False, swarm=False, generateLOC=None, biasLOC=None, exploit=None, reducePool=False, Pmutate=0.0, Pcrossover=0.2, profile=False, profileProbs=False, trackStates=False, stopSaturated=False, sessions=4, postCover=False, html=None, replayable=False, total=False, noCheck=False, uncaught=False, checkDeterminism=False, determinismTries=1, determinismDelay=0, checkProcessDeterminism=False, processDetTries=1, processDetDelay=0, quickPrefix='quick', readQuick=False, localize=False, localizeTop=20, full=False, logging=None, failedLogging=None, progress=False, timedProgress=30, ddmin=False, useDependencies=False, enumerateEnabled=False, noEnumerateEnabled=False, trackUsed=False, keepLast=False, noPruneGuards=False, swarmP=0.5, computeFeatureStats=False, saveSwarmCoverage=None, highLowSwarm=None, swarmProbs=None, swarmFromTest=None, swarmSwitch=None, swarmLength=None, probs=None, equalProbs=False, LOCBaseline=0.2, LOCProbs=False, markov=None, markovP=1.0, sequencesFromTests=None, sequenceP=1.0, sequenceSize=3, useQuickSequences=False, savePool=None, readPool=None, startExploit=0.0, startExploitStall=0, verboseExploit=False, exploitCeiling=0.5, useHints=False, noCoverageExploit=False, exploitBestHint=1, internal=False, fullCoverage=None, coverFile='coverage.out', noExceptionMatch=False, throughput=False, stopWhenBranches=None, stopWhenStatements=None, stopWhenNoCoverage=None, stopTestWhenNoCoverage=None, stopTestWhenThroughputBelow=None, stopWhenHitBranch=None, stopWhenHitStatement=None, trackMaxCoverage=None, maxMustHitBranch=None, maxMustHitStatement=None, verboseActions=False, hideOpaque=False, showActions=False, noAlphaConvert=False, compareFails=False, noSwarmDependencies=False, noSwarmForceParent=False, genDepth=None, stutter=None, greedyStutter=False, essentials=False, quickAnalysis=False, uniqueValuesAnalysis=False, fastQuickAnalysis=False, speed='FAST', noReassign=False, relax=False)

HAD TO TERMINATE ANALYSIS (TIMEOUT OR EXCEPTION)
mutants/myCode.mutant.15.py KILLED IN 30.05083394050598 (RETURN CODE None)
  RUNNING SCORE: 1.0
================================================================================
#33: [304.24s 60.38% DONE]
MUTANT: mutants/myCode.mutant.32.py
*** Original
--- Mutant
***************
*** 11,17 ****
  
          for j in range(i + 1, len(arr)):
              if arr[j] == current_num:
!                 current_frequency += 1
  
          if current_frequency > max_frequency:
              most_common_num = current_num
--- 11,17 ----
  
          for j in range(i + 1, len(arr)):
              if arr[j] == current_num:
!                 current_frequency =+ 1
  
          if current_frequency > max_frequency:
              most_common_num = current_num


RUNNING mutants/myCode.mutant.32.py...
Random testing using config=Config(seed=None, timeout=120, maxTests=-1, depth=100, output='failure.5514.test', multiple=False, running=False, quickTests=False, noCover=False, verbose=False, silentFail=False, silentSUT=False, normalize=False, generalize=False, swarm=False, generateLOC=None, biasLOC=None, exploit=None, reducePool=False, Pmutate=0.0, Pcrossover=0.2, profile=False, profileProbs=False, trackStates=False, stopSaturated=False, sessions=4, postCover=False, html=None, replayable=False, total=False, noCheck=False, uncaught=False, checkDeterminism=False, determinismTries=1, determinismDelay=0, checkProcessDeterminism=False, processDetTries=1, processDetDelay=0, quickPrefix='quick', readQuick=False, localize=False, localizeTop=20, full=False, logging=None, failedLogging=None, progress=False, timedProgress=30, ddmin=False, useDependencies=False, enumerateEnabled=False, noEnumerateEnabled=False, trackUsed=False, keepLast=False, noPruneGuards=False, swarmP=0.5, computeFeatureStats=False, saveSwarmCoverage=None, highLowSwarm=None, swarmProbs=None, swarmFromTest=None, swarmSwitch=None, swarmLength=None, probs=None, equalProbs=False, LOCBaseline=0.2, LOCProbs=False, markov=None, markovP=1.0, sequencesFromTests=None, sequenceP=1.0, sequenceSize=3, useQuickSequences=False, savePool=None, readPool=None, startExploit=0.0, startExploitStall=0, verboseExploit=False, exploitCeiling=0.5, useHints=False, noCoverageExploit=False, exploitBestHint=1, internal=False, fullCoverage=None, coverFile='coverage.out', noExceptionMatch=False, throughput=False, stopWhenBranches=None, stopWhenStatements=None, stopWhenNoCoverage=None, stopTestWhenNoCoverage=None, stopTestWhenThroughputBelow=None, stopWhenHitBranch=None, stopWhenHitStatement=None, trackMaxCoverage=None, maxMustHitBranch=None, maxMustHitStatement=None, verboseActions=False, hideOpaque=False, showActions=False, noAlphaConvert=False, compareFails=False, noSwarmDependencies=False, noSwarmForceParent=False, genDepth=None, stutter=None, greedyStutter=False, essentials=False, quickAnalysis=False, uniqueValuesAnalysis=False, fastQuickAnalysis=False, speed='FAST', noReassign=False, relax=False)
UNCAUGHT EXCEPTION
ERROR: (<class 'AssertionError'>, AssertionError(), <traceback object at 0x7a1b16f8a040>)
TRACEBACK:
  File "/content/sut.py", line 1314, in replay
    act()
  File "/content/sut.py", line 46, in act0
    check()
  File "/content/sut.py", line 25, in check
    assert find_most_common_number([1, 2, 3, 2, 4, 2, 5, 2, 6]) == 2
Original test has 1 steps
REDUCING...
check()                                                                  # STEP 0
Reduced test has 1 steps
REDUCED IN 0.0005936622619628906 SECONDS
Alpha converting test...
check()                                                                  # STEP 0

SAVING TEST AS failure.5514.test
FINAL VERSION OF TEST, WITH LOGGED REPLAY:
check()                                                                  # STEP 0
ACTION: check() 
RAISED EXCEPTION: <class 'AssertionError'> 
ERROR: (<class 'AssertionError'>, AssertionError(), <traceback object at 0x7a1b16f8ad00>)
TRACEBACK:
  File "/content/sut.py", line 1247, in safely
    act[2]()
  File "/content/sut.py", line 46, in act0
    check()
  File "/content/sut.py", line 25, in check
    assert find_most_common_number([1, 2, 3, 2, 4, 2, 5, 2, 6]) == 2
STOPPING TESTING DUE TO FAILED TEST
88.0 PERCENT COVERED
0.026961326599121094 TOTAL RUNTIME
1 EXECUTED
1 TOTAL TEST OPERATIONS
0.0007476806640625 TIME SPENT EXECUTING TEST OPERATIONS
1.0013580322265625e-05 TIME SPENT EVALUATING GUARDS AND CHOOSING ACTIONS
0.0 TIME SPENT CHECKING PROPERTIES
0.0007476806640625 TOTAL TIME SPENT RUNNING SUT
0.011850118637084961 TIME SPENT RESTARTING
0.0008158683776855469 TIME SPENT REDUCING TEST CASES
18 BRANCHES COVERED
13 STATEMENTS COVERED
mutants/myCode.mutant.32.py KILLED IN 0.2023601531982422 (RETURN CODE 255)
  RUNNING SCORE: 1.0
================================================================================
#34: [304.44s 62.26% DONE]
MUTANT: mutants/myCode.mutant.43.py
*** Original
--- Mutant
***************
*** 13,19 ****
              if arr[j] == current_num:
                  current_frequency += 1
  
!         if current_frequency > max_frequency:
              most_common_num = current_num
              max_frequency = current_frequency
  
--- 13,19 ----
              if arr[j] == current_num:
                  current_frequency += 1
  
!         if current_frequency != max_frequency:
              most_common_num = current_num
              max_frequency = current_frequency
  


RUNNING mutants/myCode.mutant.43.py...
Random testing using config=Config(seed=None, timeout=120, maxTests=-1, depth=100, output='failure.5516.test', multiple=False, running=False, quickTests=False, noCover=False, verbose=False, silentFail=False, silentSUT=False, normalize=False, generalize=False, swarm=False, generateLOC=None, biasLOC=None, exploit=None, reducePool=False, Pmutate=0.0, Pcrossover=0.2, profile=False, profileProbs=False, trackStates=False, stopSaturated=False, sessions=4, postCover=False, html=None, replayable=False, total=False, noCheck=False, uncaught=False, checkDeterminism=False, determinismTries=1, determinismDelay=0, checkProcessDeterminism=False, processDetTries=1, processDetDelay=0, quickPrefix='quick', readQuick=False, localize=False, localizeTop=20, full=False, logging=None, failedLogging=None, progress=False, timedProgress=30, ddmin=False, useDependencies=False, enumerateEnabled=False, noEnumerateEnabled=False, trackUsed=False, keepLast=False, noPruneGuards=False, swarmP=0.5, computeFeatureStats=False, saveSwarmCoverage=None, highLowSwarm=None, swarmProbs=None, swarmFromTest=None, swarmSwitch=None, swarmLength=None, probs=None, equalProbs=False, LOCBaseline=0.2, LOCProbs=False, markov=None, markovP=1.0, sequencesFromTests=None, sequenceP=1.0, sequenceSize=3, useQuickSequences=False, savePool=None, readPool=None, startExploit=0.0, startExploitStall=0, verboseExploit=False, exploitCeiling=0.5, useHints=False, noCoverageExploit=False, exploitBestHint=1, internal=False, fullCoverage=None, coverFile='coverage.out', noExceptionMatch=False, throughput=False, stopWhenBranches=None, stopWhenStatements=None, stopWhenNoCoverage=None, stopTestWhenNoCoverage=None, stopTestWhenThroughputBelow=None, stopWhenHitBranch=None, stopWhenHitStatement=None, trackMaxCoverage=None, maxMustHitBranch=None, maxMustHitStatement=None, verboseActions=False, hideOpaque=False, showActions=False, noAlphaConvert=False, compareFails=False, noSwarmDependencies=False, noSwarmForceParent=False, genDepth=None, stutter=None, greedyStutter=False, essentials=False, quickAnalysis=False, uniqueValuesAnalysis=False, fastQuickAnalysis=False, speed='FAST', noReassign=False, relax=False)
UNCAUGHT EXCEPTION
ERROR: (<class 'AssertionError'>, AssertionError(), <traceback object at 0x7f2830692080>)
TRACEBACK:
  File "/content/sut.py", line 1314, in replay
    act()
  File "/content/sut.py", line 46, in act0
    check()
  File "/content/sut.py", line 25, in check
    assert find_most_common_number([1, 2, 3, 2, 4, 2, 5, 2, 6]) == 2
Original test has 1 steps
REDUCING...
check()                                                                  # STEP 0
Reduced test has 1 steps
REDUCED IN 0.00077056884765625 SECONDS
Alpha converting test...
check()                                                                  # STEP 0

SAVING TEST AS failure.5516.test
FINAL VERSION OF TEST, WITH LOGGED REPLAY:
check()                                                                  # STEP 0
ACTION: check() 
RAISED EXCEPTION: <class 'AssertionError'> 
ERROR: (<class 'AssertionError'>, AssertionError(), <traceback object at 0x7f2830692d40>)
TRACEBACK:
  File "/content/sut.py", line 1247, in safely
    act[2]()
  File "/content/sut.py", line 46, in act0
    check()
  File "/content/sut.py", line 25, in check
    assert find_most_common_number([1, 2, 3, 2, 4, 2, 5, 2, 6]) == 2
STOPPING TESTING DUE TO FAILED TEST
88.0 PERCENT COVERED
0.0300905704498291 TOTAL RUNTIME
1 EXECUTED
1 TOTAL TEST OPERATIONS
0.0008378028869628906 TIME SPENT EXECUTING TEST OPERATIONS
1.6450881958007812e-05 TIME SPENT EVALUATING GUARDS AND CHOOSING ACTIONS
0.0 TIME SPENT CHECKING PROPERTIES
0.0008378028869628906 TOTAL TIME SPENT RUNNING SUT
0.013283014297485352 TIME SPENT RESTARTING
0.0010023117065429688 TIME SPENT REDUCING TEST CASES
18 BRANCHES COVERED
13 STATEMENTS COVERED
mutants/myCode.mutant.43.py KILLED IN 0.2028975486755371 (RETURN CODE 255)
  RUNNING SCORE: 1.0
================================================================================
#35: [304.65s 64.15% DONE]
MUTANT: mutants/myCode.mutant.4.py
*** Original
--- Mutant
***************
*** 3,9 ****
          return None
  
      most_common_num = None
!     max_frequency = 0
  
      for i in range(len(arr)):
          current_num = arr[i]
--- 3,9 ----
          return None
  
      most_common_num = None
!     max_frequency = -1
  
      for i in range(len(arr)):
          current_num = arr[i]


RUNNING mutants/myCode.mutant.4.py...
Random testing using config=Config(seed=None, timeout=120, maxTests=-1, depth=100, output='failure.5518.test', multiple=False, running=False, quickTests=False, noCover=False, verbose=False, silentFail=False, silentSUT=False, normalize=False, generalize=False, swarm=False, generateLOC=None, biasLOC=None, exploit=None, reducePool=False, Pmutate=0.0, Pcrossover=0.2, profile=False, profileProbs=False, trackStates=False, stopSaturated=False, sessions=4, postCover=False, html=None, replayable=False, total=False, noCheck=False, uncaught=False, checkDeterminism=False, determinismTries=1, determinismDelay=0, checkProcessDeterminism=False, processDetTries=1, processDetDelay=0, quickPrefix='quick', readQuick=False, localize=False, localizeTop=20, full=False, logging=None, failedLogging=None, progress=False, timedProgress=30, ddmin=False, useDependencies=False, enumerateEnabled=False, noEnumerateEnabled=False, trackUsed=False, keepLast=False, noPruneGuards=False, swarmP=0.5, computeFeatureStats=False, saveSwarmCoverage=None, highLowSwarm=None, swarmProbs=None, swarmFromTest=None, swarmSwitch=None, swarmLength=None, probs=None, equalProbs=False, LOCBaseline=0.2, LOCProbs=False, markov=None, markovP=1.0, sequencesFromTests=None, sequenceP=1.0, sequenceSize=3, useQuickSequences=False, savePool=None, readPool=None, startExploit=0.0, startExploitStall=0, verboseExploit=False, exploitCeiling=0.5, useHints=False, noCoverageExploit=False, exploitBestHint=1, internal=False, fullCoverage=None, coverFile='coverage.out', noExceptionMatch=False, throughput=False, stopWhenBranches=None, stopWhenStatements=None, stopWhenNoCoverage=None, stopTestWhenNoCoverage=None, stopTestWhenThroughputBelow=None, stopWhenHitBranch=None, stopWhenHitStatement=None, trackMaxCoverage=None, maxMustHitBranch=None, maxMustHitStatement=None, verboseActions=False, hideOpaque=False, showActions=False, noAlphaConvert=False, compareFails=False, noSwarmDependencies=False, noSwarmForceParent=False, genDepth=None, stutter=None, greedyStutter=False, essentials=False, quickAnalysis=False, uniqueValuesAnalysis=False, fastQuickAnalysis=False, speed='FAST', noReassign=False, relax=False)

HAD TO TERMINATE ANALYSIS (TIMEOUT OR EXCEPTION)
mutants/myCode.mutant.4.py KILLED IN 30.060920476913452 (RETURN CODE None)
  RUNNING SCORE: 1.0
================================================================================
#36: [334.71s 66.04% DONE]
MUTANT: mutants/myCode.mutant.35.py
*** Original
--- Mutant
***************
*** 11,17 ****
  
          for j in range(i + 1, len(arr)):
              if arr[j] == current_num:
!                 current_frequency += 1
  
          if current_frequency > max_frequency:
              most_common_num = current_num
--- 11,17 ----
  
          for j in range(i + 1, len(arr)):
              if arr[j] == current_num:
!                 current_frequency += (1+1)
  
          if current_frequency > max_frequency:
              most_common_num = current_num


RUNNING mutants/myCode.mutant.35.py...
Random testing using config=Config(seed=None, timeout=120, maxTests=-1, depth=100, output='failure.5640.test', multiple=False, running=False, quickTests=False, noCover=False, verbose=False, silentFail=False, silentSUT=False, normalize=False, generalize=False, swarm=False, generateLOC=None, biasLOC=None, exploit=None, reducePool=False, Pmutate=0.0, Pcrossover=0.2, profile=False, profileProbs=False, trackStates=False, stopSaturated=False, sessions=4, postCover=False, html=None, replayable=False, total=False, noCheck=False, uncaught=False, checkDeterminism=False, determinismTries=1, determinismDelay=0, checkProcessDeterminism=False, processDetTries=1, processDetDelay=0, quickPrefix='quick', readQuick=False, localize=False, localizeTop=20, full=False, logging=None, failedLogging=None, progress=False, timedProgress=30, ddmin=False, useDependencies=False, enumerateEnabled=False, noEnumerateEnabled=False, trackUsed=False, keepLast=False, noPruneGuards=False, swarmP=0.5, computeFeatureStats=False, saveSwarmCoverage=None, highLowSwarm=None, swarmProbs=None, swarmFromTest=None, swarmSwitch=None, swarmLength=None, probs=None, equalProbs=False, LOCBaseline=0.2, LOCProbs=False, markov=None, markovP=1.0, sequencesFromTests=None, sequenceP=1.0, sequenceSize=3, useQuickSequences=False, savePool=None, readPool=None, startExploit=0.0, startExploitStall=0, verboseExploit=False, exploitCeiling=0.5, useHints=False, noCoverageExploit=False, exploitBestHint=1, internal=False, fullCoverage=None, coverFile='coverage.out', noExceptionMatch=False, throughput=False, stopWhenBranches=None, stopWhenStatements=None, stopWhenNoCoverage=None, stopTestWhenNoCoverage=None, stopTestWhenThroughputBelow=None, stopWhenHitBranch=None, stopWhenHitStatement=None, trackMaxCoverage=None, maxMustHitBranch=None, maxMustHitStatement=None, verboseActions=False, hideOpaque=False, showActions=False, noAlphaConvert=False, compareFails=False, noSwarmDependencies=False, noSwarmForceParent=False, genDepth=None, stutter=None, greedyStutter=False, essentials=False, quickAnalysis=False, uniqueValuesAnalysis=False, fastQuickAnalysis=False, speed='FAST', noReassign=False, relax=False)

HAD TO TERMINATE ANALYSIS (TIMEOUT OR EXCEPTION)
mutants/myCode.mutant.35.py KILLED IN 30.05218768119812 (RETURN CODE None)
  RUNNING SCORE: 1.0
================================================================================
#37: [364.77s 67.92% DONE]
MUTANT: mutants/myCode.mutant.52.py
*** Original
--- Mutant
***************
*** 15,20 ****
  
          if current_frequency > max_frequency:
              most_common_num = current_num
!             max_frequency = current_frequency
  
      return most_common_num--- 15,20 ----
  
          if current_frequency > max_frequency:
              most_common_num = current_num
!             pass
  
      return most_common_num

RUNNING mutants/myCode.mutant.52.py...
Random testing using config=Config(seed=None, timeout=120, maxTests=-1, depth=100, output='failure.5762.test', multiple=False, running=False, quickTests=False, noCover=False, verbose=False, silentFail=False, silentSUT=False, normalize=False, generalize=False, swarm=False, generateLOC=None, biasLOC=None, exploit=None, reducePool=False, Pmutate=0.0, Pcrossover=0.2, profile=False, profileProbs=False, trackStates=False, stopSaturated=False, sessions=4, postCover=False, html=None, replayable=False, total=False, noCheck=False, uncaught=False, checkDeterminism=False, determinismTries=1, determinismDelay=0, checkProcessDeterminism=False, processDetTries=1, processDetDelay=0, quickPrefix='quick', readQuick=False, localize=False, localizeTop=20, full=False, logging=None, failedLogging=None, progress=False, timedProgress=30, ddmin=False, useDependencies=False, enumerateEnabled=False, noEnumerateEnabled=False, trackUsed=False, keepLast=False, noPruneGuards=False, swarmP=0.5, computeFeatureStats=False, saveSwarmCoverage=None, highLowSwarm=None, swarmProbs=None, swarmFromTest=None, swarmSwitch=None, swarmLength=None, probs=None, equalProbs=False, LOCBaseline=0.2, LOCProbs=False, markov=None, markovP=1.0, sequencesFromTests=None, sequenceP=1.0, sequenceSize=3, useQuickSequences=False, savePool=None, readPool=None, startExploit=0.0, startExploitStall=0, verboseExploit=False, exploitCeiling=0.5, useHints=False, noCoverageExploit=False, exploitBestHint=1, internal=False, fullCoverage=None, coverFile='coverage.out', noExceptionMatch=False, throughput=False, stopWhenBranches=None, stopWhenStatements=None, stopWhenNoCoverage=None, stopTestWhenNoCoverage=None, stopTestWhenThroughputBelow=None, stopWhenHitBranch=None, stopWhenHitStatement=None, trackMaxCoverage=None, maxMustHitBranch=None, maxMustHitStatement=None, verboseActions=False, hideOpaque=False, showActions=False, noAlphaConvert=False, compareFails=False, noSwarmDependencies=False, noSwarmForceParent=False, genDepth=None, stutter=None, greedyStutter=False, essentials=False, quickAnalysis=False, uniqueValuesAnalysis=False, fastQuickAnalysis=False, speed='FAST', noReassign=False, relax=False)
UNCAUGHT EXCEPTION
ERROR: (<class 'AssertionError'>, AssertionError(), <traceback object at 0x7bf0694b1f80>)
TRACEBACK:
  File "/content/sut.py", line 1314, in replay
    act()
  File "/content/sut.py", line 46, in act0
    check()
  File "/content/sut.py", line 25, in check
    assert find_most_common_number([1, 2, 3, 2, 4, 2, 5, 2, 6]) == 2
Original test has 1 steps
REDUCING...
check()                                                                  # STEP 0
Reduced test has 1 steps
REDUCED IN 0.00040149688720703125 SECONDS
Alpha converting test...
check()                                                                  # STEP 0

SAVING TEST AS failure.5762.test
FINAL VERSION OF TEST, WITH LOGGED REPLAY:
check()                                                                  # STEP 0
ACTION: check() 
RAISED EXCEPTION: <class 'AssertionError'> 
ERROR: (<class 'AssertionError'>, AssertionError(), <traceback object at 0x7bf069618600>)
TRACEBACK:
  File "/content/sut.py", line 1247, in safely
    act[2]()
  File "/content/sut.py", line 46, in act0
    check()
  File "/content/sut.py", line 25, in check
    assert find_most_common_number([1, 2, 3, 2, 4, 2, 5, 2, 6]) == 2
STOPPING TESTING DUE TO FAILED TEST
84.0 PERCENT COVERED
0.017307519912719727 TOTAL RUNTIME
1 EXECUTED
1 TOTAL TEST OPERATIONS
0.0005033016204833984 TIME SPENT EXECUTING TEST OPERATIONS
8.58306884765625e-06 TIME SPENT EVALUATING GUARDS AND CHOOSING ACTIONS
0.0 TIME SPENT CHECKING PROPERTIES
0.0005033016204833984 TOTAL TIME SPENT RUNNING SUT
0.0076143741607666016 TIME SPENT RESTARTING
0.0005705356597900391 TIME SPENT REDUCING TEST CASES
17 BRANCHES COVERED
13 STATEMENTS COVERED
mutants/myCode.mutant.52.py KILLED IN 0.1535186767578125 (RETURN CODE 255)
  RUNNING SCORE: 1.0
================================================================================
#38: [364.92s 69.81% DONE]
MUTANT: mutants/myCode.mutant.23.py
*** Original
--- Mutant
***************
*** 10,16 ****
          current_frequency = 1
  
          for j in range(i + 1, len(arr)):
!             if arr[j] == current_num:
                  current_frequency += 1
  
          if current_frequency > max_frequency:
--- 10,16 ----
          current_frequency = 1
  
          for j in range(i + 1, len(arr)):
!             if arr[j] <= current_num:
                  current_frequency += 1
  
          if current_frequency > max_frequency:


RUNNING mutants/myCode.mutant.23.py...
Random testing using config=Config(seed=None, timeout=120, maxTests=-1, depth=100, output='failure.5764.test', multiple=False, running=False, quickTests=False, noCover=False, verbose=False, silentFail=False, silentSUT=False, normalize=False, generalize=False, swarm=False, generateLOC=None, biasLOC=None, exploit=None, reducePool=False, Pmutate=0.0, Pcrossover=0.2, profile=False, profileProbs=False, trackStates=False, stopSaturated=False, sessions=4, postCover=False, html=None, replayable=False, total=False, noCheck=False, uncaught=False, checkDeterminism=False, determinismTries=1, determinismDelay=0, checkProcessDeterminism=False, processDetTries=1, processDetDelay=0, quickPrefix='quick', readQuick=False, localize=False, localizeTop=20, full=False, logging=None, failedLogging=None, progress=False, timedProgress=30, ddmin=False, useDependencies=False, enumerateEnabled=False, noEnumerateEnabled=False, trackUsed=False, keepLast=False, noPruneGuards=False, swarmP=0.5, computeFeatureStats=False, saveSwarmCoverage=None, highLowSwarm=None, swarmProbs=None, swarmFromTest=None, swarmSwitch=None, swarmLength=None, probs=None, equalProbs=False, LOCBaseline=0.2, LOCProbs=False, markov=None, markovP=1.0, sequencesFromTests=None, sequenceP=1.0, sequenceSize=3, useQuickSequences=False, savePool=None, readPool=None, startExploit=0.0, startExploitStall=0, verboseExploit=False, exploitCeiling=0.5, useHints=False, noCoverageExploit=False, exploitBestHint=1, internal=False, fullCoverage=None, coverFile='coverage.out', noExceptionMatch=False, throughput=False, stopWhenBranches=None, stopWhenStatements=None, stopWhenNoCoverage=None, stopTestWhenNoCoverage=None, stopTestWhenThroughputBelow=None, stopWhenHitBranch=None, stopWhenHitStatement=None, trackMaxCoverage=None, maxMustHitBranch=None, maxMustHitStatement=None, verboseActions=False, hideOpaque=False, showActions=False, noAlphaConvert=False, compareFails=False, noSwarmDependencies=False, noSwarmForceParent=False, genDepth=None, stutter=None, greedyStutter=False, essentials=False, quickAnalysis=False, uniqueValuesAnalysis=False, fastQuickAnalysis=False, speed='FAST', noReassign=False, relax=False)
UNCAUGHT EXCEPTION
ERROR: (<class 'AssertionError'>, AssertionError(), <traceback object at 0x78b455e56440>)
TRACEBACK:
  File "/content/sut.py", line 1314, in replay
    act()
  File "/content/sut.py", line 46, in act0
    check()
  File "/content/sut.py", line 28, in check
    assert find_most_common_number([1, 2, 3, 2, 4, 3, 5, 4, 6]) == 2
Original test has 1 steps
REDUCING...
check()                                                                  # STEP 0
Reduced test has 1 steps
REDUCED IN 0.00044417381286621094 SECONDS
Alpha converting test...
check()                                                                  # STEP 0

SAVING TEST AS failure.5764.test
FINAL VERSION OF TEST, WITH LOGGED REPLAY:
check()                                                                  # STEP 0
ACTION: check() 
RAISED EXCEPTION: <class 'AssertionError'> 
ERROR: (<class 'AssertionError'>, AssertionError(), <traceback object at 0x78b455e57100>)
TRACEBACK:
  File "/content/sut.py", line 1247, in safely
    act[2]()
  File "/content/sut.py", line 46, in act0
    check()
  File "/content/sut.py", line 28, in check
    assert find_most_common_number([1, 2, 3, 2, 4, 3, 5, 4, 6]) == 2
STOPPING TESTING DUE TO FAILED TEST
96.0 PERCENT COVERED
0.01695084571838379 TOTAL RUNTIME
1 EXECUTED
1 TOTAL TEST OPERATIONS
0.0005745887756347656 TIME SPENT EXECUTING TEST OPERATIONS
6.9141387939453125e-06 TIME SPENT EVALUATING GUARDS AND CHOOSING ACTIONS
0.0 TIME SPENT CHECKING PROPERTIES
0.0005745887756347656 TOTAL TIME SPENT RUNNING SUT
0.007430076599121094 TIME SPENT RESTARTING
0.0006079673767089844 TIME SPENT REDUCING TEST CASES
20 BRANCHES COVERED
14 STATEMENTS COVERED
mutants/myCode.mutant.23.py KILLED IN 0.15225005149841309 (RETURN CODE 255)
  RUNNING SCORE: 1.0
================================================================================
#39: [365.08s 71.7% DONE]
MUTANT: mutants/myCode.mutant.46.py
*** Original
--- Mutant
***************
*** 15,20 ****
--- 15,21 ----
  
          if current_frequency > max_frequency:
              most_common_num = current_num
+             break;
              max_frequency = current_frequency
  
      return most_common_num

RUNNING mutants/myCode.mutant.46.py...
Random testing using config=Config(seed=None, timeout=120, maxTests=-1, depth=100, output='failure.5766.test', multiple=False, running=False, quickTests=False, noCover=False, verbose=False, silentFail=False, silentSUT=False, normalize=False, generalize=False, swarm=False, generateLOC=None, biasLOC=None, exploit=None, reducePool=False, Pmutate=0.0, Pcrossover=0.2, profile=False, profileProbs=False, trackStates=False, stopSaturated=False, sessions=4, postCover=False, html=None, replayable=False, total=False, noCheck=False, uncaught=False, checkDeterminism=False, determinismTries=1, determinismDelay=0, checkProcessDeterminism=False, processDetTries=1, processDetDelay=0, quickPrefix='quick', readQuick=False, localize=False, localizeTop=20, full=False, logging=None, failedLogging=None, progress=False, timedProgress=30, ddmin=False, useDependencies=False, enumerateEnabled=False, noEnumerateEnabled=False, trackUsed=False, keepLast=False, noPruneGuards=False, swarmP=0.5, computeFeatureStats=False, saveSwarmCoverage=None, highLowSwarm=None, swarmProbs=None, swarmFromTest=None, swarmSwitch=None, swarmLength=None, probs=None, equalProbs=False, LOCBaseline=0.2, LOCProbs=False, markov=None, markovP=1.0, sequencesFromTests=None, sequenceP=1.0, sequenceSize=3, useQuickSequences=False, savePool=None, readPool=None, startExploit=0.0, startExploitStall=0, verboseExploit=False, exploitCeiling=0.5, useHints=False, noCoverageExploit=False, exploitBestHint=1, internal=False, fullCoverage=None, coverFile='coverage.out', noExceptionMatch=False, throughput=False, stopWhenBranches=None, stopWhenStatements=None, stopWhenNoCoverage=None, stopTestWhenNoCoverage=None, stopTestWhenThroughputBelow=None, stopWhenHitBranch=None, stopWhenHitStatement=None, trackMaxCoverage=None, maxMustHitBranch=None, maxMustHitStatement=None, verboseActions=False, hideOpaque=False, showActions=False, noAlphaConvert=False, compareFails=False, noSwarmDependencies=False, noSwarmForceParent=False, genDepth=None, stutter=None, greedyStutter=False, essentials=False, quickAnalysis=False, uniqueValuesAnalysis=False, fastQuickAnalysis=False, speed='FAST', noReassign=False, relax=False)
UNCAUGHT EXCEPTION
ERROR: (<class 'AssertionError'>, AssertionError(), <traceback object at 0x78038a275b80>)
TRACEBACK:
  File "/content/sut.py", line 1314, in replay
    act()
  File "/content/sut.py", line 46, in act0
    check()
  File "/content/sut.py", line 25, in check
    assert find_most_common_number([1, 2, 3, 2, 4, 2, 5, 2, 6]) == 2
Original test has 1 steps
REDUCING...
check()                                                                  # STEP 0
Reduced test has 1 steps
REDUCED IN 0.0003402233123779297 SECONDS
Alpha converting test...
check()                                                                  # STEP 0

SAVING TEST AS failure.5766.test
FINAL VERSION OF TEST, WITH LOGGED REPLAY:
check()                                                                  # STEP 0
ACTION: check() 
RAISED EXCEPTION: <class 'AssertionError'> 
ERROR: (<class 'AssertionError'>, AssertionError(), <traceback object at 0x78038a276800>)
TRACEBACK:
  File "/content/sut.py", line 1247, in safely
    act[2]()
  File "/content/sut.py", line 46, in act0
    check()
  File "/content/sut.py", line 25, in check
    assert find_most_common_number([1, 2, 3, 2, 4, 2, 5, 2, 6]) == 2
STOPPING TESTING DUE TO FAILED TEST
72.0 PERCENT COVERED
0.017879962921142578 TOTAL RUNTIME
1 EXECUTED
1 TOTAL TEST OPERATIONS
0.0005521774291992188 TIME SPENT EXECUTING TEST OPERATIONS
7.3909759521484375e-06 TIME SPENT EVALUATING GUARDS AND CHOOSING ACTIONS
0.0 TIME SPENT CHECKING PROPERTIES
0.0005521774291992188 TOTAL TIME SPENT RUNNING SUT
0.008437871932983398 TIME SPENT RESTARTING
0.0004973411560058594 TIME SPENT REDUCING TEST CASES
14 BRANCHES COVERED
12 STATEMENTS COVERED
mutants/myCode.mutant.46.py KILLED IN 0.15215563774108887 (RETURN CODE 255)
  RUNNING SCORE: 1.0
================================================================================
#40: [365.23s 73.58% DONE]
MUTANT: mutants/myCode.mutant.0.py
*** Original
--- Mutant
***************
*** 1,5 ****
  def find_most_common_number(arr):
!     if not arr:
          return None
  
      most_common_num = None
--- 1,5 ----
  def find_most_common_number(arr):
!     if not (not arr):
          return None
  
      most_common_num = None


RUNNING mutants/myCode.mutant.0.py...
Random testing using config=Config(seed=None, timeout=120, maxTests=-1, depth=100, output='failure.5772.test', multiple=False, running=False, quickTests=False, noCover=False, verbose=False, silentFail=False, silentSUT=False, normalize=False, generalize=False, swarm=False, generateLOC=None, biasLOC=None, exploit=None, reducePool=False, Pmutate=0.0, Pcrossover=0.2, profile=False, profileProbs=False, trackStates=False, stopSaturated=False, sessions=4, postCover=False, html=None, replayable=False, total=False, noCheck=False, uncaught=False, checkDeterminism=False, determinismTries=1, determinismDelay=0, checkProcessDeterminism=False, processDetTries=1, processDetDelay=0, quickPrefix='quick', readQuick=False, localize=False, localizeTop=20, full=False, logging=None, failedLogging=None, progress=False, timedProgress=30, ddmin=False, useDependencies=False, enumerateEnabled=False, noEnumerateEnabled=False, trackUsed=False, keepLast=False, noPruneGuards=False, swarmP=0.5, computeFeatureStats=False, saveSwarmCoverage=None, highLowSwarm=None, swarmProbs=None, swarmFromTest=None, swarmSwitch=None, swarmLength=None, probs=None, equalProbs=False, LOCBaseline=0.2, LOCProbs=False, markov=None, markovP=1.0, sequencesFromTests=None, sequenceP=1.0, sequenceSize=3, useQuickSequences=False, savePool=None, readPool=None, startExploit=0.0, startExploitStall=0, verboseExploit=False, exploitCeiling=0.5, useHints=False, noCoverageExploit=False, exploitBestHint=1, internal=False, fullCoverage=None, coverFile='coverage.out', noExceptionMatch=False, throughput=False, stopWhenBranches=None, stopWhenStatements=None, stopWhenNoCoverage=None, stopTestWhenNoCoverage=None, stopTestWhenThroughputBelow=None, stopWhenHitBranch=None, stopWhenHitStatement=None, trackMaxCoverage=None, maxMustHitBranch=None, maxMustHitStatement=None, verboseActions=False, hideOpaque=False, showActions=False, noAlphaConvert=False, compareFails=False, noSwarmDependencies=False, noSwarmForceParent=False, genDepth=None, stutter=None, greedyStutter=False, essentials=False, quickAnalysis=False, uniqueValuesAnalysis=False, fastQuickAnalysis=False, speed='FAST', noReassign=False, relax=False)
UNCAUGHT EXCEPTION
ERROR: (<class 'AssertionError'>, AssertionError(), <traceback object at 0x7baa23041c00>)
TRACEBACK:
  File "/content/sut.py", line 1314, in replay
    act()
  File "/content/sut.py", line 46, in act0
    check()
  File "/content/sut.py", line 25, in check
    assert find_most_common_number([1, 2, 3, 2, 4, 2, 5, 2, 6]) == 2
Original test has 1 steps
REDUCING...
check()                                                                  # STEP 0
Reduced test has 1 steps
REDUCED IN 0.0003275871276855469 SECONDS
Alpha converting test...
check()                                                                  # STEP 0

SAVING TEST AS failure.5772.test
FINAL VERSION OF TEST, WITH LOGGED REPLAY:
check()                                                                  # STEP 0
ACTION: check() 
RAISED EXCEPTION: <class 'AssertionError'> 
ERROR: (<class 'AssertionError'>, AssertionError(), <traceback object at 0x7baa23042880>)
TRACEBACK:
  File "/content/sut.py", line 1247, in safely
    act[2]()
  File "/content/sut.py", line 46, in act0
    check()
  File "/content/sut.py", line 25, in check
    assert find_most_common_number([1, 2, 3, 2, 4, 2, 5, 2, 6]) == 2
STOPPING TESTING DUE TO FAILED TEST
12.0 PERCENT COVERED
0.016863584518432617 TOTAL RUNTIME
1 EXECUTED
1 TOTAL TEST OPERATIONS
0.0004317760467529297 TIME SPENT EXECUTING TEST OPERATIONS
1.049041748046875e-05 TIME SPENT EVALUATING GUARDS AND CHOOSING ACTIONS
0.0 TIME SPENT CHECKING PROPERTIES
0.0004317760467529297 TOTAL TIME SPENT RUNNING SUT
0.00738978385925293 TIME SPENT RESTARTING
0.0004923343658447266 TIME SPENT REDUCING TEST CASES
3 BRANCHES COVERED
2 STATEMENTS COVERED
mutants/myCode.mutant.0.py KILLED IN 0.1523439884185791 (RETURN CODE 255)
  RUNNING SCORE: 1.0
================================================================================
#41: [365.38s 75.47% DONE]
MUTANT: mutants/myCode.mutant.42.py
*** Original
--- Mutant
***************
*** 13,19 ****
              if arr[j] == current_num:
                  current_frequency += 1
  
!         if current_frequency > max_frequency:
              most_common_num = current_num
              max_frequency = current_frequency
  
--- 13,19 ----
              if arr[j] == current_num:
                  current_frequency += 1
  
!         if current_frequency <= max_frequency:
              most_common_num = current_num
              max_frequency = current_frequency
  


RUNNING mutants/myCode.mutant.42.py...
Random testing using config=Config(seed=None, timeout=120, maxTests=-1, depth=100, output='failure.5774.test', multiple=False, running=False, quickTests=False, noCover=False, verbose=False, silentFail=False, silentSUT=False, normalize=False, generalize=False, swarm=False, generateLOC=None, biasLOC=None, exploit=None, reducePool=False, Pmutate=0.0, Pcrossover=0.2, profile=False, profileProbs=False, trackStates=False, stopSaturated=False, sessions=4, postCover=False, html=None, replayable=False, total=False, noCheck=False, uncaught=False, checkDeterminism=False, determinismTries=1, determinismDelay=0, checkProcessDeterminism=False, processDetTries=1, processDetDelay=0, quickPrefix='quick', readQuick=False, localize=False, localizeTop=20, full=False, logging=None, failedLogging=None, progress=False, timedProgress=30, ddmin=False, useDependencies=False, enumerateEnabled=False, noEnumerateEnabled=False, trackUsed=False, keepLast=False, noPruneGuards=False, swarmP=0.5, computeFeatureStats=False, saveSwarmCoverage=None, highLowSwarm=None, swarmProbs=None, swarmFromTest=None, swarmSwitch=None, swarmLength=None, probs=None, equalProbs=False, LOCBaseline=0.2, LOCProbs=False, markov=None, markovP=1.0, sequencesFromTests=None, sequenceP=1.0, sequenceSize=3, useQuickSequences=False, savePool=None, readPool=None, startExploit=0.0, startExploitStall=0, verboseExploit=False, exploitCeiling=0.5, useHints=False, noCoverageExploit=False, exploitBestHint=1, internal=False, fullCoverage=None, coverFile='coverage.out', noExceptionMatch=False, throughput=False, stopWhenBranches=None, stopWhenStatements=None, stopWhenNoCoverage=None, stopTestWhenNoCoverage=None, stopTestWhenThroughputBelow=None, stopWhenHitBranch=None, stopWhenHitStatement=None, trackMaxCoverage=None, maxMustHitBranch=None, maxMustHitStatement=None, verboseActions=False, hideOpaque=False, showActions=False, noAlphaConvert=False, compareFails=False, noSwarmDependencies=False, noSwarmForceParent=False, genDepth=None, stutter=None, greedyStutter=False, essentials=False, quickAnalysis=False, uniqueValuesAnalysis=False, fastQuickAnalysis=False, speed='FAST', noReassign=False, relax=False)
UNCAUGHT EXCEPTION
ERROR: (<class 'AssertionError'>, AssertionError(), <traceback object at 0x7b5d5c2b9c00>)
TRACEBACK:
  File "/content/sut.py", line 1314, in replay
    act()
  File "/content/sut.py", line 46, in act0
    check()
  File "/content/sut.py", line 25, in check
    assert find_most_common_number([1, 2, 3, 2, 4, 2, 5, 2, 6]) == 2
Original test has 1 steps
REDUCING...
check()                                                                  # STEP 0
Reduced test has 1 steps
REDUCED IN 0.00045609474182128906 SECONDS
Alpha converting test...
check()                                                                  # STEP 0

SAVING TEST AS failure.5774.test
FINAL VERSION OF TEST, WITH LOGGED REPLAY:
check()                                                                  # STEP 0
ACTION: check() 
RAISED EXCEPTION: <class 'AssertionError'> 
ERROR: (<class 'AssertionError'>, AssertionError(), <traceback object at 0x7b5d5c2ba880>)
TRACEBACK:
  File "/content/sut.py", line 1247, in safely
    act[2]()
  File "/content/sut.py", line 46, in act0
    check()
  File "/content/sut.py", line 25, in check
    assert find_most_common_number([1, 2, 3, 2, 4, 2, 5, 2, 6]) == 2
STOPPING TESTING DUE TO FAILED TEST
76.0 PERCENT COVERED
0.016764163970947266 TOTAL RUNTIME
1 EXECUTED
1 TOTAL TEST OPERATIONS
0.0004937648773193359 TIME SPENT EXECUTING TEST OPERATIONS
6.9141387939453125e-06 TIME SPENT EVALUATING GUARDS AND CHOOSING ACTIONS
0.0 TIME SPENT CHECKING PROPERTIES
0.0004937648773193359 TOTAL TIME SPENT RUNNING SUT
0.007419109344482422 TIME SPENT RESTARTING
0.0006401538848876953 TIME SPENT REDUCING TEST CASES
15 BRANCHES COVERED
11 STATEMENTS COVERED
mutants/myCode.mutant.42.py KILLED IN 0.1522963047027588 (RETURN CODE 255)
  RUNNING SCORE: 1.0
================================================================================
#42: [365.54s 77.36% DONE]
MUTANT: mutants/myCode.mutant.22.py
*** Original
--- Mutant
***************
*** 10,16 ****
          current_frequency = 1
  
          for j in range(i + 1, len(arr)):
!             if arr[j] == current_num:
                  current_frequency += 1
  
          if current_frequency > max_frequency:
--- 10,16 ----
          current_frequency = 1
  
          for j in range(i + 1, len(arr)):
!             if arr[j] != current_num:
                  current_frequency += 1
  
          if current_frequency > max_frequency:


RUNNING mutants/myCode.mutant.22.py...
Random testing using config=Config(seed=None, timeout=120, maxTests=-1, depth=100, output='failure.5776.test', multiple=False, running=False, quickTests=False, noCover=False, verbose=False, silentFail=False, silentSUT=False, normalize=False, generalize=False, swarm=False, generateLOC=None, biasLOC=None, exploit=None, reducePool=False, Pmutate=0.0, Pcrossover=0.2, profile=False, profileProbs=False, trackStates=False, stopSaturated=False, sessions=4, postCover=False, html=None, replayable=False, total=False, noCheck=False, uncaught=False, checkDeterminism=False, determinismTries=1, determinismDelay=0, checkProcessDeterminism=False, processDetTries=1, processDetDelay=0, quickPrefix='quick', readQuick=False, localize=False, localizeTop=20, full=False, logging=None, failedLogging=None, progress=False, timedProgress=30, ddmin=False, useDependencies=False, enumerateEnabled=False, noEnumerateEnabled=False, trackUsed=False, keepLast=False, noPruneGuards=False, swarmP=0.5, computeFeatureStats=False, saveSwarmCoverage=None, highLowSwarm=None, swarmProbs=None, swarmFromTest=None, swarmSwitch=None, swarmLength=None, probs=None, equalProbs=False, LOCBaseline=0.2, LOCProbs=False, markov=None, markovP=1.0, sequencesFromTests=None, sequenceP=1.0, sequenceSize=3, useQuickSequences=False, savePool=None, readPool=None, startExploit=0.0, startExploitStall=0, verboseExploit=False, exploitCeiling=0.5, useHints=False, noCoverageExploit=False, exploitBestHint=1, internal=False, fullCoverage=None, coverFile='coverage.out', noExceptionMatch=False, throughput=False, stopWhenBranches=None, stopWhenStatements=None, stopWhenNoCoverage=None, stopTestWhenNoCoverage=None, stopTestWhenThroughputBelow=None, stopWhenHitBranch=None, stopWhenHitStatement=None, trackMaxCoverage=None, maxMustHitBranch=None, maxMustHitStatement=None, verboseActions=False, hideOpaque=False, showActions=False, noAlphaConvert=False, compareFails=False, noSwarmDependencies=False, noSwarmForceParent=False, genDepth=None, stutter=None, greedyStutter=False, essentials=False, quickAnalysis=False, uniqueValuesAnalysis=False, fastQuickAnalysis=False, speed='FAST', noReassign=False, relax=False)
UNCAUGHT EXCEPTION
ERROR: (<class 'AssertionError'>, AssertionError(), <traceback object at 0x799efe2d9f80>)
TRACEBACK:
  File "/content/sut.py", line 1314, in replay
    act()
  File "/content/sut.py", line 46, in act0
    check()
  File "/content/sut.py", line 25, in check
    assert find_most_common_number([1, 2, 3, 2, 4, 2, 5, 2, 6]) == 2
Original test has 1 steps
REDUCING...
check()                                                                  # STEP 0
Reduced test has 1 steps
REDUCED IN 0.0004248619079589844 SECONDS
Alpha converting test...
check()                                                                  # STEP 0

SAVING TEST AS failure.5776.test
FINAL VERSION OF TEST, WITH LOGGED REPLAY:
check()                                                                  # STEP 0
ACTION: check() 
RAISED EXCEPTION: <class 'AssertionError'> 
ERROR: (<class 'AssertionError'>, AssertionError(), <traceback object at 0x799efea37380>)
TRACEBACK:
  File "/content/sut.py", line 1247, in safely
    act[2]()
  File "/content/sut.py", line 46, in act0
    check()
  File "/content/sut.py", line 25, in check
    assert find_most_common_number([1, 2, 3, 2, 4, 2, 5, 2, 6]) == 2
STOPPING TESTING DUE TO FAILED TEST
88.0 PERCENT COVERED
0.017101526260375977 TOTAL RUNTIME
1 EXECUTED
1 TOTAL TEST OPERATIONS
0.0004634857177734375 TIME SPENT EXECUTING TEST OPERATIONS
7.3909759521484375e-06 TIME SPENT EVALUATING GUARDS AND CHOOSING ACTIONS
0.0 TIME SPENT CHECKING PROPERTIES
0.0004634857177734375 TOTAL TIME SPENT RUNNING SUT
0.00762486457824707 TIME SPENT RESTARTING
0.0006039142608642578 TIME SPENT REDUCING TEST CASES
18 BRANCHES COVERED
13 STATEMENTS COVERED
mutants/myCode.mutant.22.py KILLED IN 0.15244770050048828 (RETURN CODE 255)
  RUNNING SCORE: 1.0
================================================================================
#43: [365.69s 79.25% DONE]
MUTANT: mutants/myCode.mutant.25.py
*** Original
--- Mutant
***************
*** 10,16 ****
          current_frequency = 1
  
          for j in range(i + 1, len(arr)):
!             if arr[j] == current_num:
                  current_frequency += 1
  
          if current_frequency > max_frequency:
--- 10,16 ----
          current_frequency = 1
  
          for j in range(i + 1, len(arr)):
!             if arr[j] > current_num:
                  current_frequency += 1
  
          if current_frequency > max_frequency:


RUNNING mutants/myCode.mutant.25.py...
Random testing using config=Config(seed=None, timeout=120, maxTests=-1, depth=100, output='failure.5778.test', multiple=False, running=False, quickTests=False, noCover=False, verbose=False, silentFail=False, silentSUT=False, normalize=False, generalize=False, swarm=False, generateLOC=None, biasLOC=None, exploit=None, reducePool=False, Pmutate=0.0, Pcrossover=0.2, profile=False, profileProbs=False, trackStates=False, stopSaturated=False, sessions=4, postCover=False, html=None, replayable=False, total=False, noCheck=False, uncaught=False, checkDeterminism=False, determinismTries=1, determinismDelay=0, checkProcessDeterminism=False, processDetTries=1, processDetDelay=0, quickPrefix='quick', readQuick=False, localize=False, localizeTop=20, full=False, logging=None, failedLogging=None, progress=False, timedProgress=30, ddmin=False, useDependencies=False, enumerateEnabled=False, noEnumerateEnabled=False, trackUsed=False, keepLast=False, noPruneGuards=False, swarmP=0.5, computeFeatureStats=False, saveSwarmCoverage=None, highLowSwarm=None, swarmProbs=None, swarmFromTest=None, swarmSwitch=None, swarmLength=None, probs=None, equalProbs=False, LOCBaseline=0.2, LOCProbs=False, markov=None, markovP=1.0, sequencesFromTests=None, sequenceP=1.0, sequenceSize=3, useQuickSequences=False, savePool=None, readPool=None, startExploit=0.0, startExploitStall=0, verboseExploit=False, exploitCeiling=0.5, useHints=False, noCoverageExploit=False, exploitBestHint=1, internal=False, fullCoverage=None, coverFile='coverage.out', noExceptionMatch=False, throughput=False, stopWhenBranches=None, stopWhenStatements=None, stopWhenNoCoverage=None, stopTestWhenNoCoverage=None, stopTestWhenThroughputBelow=None, stopWhenHitBranch=None, stopWhenHitStatement=None, trackMaxCoverage=None, maxMustHitBranch=None, maxMustHitStatement=None, verboseActions=False, hideOpaque=False, showActions=False, noAlphaConvert=False, compareFails=False, noSwarmDependencies=False, noSwarmForceParent=False, genDepth=None, stutter=None, greedyStutter=False, essentials=False, quickAnalysis=False, uniqueValuesAnalysis=False, fastQuickAnalysis=False, speed='FAST', noReassign=False, relax=False)
UNCAUGHT EXCEPTION
ERROR: (<class 'AssertionError'>, AssertionError(), <traceback object at 0x7b7cd36f5f00>)
TRACEBACK:
  File "/content/sut.py", line 1314, in replay
    act()
  File "/content/sut.py", line 46, in act0
    check()
  File "/content/sut.py", line 25, in check
    assert find_most_common_number([1, 2, 3, 2, 4, 2, 5, 2, 6]) == 2
Original test has 1 steps
REDUCING...
check()                                                                  # STEP 0
Reduced test has 1 steps
REDUCED IN 0.00045108795166015625 SECONDS
Alpha converting test...
check()                                                                  # STEP 0

SAVING TEST AS failure.5778.test
FINAL VERSION OF TEST, WITH LOGGED REPLAY:
check()                                                                  # STEP 0
ACTION: check() 
RAISED EXCEPTION: <class 'AssertionError'> 
ERROR: (<class 'AssertionError'>, AssertionError(), <traceback object at 0x7b7cd36f6bc0>)
TRACEBACK:
  File "/content/sut.py", line 1247, in safely
    act[2]()
  File "/content/sut.py", line 46, in act0
    check()
  File "/content/sut.py", line 25, in check
    assert find_most_common_number([1, 2, 3, 2, 4, 2, 5, 2, 6]) == 2
STOPPING TESTING DUE TO FAILED TEST
88.0 PERCENT COVERED
0.017693758010864258 TOTAL RUNTIME
1 EXECUTED
1 TOTAL TEST OPERATIONS
0.00075531005859375 TIME SPENT EXECUTING TEST OPERATIONS
7.3909759521484375e-06 TIME SPENT EVALUATING GUARDS AND CHOOSING ACTIONS
0.0 TIME SPENT CHECKING PROPERTIES
0.00075531005859375 TOTAL TIME SPENT RUNNING SUT
0.007414817810058594 TIME SPENT RESTARTING
0.0006241798400878906 TIME SPENT REDUCING TEST CASES
18 BRANCHES COVERED
13 STATEMENTS COVERED
mutants/myCode.mutant.25.py KILLED IN 0.15217113494873047 (RETURN CODE 255)
  RUNNING SCORE: 1.0
================================================================================
#44: [365.85s 81.13% DONE]
MUTANT: mutants/myCode.mutant.3.py
*** Original
--- Mutant
***************
*** 3,9 ****
          return None
  
      most_common_num = None
!     max_frequency = 0
  
      for i in range(len(arr)):
          current_num = arr[i]
--- 3,9 ----
          return None
  
      most_common_num = None
!     max_frequency = 1
  
      for i in range(len(arr)):
          current_num = arr[i]


RUNNING mutants/myCode.mutant.3.py...
Random testing using config=Config(seed=None, timeout=120, maxTests=-1, depth=100, output='failure.5780.test', multiple=False, running=False, quickTests=False, noCover=False, verbose=False, silentFail=False, silentSUT=False, normalize=False, generalize=False, swarm=False, generateLOC=None, biasLOC=None, exploit=None, reducePool=False, Pmutate=0.0, Pcrossover=0.2, profile=False, profileProbs=False, trackStates=False, stopSaturated=False, sessions=4, postCover=False, html=None, replayable=False, total=False, noCheck=False, uncaught=False, checkDeterminism=False, determinismTries=1, determinismDelay=0, checkProcessDeterminism=False, processDetTries=1, processDetDelay=0, quickPrefix='quick', readQuick=False, localize=False, localizeTop=20, full=False, logging=None, failedLogging=None, progress=False, timedProgress=30, ddmin=False, useDependencies=False, enumerateEnabled=False, noEnumerateEnabled=False, trackUsed=False, keepLast=False, noPruneGuards=False, swarmP=0.5, computeFeatureStats=False, saveSwarmCoverage=None, highLowSwarm=None, swarmProbs=None, swarmFromTest=None, swarmSwitch=None, swarmLength=None, probs=None, equalProbs=False, LOCBaseline=0.2, LOCProbs=False, markov=None, markovP=1.0, sequencesFromTests=None, sequenceP=1.0, sequenceSize=3, useQuickSequences=False, savePool=None, readPool=None, startExploit=0.0, startExploitStall=0, verboseExploit=False, exploitCeiling=0.5, useHints=False, noCoverageExploit=False, exploitBestHint=1, internal=False, fullCoverage=None, coverFile='coverage.out', noExceptionMatch=False, throughput=False, stopWhenBranches=None, stopWhenStatements=None, stopWhenNoCoverage=None, stopTestWhenNoCoverage=None, stopTestWhenThroughputBelow=None, stopWhenHitBranch=None, stopWhenHitStatement=None, trackMaxCoverage=None, maxMustHitBranch=None, maxMustHitStatement=None, verboseActions=False, hideOpaque=False, showActions=False, noAlphaConvert=False, compareFails=False, noSwarmDependencies=False, noSwarmForceParent=False, genDepth=None, stutter=None, greedyStutter=False, essentials=False, quickAnalysis=False, uniqueValuesAnalysis=False, fastQuickAnalysis=False, speed='FAST', noReassign=False, relax=False)
UNCAUGHT EXCEPTION
ERROR: (<class 'AssertionError'>, AssertionError(), <traceback object at 0x79f091fa2000>)
TRACEBACK:
  File "/content/sut.py", line 1314, in replay
    act()
  File "/content/sut.py", line 46, in act0
    check()
  File "/content/sut.py", line 26, in check
    assert find_most_common_number([7]) == 7
Original test has 1 steps
REDUCING...
check()                                                                  # STEP 0
Reduced test has 1 steps
REDUCED IN 0.0004258155822753906 SECONDS
Alpha converting test...
check()                                                                  # STEP 0

SAVING TEST AS failure.5780.test
FINAL VERSION OF TEST, WITH LOGGED REPLAY:
check()                                                                  # STEP 0
ACTION: check() 
RAISED EXCEPTION: <class 'AssertionError'> 
ERROR: (<class 'AssertionError'>, AssertionError(), <traceback object at 0x79f09265a980>)
TRACEBACK:
  File "/content/sut.py", line 1247, in safely
    act[2]()
  File "/content/sut.py", line 46, in act0
    check()
  File "/content/sut.py", line 26, in check
    assert find_most_common_number([7]) == 7
STOPPING TESTING DUE TO FAILED TEST
88.0 PERCENT COVERED
0.017709970474243164 TOTAL RUNTIME
1 EXECUTED
1 TOTAL TEST OPERATIONS
0.0004932880401611328 TIME SPENT EXECUTING TEST OPERATIONS
6.67572021484375e-06 TIME SPENT EVALUATING GUARDS AND CHOOSING ACTIONS
0.0 TIME SPENT CHECKING PROPERTIES
0.0004932880401611328 TOTAL TIME SPENT RUNNING SUT
0.007532596588134766 TIME SPENT RESTARTING
0.0005898475646972656 TIME SPENT REDUCING TEST CASES
18 BRANCHES COVERED
13 STATEMENTS COVERED
mutants/myCode.mutant.3.py KILLED IN 0.15222930908203125 (RETURN CODE 255)
  RUNNING SCORE: 1.0
================================================================================
#45: [366.0s 83.02% DONE]
MUTANT: mutants/myCode.mutant.9.py
*** Original
--- Mutant
***************
*** 6,12 ****
      max_frequency = 0
  
      for i in range(len(arr)):
!         current_num = arr[i]
          current_frequency = 1
  
          for j in range(i + 1, len(arr)):
--- 6,12 ----
      max_frequency = 0
  
      for i in range(len(arr)):
!         pass
          current_frequency = 1
  
          for j in range(i + 1, len(arr)):


RUNNING mutants/myCode.mutant.9.py...
Random testing using config=Config(seed=None, timeout=120, maxTests=-1, depth=100, output='failure.5782.test', multiple=False, running=False, quickTests=False, noCover=False, verbose=False, silentFail=False, silentSUT=False, normalize=False, generalize=False, swarm=False, generateLOC=None, biasLOC=None, exploit=None, reducePool=False, Pmutate=0.0, Pcrossover=0.2, profile=False, profileProbs=False, trackStates=False, stopSaturated=False, sessions=4, postCover=False, html=None, replayable=False, total=False, noCheck=False, uncaught=False, checkDeterminism=False, determinismTries=1, determinismDelay=0, checkProcessDeterminism=False, processDetTries=1, processDetDelay=0, quickPrefix='quick', readQuick=False, localize=False, localizeTop=20, full=False, logging=None, failedLogging=None, progress=False, timedProgress=30, ddmin=False, useDependencies=False, enumerateEnabled=False, noEnumerateEnabled=False, trackUsed=False, keepLast=False, noPruneGuards=False, swarmP=0.5, computeFeatureStats=False, saveSwarmCoverage=None, highLowSwarm=None, swarmProbs=None, swarmFromTest=None, swarmSwitch=None, swarmLength=None, probs=None, equalProbs=False, LOCBaseline=0.2, LOCProbs=False, markov=None, markovP=1.0, sequencesFromTests=None, sequenceP=1.0, sequenceSize=3, useQuickSequences=False, savePool=None, readPool=None, startExploit=0.0, startExploitStall=0, verboseExploit=False, exploitCeiling=0.5, useHints=False, noCoverageExploit=False, exploitBestHint=1, internal=False, fullCoverage=None, coverFile='coverage.out', noExceptionMatch=False, throughput=False, stopWhenBranches=None, stopWhenStatements=None, stopWhenNoCoverage=None, stopTestWhenNoCoverage=None, stopTestWhenThroughputBelow=None, stopWhenHitBranch=None, stopWhenHitStatement=None, trackMaxCoverage=None, maxMustHitBranch=None, maxMustHitStatement=None, verboseActions=False, hideOpaque=False, showActions=False, noAlphaConvert=False, compareFails=False, noSwarmDependencies=False, noSwarmForceParent=False, genDepth=None, stutter=None, greedyStutter=False, essentials=False, quickAnalysis=False, uniqueValuesAnalysis=False, fastQuickAnalysis=False, speed='FAST', noReassign=False, relax=False)
UNCAUGHT EXCEPTION
ERROR: (<class 'NameError'>, NameError("name 'current_num' is not defined"), <traceback object at 0x7d308c881c40>)
TRACEBACK:
  File "/content/sut.py", line 1314, in replay
    act()
  File "/content/sut.py", line 46, in act0
    check()
  File "/content/sut.py", line 25, in check
    assert find_most_common_number([1, 2, 3, 2, 4, 2, 5, 2, 6]) == 2
  File "/content/myCode.py", line 13, in find_most_common_number
    if arr[j] == current_num:
Original test has 1 steps
REDUCING...
check()                                                                  # STEP 0
Reduced test has 1 steps
REDUCED IN 0.0005438327789306641 SECONDS
Alpha converting test...
check()                                                                  # STEP 0

SAVING TEST AS failure.5782.test
FINAL VERSION OF TEST, WITH LOGGED REPLAY:
check()                                                                  # STEP 0
ACTION: check() 
RAISED EXCEPTION: <class 'NameError'> name 'current_num' is not defined
ERROR: (<class 'NameError'>, NameError("name 'current_num' is not defined"), <traceback object at 0x7d308c882c40>)
TRACEBACK:
  File "/content/sut.py", line 1247, in safely
    act[2]()
  File "/content/sut.py", line 46, in act0
    check()
  File "/content/sut.py", line 25, in check
    assert find_most_common_number([1, 2, 3, 2, 4, 2, 5, 2, 6]) == 2
  File "/content/myCode.py", line 13, in find_most_common_number
    if arr[j] == current_num:
STOPPING TESTING DUE TO FAILED TEST
44.0 PERCENT COVERED
0.026854515075683594 TOTAL RUNTIME
1 EXECUTED
1 TOTAL TEST OPERATIONS
0.0007314682006835938 TIME SPENT EXECUTING TEST OPERATIONS
1.1205673217773438e-05 TIME SPENT EVALUATING GUARDS AND CHOOSING ACTIONS
0.0 TIME SPENT CHECKING PROPERTIES
0.0007314682006835938 TOTAL TIME SPENT RUNNING SUT
0.011737346649169922 TIME SPENT RESTARTING
0.0007774829864501953 TIME SPENT REDUCING TEST CASES
9 BRANCHES COVERED
8 STATEMENTS COVERED
mutants/myCode.mutant.9.py KILLED IN 0.20247578620910645 (RETURN CODE 255)
  RUNNING SCORE: 1.0
================================================================================
#46: [366.21s 84.91% DONE]
MUTANT: mutants/myCode.mutant.30.py
*** Original
--- Mutant
***************
*** 11,17 ****
  
          for j in range(i + 1, len(arr)):
              if arr[j] == current_num:
!                 current_frequency += 1
  
          if current_frequency > max_frequency:
              most_common_num = current_num
--- 11,17 ----
  
          for j in range(i + 1, len(arr)):
              if arr[j] == current_num:
!                 current_frequency /= 1
  
          if current_frequency > max_frequency:
              most_common_num = current_num


RUNNING mutants/myCode.mutant.30.py...
Random testing using config=Config(seed=None, timeout=120, maxTests=-1, depth=100, output='failure.5788.test', multiple=False, running=False, quickTests=False, noCover=False, verbose=False, silentFail=False, silentSUT=False, normalize=False, generalize=False, swarm=False, generateLOC=None, biasLOC=None, exploit=None, reducePool=False, Pmutate=0.0, Pcrossover=0.2, profile=False, profileProbs=False, trackStates=False, stopSaturated=False, sessions=4, postCover=False, html=None, replayable=False, total=False, noCheck=False, uncaught=False, checkDeterminism=False, determinismTries=1, determinismDelay=0, checkProcessDeterminism=False, processDetTries=1, processDetDelay=0, quickPrefix='quick', readQuick=False, localize=False, localizeTop=20, full=False, logging=None, failedLogging=None, progress=False, timedProgress=30, ddmin=False, useDependencies=False, enumerateEnabled=False, noEnumerateEnabled=False, trackUsed=False, keepLast=False, noPruneGuards=False, swarmP=0.5, computeFeatureStats=False, saveSwarmCoverage=None, highLowSwarm=None, swarmProbs=None, swarmFromTest=None, swarmSwitch=None, swarmLength=None, probs=None, equalProbs=False, LOCBaseline=0.2, LOCProbs=False, markov=None, markovP=1.0, sequencesFromTests=None, sequenceP=1.0, sequenceSize=3, useQuickSequences=False, savePool=None, readPool=None, startExploit=0.0, startExploitStall=0, verboseExploit=False, exploitCeiling=0.5, useHints=False, noCoverageExploit=False, exploitBestHint=1, internal=False, fullCoverage=None, coverFile='coverage.out', noExceptionMatch=False, throughput=False, stopWhenBranches=None, stopWhenStatements=None, stopWhenNoCoverage=None, stopTestWhenNoCoverage=None, stopTestWhenThroughputBelow=None, stopWhenHitBranch=None, stopWhenHitStatement=None, trackMaxCoverage=None, maxMustHitBranch=None, maxMustHitStatement=None, verboseActions=False, hideOpaque=False, showActions=False, noAlphaConvert=False, compareFails=False, noSwarmDependencies=False, noSwarmForceParent=False, genDepth=None, stutter=None, greedyStutter=False, essentials=False, quickAnalysis=False, uniqueValuesAnalysis=False, fastQuickAnalysis=False, speed='FAST', noReassign=False, relax=False)
UNCAUGHT EXCEPTION
ERROR: (<class 'AssertionError'>, AssertionError(), <traceback object at 0x7bb53cf3e180>)
TRACEBACK:
  File "/content/sut.py", line 1314, in replay
    act()
  File "/content/sut.py", line 46, in act0
    check()
  File "/content/sut.py", line 25, in check
    assert find_most_common_number([1, 2, 3, 2, 4, 2, 5, 2, 6]) == 2
Original test has 1 steps
REDUCING...
check()                                                                  # STEP 0
Reduced test has 1 steps
REDUCED IN 0.0005757808685302734 SECONDS
Alpha converting test...
check()                                                                  # STEP 0

SAVING TEST AS failure.5788.test
FINAL VERSION OF TEST, WITH LOGGED REPLAY:
check()                                                                  # STEP 0
ACTION: check() 
RAISED EXCEPTION: <class 'AssertionError'> 
ERROR: (<class 'AssertionError'>, AssertionError(), <traceback object at 0x7bb53cf3ee40>)
TRACEBACK:
  File "/content/sut.py", line 1247, in safely
    act[2]()
  File "/content/sut.py", line 46, in act0
    check()
  File "/content/sut.py", line 25, in check
    assert find_most_common_number([1, 2, 3, 2, 4, 2, 5, 2, 6]) == 2
STOPPING TESTING DUE TO FAILED TEST
88.0 PERCENT COVERED
0.04560971260070801 TOTAL RUNTIME
1 EXECUTED
1 TOTAL TEST OPERATIONS
0.0008411407470703125 TIME SPENT EXECUTING TEST OPERATIONS
1.1920928955078125e-05 TIME SPENT EVALUATING GUARDS AND CHOOSING ACTIONS
0.0 TIME SPENT CHECKING PROPERTIES
0.0008411407470703125 TOTAL TIME SPENT RUNNING SUT
0.02147078514099121 TIME SPENT RESTARTING
0.0009093284606933594 TIME SPENT REDUCING TEST CASES
18 BRANCHES COVERED
13 STATEMENTS COVERED
mutants/myCode.mutant.30.py KILLED IN 0.2527132034301758 (RETURN CODE 255)
  RUNNING SCORE: 1.0
================================================================================
#47: [366.46s 86.79% DONE]
MUTANT: mutants/myCode.mutant.21.py
*** Original
--- Mutant
***************
*** 9,15 ****
          current_num = arr[i]
          current_frequency = 1
  
!         for j in range(i + 1, len(arr)):
              if arr[j] == current_num:
                  current_frequency += 1
  
--- 9,15 ----
          current_num = arr[i]
          current_frequency = 1
  
!         for j in range( len(arr,i + 1)):
              if arr[j] == current_num:
                  current_frequency += 1
  


RUNNING mutants/myCode.mutant.21.py...
Random testing using config=Config(seed=None, timeout=120, maxTests=-1, depth=100, output='failure.5790.test', multiple=False, running=False, quickTests=False, noCover=False, verbose=False, silentFail=False, silentSUT=False, normalize=False, generalize=False, swarm=False, generateLOC=None, biasLOC=None, exploit=None, reducePool=False, Pmutate=0.0, Pcrossover=0.2, profile=False, profileProbs=False, trackStates=False, stopSaturated=False, sessions=4, postCover=False, html=None, replayable=False, total=False, noCheck=False, uncaught=False, checkDeterminism=False, determinismTries=1, determinismDelay=0, checkProcessDeterminism=False, processDetTries=1, processDetDelay=0, quickPrefix='quick', readQuick=False, localize=False, localizeTop=20, full=False, logging=None, failedLogging=None, progress=False, timedProgress=30, ddmin=False, useDependencies=False, enumerateEnabled=False, noEnumerateEnabled=False, trackUsed=False, keepLast=False, noPruneGuards=False, swarmP=0.5, computeFeatureStats=False, saveSwarmCoverage=None, highLowSwarm=None, swarmProbs=None, swarmFromTest=None, swarmSwitch=None, swarmLength=None, probs=None, equalProbs=False, LOCBaseline=0.2, LOCProbs=False, markov=None, markovP=1.0, sequencesFromTests=None, sequenceP=1.0, sequenceSize=3, useQuickSequences=False, savePool=None, readPool=None, startExploit=0.0, startExploitStall=0, verboseExploit=False, exploitCeiling=0.5, useHints=False, noCoverageExploit=False, exploitBestHint=1, internal=False, fullCoverage=None, coverFile='coverage.out', noExceptionMatch=False, throughput=False, stopWhenBranches=None, stopWhenStatements=None, stopWhenNoCoverage=None, stopTestWhenNoCoverage=None, stopTestWhenThroughputBelow=None, stopWhenHitBranch=None, stopWhenHitStatement=None, trackMaxCoverage=None, maxMustHitBranch=None, maxMustHitStatement=None, verboseActions=False, hideOpaque=False, showActions=False, noAlphaConvert=False, compareFails=False, noSwarmDependencies=False, noSwarmForceParent=False, genDepth=None, stutter=None, greedyStutter=False, essentials=False, quickAnalysis=False, uniqueValuesAnalysis=False, fastQuickAnalysis=False, speed='FAST', noReassign=False, relax=False)
UNCAUGHT EXCEPTION
ERROR: (<class 'TypeError'>, TypeError('len() takes exactly one argument (2 given)'), <traceback object at 0x7cfb62539ec0>)
TRACEBACK:
  File "/content/sut.py", line 1314, in replay
    act()
  File "/content/sut.py", line 46, in act0
    check()
  File "/content/sut.py", line 25, in check
    assert find_most_common_number([1, 2, 3, 2, 4, 2, 5, 2, 6]) == 2
  File "/content/myCode.py", line 12, in find_most_common_number
    for j in range( len(arr,i + 1)):
Original test has 1 steps
REDUCING...
check()                                                                  # STEP 0
Reduced test has 1 steps
REDUCED IN 0.000579833984375 SECONDS
Alpha converting test...
check()                                                                  # STEP 0

SAVING TEST AS failure.5790.test
FINAL VERSION OF TEST, WITH LOGGED REPLAY:
check()                                                                  # STEP 0
ACTION: check() 
RAISED EXCEPTION: <class 'TypeError'> len() takes exactly one argument (2 given)
ERROR: (<class 'TypeError'>, TypeError('len() takes exactly one argument (2 given)'), <traceback object at 0x7cfb6253ac00>)
TRACEBACK:
  File "/content/sut.py", line 1247, in safely
    act[2]()
  File "/content/sut.py", line 46, in act0
    check()
  File "/content/sut.py", line 25, in check
    assert find_most_common_number([1, 2, 3, 2, 4, 2, 5, 2, 6]) == 2
  File "/content/myCode.py", line 12, in find_most_common_number
    for j in range( len(arr,i + 1)):
STOPPING TESTING DUE TO FAILED TEST
36.0 PERCENT COVERED
0.028241395950317383 TOTAL RUNTIME
1 EXECUTED
1 TOTAL TEST OPERATIONS
0.0010237693786621094 TIME SPENT EXECUTING TEST OPERATIONS
1.1444091796875e-05 TIME SPENT EVALUATING GUARDS AND CHOOSING ACTIONS
0.0 TIME SPENT CHECKING PROPERTIES
0.0010237693786621094 TOTAL TIME SPENT RUNNING SUT
0.012756109237670898 TIME SPENT RESTARTING
0.0008139610290527344 TIME SPENT REDUCING TEST CASES
8 BRANCHES COVERED
7 STATEMENTS COVERED
mutants/myCode.mutant.21.py KILLED IN 0.20296835899353027 (RETURN CODE 255)
  RUNNING SCORE: 1.0
================================================================================
#48: [366.67s 88.68% DONE]
MUTANT: mutants/myCode.mutant.20.py
*** Original
--- Mutant
***************
*** 9,15 ****
          current_num = arr[i]
          current_frequency = 1
  
!         for j in range(i + 1, len(arr)):
              if arr[j] == current_num:
                  current_frequency += 1
  
--- 9,15 ----
          current_num = arr[i]
          current_frequency = 1
  
!         for j in range(i + (1+1), len(arr)):
              if arr[j] == current_num:
                  current_frequency += 1
  


RUNNING mutants/myCode.mutant.20.py...
Random testing using config=Config(seed=None, timeout=120, maxTests=-1, depth=100, output='failure.5792.test', multiple=False, running=False, quickTests=False, noCover=False, verbose=False, silentFail=False, silentSUT=False, normalize=False, generalize=False, swarm=False, generateLOC=None, biasLOC=None, exploit=None, reducePool=False, Pmutate=0.0, Pcrossover=0.2, profile=False, profileProbs=False, trackStates=False, stopSaturated=False, sessions=4, postCover=False, html=None, replayable=False, total=False, noCheck=False, uncaught=False, checkDeterminism=False, determinismTries=1, determinismDelay=0, checkProcessDeterminism=False, processDetTries=1, processDetDelay=0, quickPrefix='quick', readQuick=False, localize=False, localizeTop=20, full=False, logging=None, failedLogging=None, progress=False, timedProgress=30, ddmin=False, useDependencies=False, enumerateEnabled=False, noEnumerateEnabled=False, trackUsed=False, keepLast=False, noPruneGuards=False, swarmP=0.5, computeFeatureStats=False, saveSwarmCoverage=None, highLowSwarm=None, swarmProbs=None, swarmFromTest=None, swarmSwitch=None, swarmLength=None, probs=None, equalProbs=False, LOCBaseline=0.2, LOCProbs=False, markov=None, markovP=1.0, sequencesFromTests=None, sequenceP=1.0, sequenceSize=3, useQuickSequences=False, savePool=None, readPool=None, startExploit=0.0, startExploitStall=0, verboseExploit=False, exploitCeiling=0.5, useHints=False, noCoverageExploit=False, exploitBestHint=1, internal=False, fullCoverage=None, coverFile='coverage.out', noExceptionMatch=False, throughput=False, stopWhenBranches=None, stopWhenStatements=None, stopWhenNoCoverage=None, stopTestWhenNoCoverage=None, stopTestWhenThroughputBelow=None, stopWhenHitBranch=None, stopWhenHitStatement=None, trackMaxCoverage=None, maxMustHitBranch=None, maxMustHitStatement=None, verboseActions=False, hideOpaque=False, showActions=False, noAlphaConvert=False, compareFails=False, noSwarmDependencies=False, noSwarmForceParent=False, genDepth=None, stutter=None, greedyStutter=False, essentials=False, quickAnalysis=False, uniqueValuesAnalysis=False, fastQuickAnalysis=False, speed='FAST', noReassign=False, relax=False)

HAD TO TERMINATE ANALYSIS (TIMEOUT OR EXCEPTION)
mutants/myCode.mutant.20.py KILLED IN 30.089321613311768 (RETURN CODE None)
  RUNNING SCORE: 1.0
================================================================================
#49: [396.76s 90.57% DONE]
MUTANT: mutants/myCode.mutant.51.py
*** Original
--- Mutant
***************
*** 15,20 ****
  
          if current_frequency > max_frequency:
              most_common_num = current_num
!             max_frequency = current_frequency
  
      return most_common_num--- 15,20 ----
  
          if current_frequency > max_frequency:
              most_common_num = current_num
!             min_frequency = current_frequency
  
      return most_common_num

RUNNING mutants/myCode.mutant.51.py...
Random testing using config=Config(seed=None, timeout=120, maxTests=-1, depth=100, output='failure.5914.test', multiple=False, running=False, quickTests=False, noCover=False, verbose=False, silentFail=False, silentSUT=False, normalize=False, generalize=False, swarm=False, generateLOC=None, biasLOC=None, exploit=None, reducePool=False, Pmutate=0.0, Pcrossover=0.2, profile=False, profileProbs=False, trackStates=False, stopSaturated=False, sessions=4, postCover=False, html=None, replayable=False, total=False, noCheck=False, uncaught=False, checkDeterminism=False, determinismTries=1, determinismDelay=0, checkProcessDeterminism=False, processDetTries=1, processDetDelay=0, quickPrefix='quick', readQuick=False, localize=False, localizeTop=20, full=False, logging=None, failedLogging=None, progress=False, timedProgress=30, ddmin=False, useDependencies=False, enumerateEnabled=False, noEnumerateEnabled=False, trackUsed=False, keepLast=False, noPruneGuards=False, swarmP=0.5, computeFeatureStats=False, saveSwarmCoverage=None, highLowSwarm=None, swarmProbs=None, swarmFromTest=None, swarmSwitch=None, swarmLength=None, probs=None, equalProbs=False, LOCBaseline=0.2, LOCProbs=False, markov=None, markovP=1.0, sequencesFromTests=None, sequenceP=1.0, sequenceSize=3, useQuickSequences=False, savePool=None, readPool=None, startExploit=0.0, startExploitStall=0, verboseExploit=False, exploitCeiling=0.5, useHints=False, noCoverageExploit=False, exploitBestHint=1, internal=False, fullCoverage=None, coverFile='coverage.out', noExceptionMatch=False, throughput=False, stopWhenBranches=None, stopWhenStatements=None, stopWhenNoCoverage=None, stopTestWhenNoCoverage=None, stopTestWhenThroughputBelow=None, stopWhenHitBranch=None, stopWhenHitStatement=None, trackMaxCoverage=None, maxMustHitBranch=None, maxMustHitStatement=None, verboseActions=False, hideOpaque=False, showActions=False, noAlphaConvert=False, compareFails=False, noSwarmDependencies=False, noSwarmForceParent=False, genDepth=None, stutter=None, greedyStutter=False, essentials=False, quickAnalysis=False, uniqueValuesAnalysis=False, fastQuickAnalysis=False, speed='FAST', noReassign=False, relax=False)
UNCAUGHT EXCEPTION
ERROR: (<class 'AssertionError'>, AssertionError(), <traceback object at 0x79d1599661c0>)
TRACEBACK:
  File "/content/sut.py", line 1314, in replay
    act()
  File "/content/sut.py", line 46, in act0
    check()
  File "/content/sut.py", line 25, in check
    assert find_most_common_number([1, 2, 3, 2, 4, 2, 5, 2, 6]) == 2
Original test has 1 steps
REDUCING...
check()                                                                  # STEP 0
Reduced test has 1 steps
REDUCED IN 0.0006082057952880859 SECONDS
Alpha converting test...
check()                                                                  # STEP 0

SAVING TEST AS failure.5914.test
FINAL VERSION OF TEST, WITH LOGGED REPLAY:
check()                                                                  # STEP 0
ACTION: check() 
RAISED EXCEPTION: <class 'AssertionError'> 
ERROR: (<class 'AssertionError'>, AssertionError(), <traceback object at 0x79d159b63c40>)
TRACEBACK:
  File "/content/sut.py", line 1247, in safely
    act[2]()
  File "/content/sut.py", line 46, in act0
    check()
  File "/content/sut.py", line 25, in check
    assert find_most_common_number([1, 2, 3, 2, 4, 2, 5, 2, 6]) == 2
STOPPING TESTING DUE TO FAILED TEST
84.0 PERCENT COVERED
0.030882596969604492 TOTAL RUNTIME
1 EXECUTED
1 TOTAL TEST OPERATIONS
0.0008764266967773438 TIME SPENT EXECUTING TEST OPERATIONS
1.2159347534179688e-05 TIME SPENT EVALUATING GUARDS AND CHOOSING ACTIONS
0.0 TIME SPENT CHECKING PROPERTIES
0.0008764266967773438 TOTAL TIME SPENT RUNNING SUT
0.013483524322509766 TIME SPENT RESTARTING
0.0008311271667480469 TIME SPENT REDUCING TEST CASES
17 BRANCHES COVERED
13 STATEMENTS COVERED
mutants/myCode.mutant.51.py KILLED IN 0.25369882583618164 (RETURN CODE 255)
  RUNNING SCORE: 1.0
================================================================================
#50: [397.02s 92.45% DONE]
MUTANT: mutants/myCode.mutant.5.py
*** Original
--- Mutant
***************
*** 3,9 ****
          return None
  
      most_common_num = None
!     max_frequency = 0
  
      for i in range(len(arr)):
          current_num = arr[i]
--- 3,9 ----
          return None
  
      most_common_num = None
!     min_frequency = 0
  
      for i in range(len(arr)):
          current_num = arr[i]


RUNNING mutants/myCode.mutant.5.py...
Random testing using config=Config(seed=None, timeout=120, maxTests=-1, depth=100, output='failure.5916.test', multiple=False, running=False, quickTests=False, noCover=False, verbose=False, silentFail=False, silentSUT=False, normalize=False, generalize=False, swarm=False, generateLOC=None, biasLOC=None, exploit=None, reducePool=False, Pmutate=0.0, Pcrossover=0.2, profile=False, profileProbs=False, trackStates=False, stopSaturated=False, sessions=4, postCover=False, html=None, replayable=False, total=False, noCheck=False, uncaught=False, checkDeterminism=False, determinismTries=1, determinismDelay=0, checkProcessDeterminism=False, processDetTries=1, processDetDelay=0, quickPrefix='quick', readQuick=False, localize=False, localizeTop=20, full=False, logging=None, failedLogging=None, progress=False, timedProgress=30, ddmin=False, useDependencies=False, enumerateEnabled=False, noEnumerateEnabled=False, trackUsed=False, keepLast=False, noPruneGuards=False, swarmP=0.5, computeFeatureStats=False, saveSwarmCoverage=None, highLowSwarm=None, swarmProbs=None, swarmFromTest=None, swarmSwitch=None, swarmLength=None, probs=None, equalProbs=False, LOCBaseline=0.2, LOCProbs=False, markov=None, markovP=1.0, sequencesFromTests=None, sequenceP=1.0, sequenceSize=3, useQuickSequences=False, savePool=None, readPool=None, startExploit=0.0, startExploitStall=0, verboseExploit=False, exploitCeiling=0.5, useHints=False, noCoverageExploit=False, exploitBestHint=1, internal=False, fullCoverage=None, coverFile='coverage.out', noExceptionMatch=False, throughput=False, stopWhenBranches=None, stopWhenStatements=None, stopWhenNoCoverage=None, stopTestWhenNoCoverage=None, stopTestWhenThroughputBelow=None, stopWhenHitBranch=None, stopWhenHitStatement=None, trackMaxCoverage=None, maxMustHitBranch=None, maxMustHitStatement=None, verboseActions=False, hideOpaque=False, showActions=False, noAlphaConvert=False, compareFails=False, noSwarmDependencies=False, noSwarmForceParent=False, genDepth=None, stutter=None, greedyStutter=False, essentials=False, quickAnalysis=False, uniqueValuesAnalysis=False, fastQuickAnalysis=False, speed='FAST', noReassign=False, relax=False)
UNCAUGHT EXCEPTION
ERROR: (<class 'UnboundLocalError'>, UnboundLocalError("local variable 'max_frequency' referenced before assignment"), <traceback object at 0x79e94eed5f00>)
TRACEBACK:
  File "/content/sut.py", line 1314, in replay
    act()
  File "/content/sut.py", line 46, in act0
    check()
  File "/content/sut.py", line 25, in check
    assert find_most_common_number([1, 2, 3, 2, 4, 2, 5, 2, 6]) == 2
  File "/content/myCode.py", line 16, in find_most_common_number
    if current_frequency > max_frequency:
Original test has 1 steps
REDUCING...
check()                                                                  # STEP 0
Reduced test has 1 steps
REDUCED IN 0.0004813671112060547 SECONDS
Alpha converting test...
check()                                                                  # STEP 0

SAVING TEST AS failure.5916.test
FINAL VERSION OF TEST, WITH LOGGED REPLAY:
check()                                                                  # STEP 0
ACTION: check() 
RAISED EXCEPTION: <class 'UnboundLocalError'> local variable 'max_frequency' referenced before assignment
ERROR: (<class 'UnboundLocalError'>, UnboundLocalError("local variable 'max_frequency' referenced before assignment"), <traceback object at 0x79e94eed6f00>)
TRACEBACK:
  File "/content/sut.py", line 1247, in safely
    act[2]()
  File "/content/sut.py", line 46, in act0
    check()
  File "/content/sut.py", line 25, in check
    assert find_most_common_number([1, 2, 3, 2, 4, 2, 5, 2, 6]) == 2
  File "/content/myCode.py", line 16, in find_most_common_number
    if current_frequency > max_frequency:
STOPPING TESTING DUE TO FAILED TEST
56.0 PERCENT COVERED
0.028231143951416016 TOTAL RUNTIME
1 EXECUTED
1 TOTAL TEST OPERATIONS
0.0006694793701171875 TIME SPENT EXECUTING TEST OPERATIONS
1.0728836059570312e-05 TIME SPENT EVALUATING GUARDS AND CHOOSING ACTIONS
0.0 TIME SPENT CHECKING PROPERTIES
0.0006694793701171875 TOTAL TIME SPENT RUNNING SUT
0.013027429580688477 TIME SPENT RESTARTING
0.0007176399230957031 TIME SPENT REDUCING TEST CASES
11 BRANCHES COVERED
9 STATEMENTS COVERED
mutants/myCode.mutant.5.py KILLED IN 0.20294880867004395 (RETURN CODE 255)
  RUNNING SCORE: 1.0
================================================================================
#51: [397.22s 94.34% DONE]
MUTANT: mutants/myCode.mutant.11.py
*** Original
--- Mutant
***************
*** 7,13 ****
  
      for i in range(len(arr)):
          current_num = arr[i]
!         current_frequency = 1
  
          for j in range(i + 1, len(arr)):
              if arr[j] == current_num:
--- 7,13 ----
  
      for i in range(len(arr)):
          current_num = arr[i]
!         current_frequency = -1
  
          for j in range(i + 1, len(arr)):
              if arr[j] == current_num:


RUNNING mutants/myCode.mutant.11.py...
Random testing using config=Config(seed=None, timeout=120, maxTests=-1, depth=100, output='failure.5918.test', multiple=False, running=False, quickTests=False, noCover=False, verbose=False, silentFail=False, silentSUT=False, normalize=False, generalize=False, swarm=False, generateLOC=None, biasLOC=None, exploit=None, reducePool=False, Pmutate=0.0, Pcrossover=0.2, profile=False, profileProbs=False, trackStates=False, stopSaturated=False, sessions=4, postCover=False, html=None, replayable=False, total=False, noCheck=False, uncaught=False, checkDeterminism=False, determinismTries=1, determinismDelay=0, checkProcessDeterminism=False, processDetTries=1, processDetDelay=0, quickPrefix='quick', readQuick=False, localize=False, localizeTop=20, full=False, logging=None, failedLogging=None, progress=False, timedProgress=30, ddmin=False, useDependencies=False, enumerateEnabled=False, noEnumerateEnabled=False, trackUsed=False, keepLast=False, noPruneGuards=False, swarmP=0.5, computeFeatureStats=False, saveSwarmCoverage=None, highLowSwarm=None, swarmProbs=None, swarmFromTest=None, swarmSwitch=None, swarmLength=None, probs=None, equalProbs=False, LOCBaseline=0.2, LOCProbs=False, markov=None, markovP=1.0, sequencesFromTests=None, sequenceP=1.0, sequenceSize=3, useQuickSequences=False, savePool=None, readPool=None, startExploit=0.0, startExploitStall=0, verboseExploit=False, exploitCeiling=0.5, useHints=False, noCoverageExploit=False, exploitBestHint=1, internal=False, fullCoverage=None, coverFile='coverage.out', noExceptionMatch=False, throughput=False, stopWhenBranches=None, stopWhenStatements=None, stopWhenNoCoverage=None, stopTestWhenNoCoverage=None, stopTestWhenThroughputBelow=None, stopWhenHitBranch=None, stopWhenHitStatement=None, trackMaxCoverage=None, maxMustHitBranch=None, maxMustHitStatement=None, verboseActions=False, hideOpaque=False, showActions=False, noAlphaConvert=False, compareFails=False, noSwarmDependencies=False, noSwarmForceParent=False, genDepth=None, stutter=None, greedyStutter=False, essentials=False, quickAnalysis=False, uniqueValuesAnalysis=False, fastQuickAnalysis=False, speed='FAST', noReassign=False, relax=False)
UNCAUGHT EXCEPTION
ERROR: (<class 'AssertionError'>, AssertionError(), <traceback object at 0x7d8fcf8d5f80>)
TRACEBACK:
  File "/content/sut.py", line 1314, in replay
    act()
  File "/content/sut.py", line 46, in act0
    check()
  File "/content/sut.py", line 26, in check
    assert find_most_common_number([7]) == 7
Original test has 1 steps
REDUCING...
check()                                                                  # STEP 0
Reduced test has 1 steps
REDUCED IN 0.0005612373352050781 SECONDS
Alpha converting test...
check()                                                                  # STEP 0

SAVING TEST AS failure.5918.test
FINAL VERSION OF TEST, WITH LOGGED REPLAY:
check()                                                                  # STEP 0
ACTION: check() 
RAISED EXCEPTION: <class 'AssertionError'> 
ERROR: (<class 'AssertionError'>, AssertionError(), <traceback object at 0x7d8fcf8d6c40>)
TRACEBACK:
  File "/content/sut.py", line 1247, in safely
    act[2]()
  File "/content/sut.py", line 46, in act0
    check()
  File "/content/sut.py", line 26, in check
    assert find_most_common_number([7]) == 7
STOPPING TESTING DUE TO FAILED TEST
88.0 PERCENT COVERED
0.02840566635131836 TOTAL RUNTIME
1 EXECUTED
1 TOTAL TEST OPERATIONS
0.0008130073547363281 TIME SPENT EXECUTING TEST OPERATIONS
1.0251998901367188e-05 TIME SPENT EVALUATING GUARDS AND CHOOSING ACTIONS
0.0 TIME SPENT CHECKING PROPERTIES
0.0008130073547363281 TOTAL TIME SPENT RUNNING SUT
0.013326406478881836 TIME SPENT RESTARTING
0.000782012939453125 TIME SPENT REDUCING TEST CASES
18 BRANCHES COVERED
13 STATEMENTS COVERED
mutants/myCode.mutant.11.py KILLED IN 0.2029893398284912 (RETURN CODE 255)
  RUNNING SCORE: 1.0
================================================================================
#52: [397.43s 96.23% DONE]
MUTANT: mutants/myCode.mutant.41.py
*** Original
--- Mutant
***************
*** 13,19 ****
              if arr[j] == current_num:
                  current_frequency += 1
  
!         if current_frequency > max_frequency:
              most_common_num = current_num
              max_frequency = current_frequency
  
--- 13,19 ----
              if arr[j] == current_num:
                  current_frequency += 1
  
!         if current_frequency >= max_frequency:
              most_common_num = current_num
              max_frequency = current_frequency
  


RUNNING mutants/myCode.mutant.41.py...
Random testing using config=Config(seed=None, timeout=120, maxTests=-1, depth=100, output='failure.5924.test', multiple=False, running=False, quickTests=False, noCover=False, verbose=False, silentFail=False, silentSUT=False, normalize=False, generalize=False, swarm=False, generateLOC=None, biasLOC=None, exploit=None, reducePool=False, Pmutate=0.0, Pcrossover=0.2, profile=False, profileProbs=False, trackStates=False, stopSaturated=False, sessions=4, postCover=False, html=None, replayable=False, total=False, noCheck=False, uncaught=False, checkDeterminism=False, determinismTries=1, determinismDelay=0, checkProcessDeterminism=False, processDetTries=1, processDetDelay=0, quickPrefix='quick', readQuick=False, localize=False, localizeTop=20, full=False, logging=None, failedLogging=None, progress=False, timedProgress=30, ddmin=False, useDependencies=False, enumerateEnabled=False, noEnumerateEnabled=False, trackUsed=False, keepLast=False, noPruneGuards=False, swarmP=0.5, computeFeatureStats=False, saveSwarmCoverage=None, highLowSwarm=None, swarmProbs=None, swarmFromTest=None, swarmSwitch=None, swarmLength=None, probs=None, equalProbs=False, LOCBaseline=0.2, LOCProbs=False, markov=None, markovP=1.0, sequencesFromTests=None, sequenceP=1.0, sequenceSize=3, useQuickSequences=False, savePool=None, readPool=None, startExploit=0.0, startExploitStall=0, verboseExploit=False, exploitCeiling=0.5, useHints=False, noCoverageExploit=False, exploitBestHint=1, internal=False, fullCoverage=None, coverFile='coverage.out', noExceptionMatch=False, throughput=False, stopWhenBranches=None, stopWhenStatements=None, stopWhenNoCoverage=None, stopTestWhenNoCoverage=None, stopTestWhenThroughputBelow=None, stopWhenHitBranch=None, stopWhenHitStatement=None, trackMaxCoverage=None, maxMustHitBranch=None, maxMustHitStatement=None, verboseActions=False, hideOpaque=False, showActions=False, noAlphaConvert=False, compareFails=False, noSwarmDependencies=False, noSwarmForceParent=False, genDepth=None, stutter=None, greedyStutter=False, essentials=False, quickAnalysis=False, uniqueValuesAnalysis=False, fastQuickAnalysis=False, speed='FAST', noReassign=False, relax=False)
UNCAUGHT EXCEPTION
ERROR: (<class 'AssertionError'>, AssertionError(), <traceback object at 0x7c40d6e1e440>)
TRACEBACK:
  File "/content/sut.py", line 1314, in replay
    act()
  File "/content/sut.py", line 46, in act0
    check()
  File "/content/sut.py", line 28, in check
    assert find_most_common_number([1, 2, 3, 2, 4, 3, 5, 4, 6]) == 2
Original test has 1 steps
REDUCING...
check()                                                                  # STEP 0
Reduced test has 1 steps
REDUCED IN 0.0006566047668457031 SECONDS
Alpha converting test...
check()                                                                  # STEP 0

SAVING TEST AS failure.5924.test
FINAL VERSION OF TEST, WITH LOGGED REPLAY:
check()                                                                  # STEP 0
ACTION: check() 
RAISED EXCEPTION: <class 'AssertionError'> 
ERROR: (<class 'AssertionError'>, AssertionError(), <traceback object at 0x7c40d6e1f100>)
TRACEBACK:
  File "/content/sut.py", line 1247, in safely
    act[2]()
  File "/content/sut.py", line 46, in act0
    check()
  File "/content/sut.py", line 28, in check
    assert find_most_common_number([1, 2, 3, 2, 4, 3, 5, 4, 6]) == 2
STOPPING TESTING DUE TO FAILED TEST
96.0 PERCENT COVERED
0.045204877853393555 TOTAL RUNTIME
1 EXECUTED
1 TOTAL TEST OPERATIONS
0.0008838176727294922 TIME SPENT EXECUTING TEST OPERATIONS
1.2159347534179688e-05 TIME SPENT EVALUATING GUARDS AND CHOOSING ACTIONS
0.0 TIME SPENT CHECKING PROPERTIES
0.0008838176727294922 TOTAL TIME SPENT RUNNING SUT
0.02267909049987793 TIME SPENT RESTARTING
0.0008788108825683594 TIME SPENT REDUCING TEST CASES
20 BRANCHES COVERED
14 STATEMENTS COVERED
mutants/myCode.mutant.41.py KILLED IN 0.2543494701385498 (RETURN CODE 255)
  RUNNING SCORE: 1.0
================================================================================
#53: [397.69s 98.11% DONE]
MUTANT: mutants/myCode.mutant.33.py
*** Original
--- Mutant
***************
*** 11,17 ****
  
          for j in range(i + 1, len(arr)):
              if arr[j] == current_num:
!                 current_frequency += 1
  
          if current_frequency > max_frequency:
              most_common_num = current_num
--- 11,17 ----
  
          for j in range(i + 1, len(arr)):
              if arr[j] == current_num:
!                 current_frequency += 0
  
          if current_frequency > max_frequency:
              most_common_num = current_num


RUNNING mutants/myCode.mutant.33.py...
Random testing using config=Config(seed=None, timeout=120, maxTests=-1, depth=100, output='failure.5926.test', multiple=False, running=False, quickTests=False, noCover=False, verbose=False, silentFail=False, silentSUT=False, normalize=False, generalize=False, swarm=False, generateLOC=None, biasLOC=None, exploit=None, reducePool=False, Pmutate=0.0, Pcrossover=0.2, profile=False, profileProbs=False, trackStates=False, stopSaturated=False, sessions=4, postCover=False, html=None, replayable=False, total=False, noCheck=False, uncaught=False, checkDeterminism=False, determinismTries=1, determinismDelay=0, checkProcessDeterminism=False, processDetTries=1, processDetDelay=0, quickPrefix='quick', readQuick=False, localize=False, localizeTop=20, full=False, logging=None, failedLogging=None, progress=False, timedProgress=30, ddmin=False, useDependencies=False, enumerateEnabled=False, noEnumerateEnabled=False, trackUsed=False, keepLast=False, noPruneGuards=False, swarmP=0.5, computeFeatureStats=False, saveSwarmCoverage=None, highLowSwarm=None, swarmProbs=None, swarmFromTest=None, swarmSwitch=None, swarmLength=None, probs=None, equalProbs=False, LOCBaseline=0.2, LOCProbs=False, markov=None, markovP=1.0, sequencesFromTests=None, sequenceP=1.0, sequenceSize=3, useQuickSequences=False, savePool=None, readPool=None, startExploit=0.0, startExploitStall=0, verboseExploit=False, exploitCeiling=0.5, useHints=False, noCoverageExploit=False, exploitBestHint=1, internal=False, fullCoverage=None, coverFile='coverage.out', noExceptionMatch=False, throughput=False, stopWhenBranches=None, stopWhenStatements=None, stopWhenNoCoverage=None, stopTestWhenNoCoverage=None, stopTestWhenThroughputBelow=None, stopWhenHitBranch=None, stopWhenHitStatement=None, trackMaxCoverage=None, maxMustHitBranch=None, maxMustHitStatement=None, verboseActions=False, hideOpaque=False, showActions=False, noAlphaConvert=False, compareFails=False, noSwarmDependencies=False, noSwarmForceParent=False, genDepth=None, stutter=None, greedyStutter=False, essentials=False, quickAnalysis=False, uniqueValuesAnalysis=False, fastQuickAnalysis=False, speed='FAST', noReassign=False, relax=False)
UNCAUGHT EXCEPTION
ERROR: (<class 'AssertionError'>, AssertionError(), <traceback object at 0x7d4ad7e0e0c0>)
TRACEBACK:
  File "/content/sut.py", line 1314, in replay
    act()
  File "/content/sut.py", line 46, in act0
    check()
  File "/content/sut.py", line 25, in check
    assert find_most_common_number([1, 2, 3, 2, 4, 2, 5, 2, 6]) == 2
Original test has 1 steps
REDUCING...
check()                                                                  # STEP 0
Reduced test has 1 steps
REDUCED IN 0.0006511211395263672 SECONDS
Alpha converting test...
check()                                                                  # STEP 0

SAVING TEST AS failure.5926.test
FINAL VERSION OF TEST, WITH LOGGED REPLAY:
check()                                                                  # STEP 0
ACTION: check() 
RAISED EXCEPTION: <class 'AssertionError'> 
ERROR: (<class 'AssertionError'>, AssertionError(), <traceback object at 0x7d4ad849af00>)
TRACEBACK:
  File "/content/sut.py", line 1247, in safely
    act[2]()
  File "/content/sut.py", line 46, in act0
    check()
  File "/content/sut.py", line 25, in check
    assert find_most_common_number([1, 2, 3, 2, 4, 2, 5, 2, 6]) == 2
STOPPING TESTING DUE TO FAILED TEST
88.0 PERCENT COVERED
0.030110597610473633 TOTAL RUNTIME
1 EXECUTED
1 TOTAL TEST OPERATIONS
0.0007617473602294922 TIME SPENT EXECUTING TEST OPERATIONS
1.0013580322265625e-05 TIME SPENT EVALUATING GUARDS AND CHOOSING ACTIONS
0.0 TIME SPENT CHECKING PROPERTIES
0.0007617473602294922 TOTAL TIME SPENT RUNNING SUT
0.0130767822265625 TIME SPENT RESTARTING
0.0008876323699951172 TIME SPENT REDUCING TEST CASES
18 BRANCHES COVERED
13 STATEMENTS COVERED
mutants/myCode.mutant.33.py KILLED IN 0.2043769359588623 (RETURN CODE 255)
  RUNNING SCORE: 1.0
================================================================================
MUTATION SCORE: 1.0
